[ 2017-05-27T09:18:03+08:00 ] 127.0.0.1 /crop/upload/time/379875.jpg
INFO: [ app_init ] --START--
INFO: Run Behavior\BuildLiteBehavior [ RunTime:0.000004s ]
INFO: [ app_init ] --END-- [ RunTime:0.000028s ]
ERR: 无法加载模块:Crop

[ 2017-05-27T09:18:03+08:00 ] 127.0.0.1 /crop/upload/time/901668.jpg
INFO: [ app_init ] --START--
INFO: Run Behavior\BuildLiteBehavior [ RunTime:0.000003s ]
INFO: [ app_init ] --END-- [ RunTime:0.000020s ]
ERR: 无法加载模块:Crop

[ 2017-05-27T09:18:03+08:00 ] 127.0.0.1 /crop/upload/time/379875.jpg
INFO: [ app_init ] --START--
INFO: Run Behavior\BuildLiteBehavior [ RunTime:0.000004s ]
INFO: [ app_init ] --END-- [ RunTime:0.000023s ]
ERR: 无法加载模块:Crop

[ 2017-05-27T09:18:03+08:00 ] 127.0.0.1 /crop/upload/time/901668.jpg
INFO: [ app_init ] --START--
INFO: Run Behavior\BuildLiteBehavior [ RunTime:0.000003s ]
INFO: [ app_init ] --END-- [ RunTime:0.000018s ]
ERR: 无法加载模块:Crop

[ 2017-05-27T09:24:51+08:00 ] 127.0.0.1 /crop/upload/time/901668.jpg
INFO: [ app_init ] --START--
INFO: Run Behavior\BuildLiteBehavior [ RunTime:0.000004s ]
INFO: [ app_init ] --END-- [ RunTime:0.000028s ]
ERR: 无法加载模块:Crop

[ 2017-05-27T09:24:51+08:00 ] 127.0.0.1 /crop/upload/time/379875.jpg
INFO: [ app_init ] --START--
INFO: Run Behavior\BuildLiteBehavior [ RunTime:0.000005s ]
INFO: [ app_init ] --END-- [ RunTime:0.000034s ]
ERR: 无法加载模块:Crop

[ 2017-05-27T09:24:52+08:00 ] 127.0.0.1 /crop/upload/time/901668.jpg
INFO: [ app_init ] --START--
INFO: Run Behavior\BuildLiteBehavior [ RunTime:0.000006s ]
INFO: [ app_init ] --END-- [ RunTime:0.000034s ]
ERR: 无法加载模块:Crop

[ 2017-05-27T09:24:52+08:00 ] 127.0.0.1 /crop/upload/time/379875.jpg
INFO: [ app_init ] --START--
INFO: Run Behavior\BuildLiteBehavior [ RunTime:0.000003s ]
INFO: [ app_init ] --END-- [ RunTime:0.000025s ]
ERR: 无法加载模块:Crop

[ 2017-05-27T09:24:54+08:00 ] 127.0.0.1 /crop/upload/time/901668.jpg
INFO: [ app_init ] --START--
INFO: Run Behavior\BuildLiteBehavior [ RunTime:0.000004s ]
INFO: [ app_init ] --END-- [ RunTime:0.000030s ]
ERR: 无法加载模块:Crop

[ 2017-05-27T09:24:54+08:00 ] 127.0.0.1 /crop/upload/time/379875.jpg
INFO: [ app_init ] --START--
INFO: Run Behavior\BuildLiteBehavior [ RunTime:0.000004s ]
INFO: [ app_init ] --END-- [ RunTime:0.000027s ]
ERR: 无法加载模块:Crop

[ 2017-05-27T09:24:54+08:00 ] 127.0.0.1 /crop/upload/time/901668.jpg
INFO: [ app_init ] --START--
INFO: Run Behavior\BuildLiteBehavior [ RunTime:0.000004s ]
INFO: [ app_init ] --END-- [ RunTime:0.000031s ]
ERR: 无法加载模块:Crop

[ 2017-05-27T09:24:54+08:00 ] 127.0.0.1 /crop/upload/time/379875.jpg
INFO: [ app_init ] --START--
INFO: Run Behavior\BuildLiteBehavior [ RunTime:0.000003s ]
INFO: [ app_init ] --END-- [ RunTime:0.000024s ]
ERR: 无法加载模块:Crop

[ 2017-05-27T09:24:55+08:00 ] 127.0.0.1 /crop/upload/time/379875.jpg
INFO: [ app_init ] --START--
INFO: Run Behavior\BuildLiteBehavior [ RunTime:0.000005s ]
INFO: [ app_init ] --END-- [ RunTime:0.000035s ]
ERR: 无法加载模块:Crop

[ 2017-05-27T09:24:55+08:00 ] 127.0.0.1 /crop/upload/time/901668.jpg
INFO: [ app_init ] --START--
INFO: Run Behavior\BuildLiteBehavior [ RunTime:0.000004s ]
INFO: [ app_init ] --END-- [ RunTime:0.000027s ]
ERR: 无法加载模块:Crop

[ 2017-05-27T09:28:11+08:00 ] 127.0.0.1 /crop/upload/time/901668.jpg
INFO: [ app_init ] --START--
INFO: Run Behavior\BuildLiteBehavior [ RunTime:0.000004s ]
INFO: [ app_init ] --END-- [ RunTime:0.000025s ]
ERR: 无法加载模块:Crop

[ 2017-05-27T09:28:11+08:00 ] 127.0.0.1 /crop/upload/time/379875.jpg
INFO: [ app_init ] --START--
INFO: Run Behavior\BuildLiteBehavior [ RunTime:0.000003s ]
INFO: [ app_init ] --END-- [ RunTime:0.000017s ]
ERR: 无法加载模块:Crop

[ 2017-05-27T09:28:14+08:00 ] 127.0.0.1 /crop/upload/time/901668.jpg
INFO: [ app_init ] --START--
INFO: Run Behavior\BuildLiteBehavior [ RunTime:0.000003s ]
INFO: [ app_init ] --END-- [ RunTime:0.000025s ]
ERR: 无法加载模块:Crop

[ 2017-05-27T09:28:14+08:00 ] 127.0.0.1 /crop/upload/time/379875.jpg
INFO: [ app_init ] --START--
INFO: Run Behavior\BuildLiteBehavior [ RunTime:0.000003s ]
INFO: [ app_init ] --END-- [ RunTime:0.000019s ]
ERR: 无法加载模块:Crop

[ 2017-05-27T09:42:14+08:00 ] 127.0.0.1 /Public/Admin/js/XHRUploader.class.js
INFO: [ app_init ] --START--
INFO: Run Behavior\BuildLiteBehavior [ RunTime:0.000004s ]
INFO: [ app_init ] --END-- [ RunTime:0.000031s ]
ERR: 无法加载模块:Public

[ 2017-05-27T09:42:14+08:00 ] 127.0.0.1 /Public/Admin/js/Ajax.class.js
INFO: [ app_init ] --START--
INFO: Run Behavior\BuildLiteBehavior [ RunTime:0.000004s ]
INFO: [ app_init ] --END-- [ RunTime:0.000031s ]
ERR: 无法加载模块:Public

[ 2017-05-27T09:42:14+08:00 ] 127.0.0.1 /crop/upload/time/901668.jpg
INFO: [ app_init ] --START--
INFO: Run Behavior\BuildLiteBehavior [ RunTime:0.000004s ]
INFO: [ app_init ] --END-- [ RunTime:0.000023s ]
ERR: 无法加载模块:Crop

[ 2017-05-27T09:42:14+08:00 ] 127.0.0.1 /crop/upload/time/379875.jpg
INFO: [ app_init ] --START--
INFO: Run Behavior\BuildLiteBehavior [ RunTime:0.000004s ]
INFO: [ app_init ] --END-- [ RunTime:0.000025s ]
ERR: 无法加载模块:Crop

[ 2017-05-27T09:42:14+08:00 ] 127.0.0.1 /Public/Admin/js/jquery.Jcrop.js
INFO: [ app_init ] --START--
INFO: Run Behavior\BuildLiteBehavior [ RunTime:0.000004s ]
INFO: [ app_init ] --END-- [ RunTime:0.000025s ]
ERR: 无法加载模块:Public

[ 2017-05-27T09:42:14+08:00 ] 127.0.0.1 /Public/Admin/js/Ajax.class.js
INFO: [ app_init ] --START--
INFO: Run Behavior\BuildLiteBehavior [ RunTime:0.000004s ]
INFO: [ app_init ] --END-- [ RunTime:0.000026s ]
ERR: 无法加载模块:Public

[ 2017-05-27T09:42:14+08:00 ] 127.0.0.1 /Public/Admin/js/XHRUploader.class.js
INFO: [ app_init ] --START--
INFO: Run Behavior\BuildLiteBehavior [ RunTime:0.000004s ]
INFO: [ app_init ] --END-- [ RunTime:0.000024s ]
ERR: 无法加载模块:Public

[ 2017-05-27T09:42:14+08:00 ] 127.0.0.1 /crop/upload/time/379875.jpg
INFO: [ app_init ] --START--
INFO: Run Behavior\BuildLiteBehavior [ RunTime:0.000004s ]
INFO: [ app_init ] --END-- [ RunTime:0.000024s ]
ERR: 无法加载模块:Crop

[ 2017-05-27T09:42:14+08:00 ] 127.0.0.1 /crop/upload/time/901668.jpg
INFO: [ app_init ] --START--
INFO: Run Behavior\BuildLiteBehavior [ RunTime:0.000003s ]
INFO: [ app_init ] --END-- [ RunTime:0.000019s ]
ERR: 无法加载模块:Crop

[ 2017-05-27T09:44:45+08:00 ] 127.0.0.1 /Public/Admin/js/jquery.Jcrop.js
INFO: [ app_init ] --START--
INFO: Run Behavior\BuildLiteBehavior [ RunTime:0.000005s ]
INFO: [ app_init ] --END-- [ RunTime:0.000031s ]
ERR: 无法加载模块:Public

[ 2017-05-27T09:44:45+08:00 ] 127.0.0.1 /Public/Admin/js/XHRUploader.class.js
INFO: [ app_init ] --START--
INFO: Run Behavior\BuildLiteBehavior [ RunTime:0.000003s ]
INFO: [ app_init ] --END-- [ RunTime:0.000020s ]
ERR: 无法加载模块:Public

[ 2017-05-27T09:44:45+08:00 ] 127.0.0.1 /crop/upload/time/901668.jpg
INFO: [ app_init ] --START--
INFO: Run Behavior\BuildLiteBehavior [ RunTime:0.000003s ]
INFO: [ app_init ] --END-- [ RunTime:0.000019s ]
ERR: 无法加载模块:Crop

[ 2017-05-27T09:44:45+08:00 ] 127.0.0.1 /crop/upload/time/379875.jpg
INFO: [ app_init ] --START--
INFO: Run Behavior\BuildLiteBehavior [ RunTime:0.000003s ]
INFO: [ app_init ] --END-- [ RunTime:0.000019s ]
ERR: 无法加载模块:Crop

[ 2017-05-27T09:44:45+08:00 ] 127.0.0.1 /Public/Admin/js/Ajax.class.js
INFO: [ app_init ] --START--
INFO: Run Behavior\BuildLiteBehavior [ RunTime:0.000003s ]
INFO: [ app_init ] --END-- [ RunTime:0.000019s ]
ERR: 无法加载模块:Public

[ 2017-05-27T09:44:45+08:00 ] 127.0.0.1 /Public/Admin/js/XHRUploader.class.js
INFO: [ app_init ] --START--
INFO: Run Behavior\BuildLiteBehavior [ RunTime:0.000004s ]
INFO: [ app_init ] --END-- [ RunTime:0.000024s ]
ERR: 无法加载模块:Public

[ 2017-05-27T09:44:45+08:00 ] 127.0.0.1 /crop/upload/time/901668.jpg
INFO: [ app_init ] --START--
INFO: Run Behavior\BuildLiteBehavior [ RunTime:0.000004s ]
INFO: [ app_init ] --END-- [ RunTime:0.000026s ]
ERR: 无法加载模块:Crop

[ 2017-05-27T09:44:45+08:00 ] 127.0.0.1 /crop/upload/time/379875.jpg
INFO: [ app_init ] --START--
INFO: Run Behavior\BuildLiteBehavior [ RunTime:0.000003s ]
INFO: [ app_init ] --END-- [ RunTime:0.000020s ]
ERR: 无法加载模块:Crop

[ 2017-05-27T09:45:50+08:00 ] 127.0.0.1 /crop/upload/time/901668.jpg
INFO: [ app_init ] --START--
INFO: Run Behavior\BuildLiteBehavior [ RunTime:0.000006s ]
INFO: [ app_init ] --END-- [ RunTime:0.000036s ]
ERR: 无法加载模块:Crop

[ 2017-05-27T09:45:50+08:00 ] 127.0.0.1 /crop/upload/time/379875.jpg
INFO: [ app_init ] --START--
INFO: Run Behavior\BuildLiteBehavior [ RunTime:0.000006s ]
INFO: [ app_init ] --END-- [ RunTime:0.000040s ]
ERR: 无法加载模块:Crop

[ 2017-05-27T09:45:50+08:00 ] 127.0.0.1 /crop/upload/time/901668.jpg
INFO: [ app_init ] --START--
INFO: Run Behavior\BuildLiteBehavior [ RunTime:0.000005s ]
INFO: [ app_init ] --END-- [ RunTime:0.000027s ]
ERR: 无法加载模块:Crop

[ 2017-05-27T09:45:50+08:00 ] 127.0.0.1 /crop/upload/time/379875.jpg
INFO: [ app_init ] --START--
INFO: Run Behavior\BuildLiteBehavior [ RunTime:0.000004s ]
INFO: [ app_init ] --END-- [ RunTime:0.000023s ]
ERR: 无法加载模块:Crop

[ 2017-05-27T09:47:42+08:00 ] 127.0.0.1 /crop/upload/time/901668.jpg
INFO: [ app_init ] --START--
INFO: Run Behavior\BuildLiteBehavior [ RunTime:0.000003s ]
INFO: [ app_init ] --END-- [ RunTime:0.000024s ]
ERR: 无法加载模块:Crop

[ 2017-05-27T09:47:42+08:00 ] 127.0.0.1 /crop/upload/time/379875.jpg
INFO: [ app_init ] --START--
INFO: Run Behavior\BuildLiteBehavior [ RunTime:0.000004s ]
INFO: [ app_init ] --END-- [ RunTime:0.000051s ]
ERR: 无法加载模块:Crop

[ 2017-05-27T09:49:57+08:00 ] 127.0.0.1 /crop/upload/time/901668.jpg
INFO: [ app_init ] --START--
INFO: Run Behavior\BuildLiteBehavior [ RunTime:0.000003s ]
INFO: [ app_init ] --END-- [ RunTime:0.000025s ]
ERR: 无法加载模块:Crop

[ 2017-05-27T09:49:57+08:00 ] 127.0.0.1 /crop/upload/time/379875.jpg
INFO: [ app_init ] --START--
INFO: Run Behavior\BuildLiteBehavior [ RunTime:0.000003s ]
INFO: [ app_init ] --END-- [ RunTime:0.000018s ]
ERR: 无法加载模块:Crop

[ 2017-05-27T09:51:51+08:00 ] 127.0.0.1 /crop/upload/time/901668.jpg
INFO: [ app_init ] --START--
INFO: Run Behavior\BuildLiteBehavior [ RunTime:0.000004s ]
INFO: [ app_init ] --END-- [ RunTime:0.000028s ]
ERR: 无法加载模块:Crop

[ 2017-05-27T09:51:51+08:00 ] 127.0.0.1 /crop/upload/time/379875.jpg
INFO: [ app_init ] --START--
INFO: Run Behavior\BuildLiteBehavior [ RunTime:0.000005s ]
INFO: [ app_init ] --END-- [ RunTime:0.000036s ]
ERR: 无法加载模块:Crop

[ 2017-05-27T09:52:18+08:00 ] 127.0.0.1 /crop/upload/time/901668.jpg
INFO: [ app_init ] --START--
INFO: Run Behavior\BuildLiteBehavior [ RunTime:0.000005s ]
INFO: [ app_init ] --END-- [ RunTime:0.000033s ]
ERR: 无法加载模块:Crop

[ 2017-05-27T09:52:18+08:00 ] 127.0.0.1 /crop/upload/time/379875.jpg
INFO: [ app_init ] --START--
INFO: Run Behavior\BuildLiteBehavior [ RunTime:0.000005s ]
INFO: [ app_init ] --END-- [ RunTime:0.000030s ]
ERR: 无法加载模块:Crop

