[ 2017-05-18T09:05:14+08:00 ] 127.0.0.1 /favicon.ico
INFO: [ app_init ] --START--
INFO: Run Behavior\BuildLiteBehavior [ RunTime:0.000020s ]
INFO: [ app_init ] --END-- [ RunTime:0.000146s ]
ERR: 无法加载模块:Favicon

[ 2017-05-18T09:05:29+08:00 ] 127.0.0.1 /Public/Uploads/2017-05-12/591575c6c90b0.jpg
INFO: [ app_init ] --START--
INFO: Run Behavior\BuildLiteBehavior [ RunTime:0.000021s ]
INFO: [ app_init ] --END-- [ RunTime:0.000132s ]
ERR: 无法加载模块:Public

[ 2017-05-18T09:15:51+08:00 ] 127.0.0.1 /Public/Uploads/2017-03-29/58db170ad9b9a.jpg
INFO: [ app_init ] --START--
INFO: Run Behavior\BuildLiteBehavior [ RunTime:0.000027s ]
INFO: [ app_init ] --END-- [ RunTime:0.000183s ]
ERR: 无法加载模块:Public

[ 2017-05-18T09:15:53+08:00 ] 127.0.0.1 /Public/Uploads/2017-03-29/58db170ad9b9a.jpg
INFO: [ app_init ] --START--
INFO: Run Behavior\BuildLiteBehavior [ RunTime:0.000025s ]
INFO: [ app_init ] --END-- [ RunTime:0.000161s ]
ERR: 无法加载模块:Public

[ 2017-05-18T09:18:47+08:00 ] 127.0.0.1 /Public/Uploads/2017-03-29/58db170ad9b9a.jpg
INFO: [ app_init ] --START--
INFO: Run Behavior\BuildLiteBehavior [ RunTime:0.000020s ]
INFO: [ app_init ] --END-- [ RunTime:0.000138s ]
ERR: 无法加载模块:Public

[ 2017-05-18T09:18:49+08:00 ] 127.0.0.1 /Public/Uploads/2017-03-29/58db170ad9b9a.jpg
INFO: [ app_init ] --START--
INFO: Run Behavior\BuildLiteBehavior [ RunTime:0.000020s ]
INFO: [ app_init ] --END-- [ RunTime:0.000158s ]
ERR: 无法加载模块:Public

[ 2017-05-18T09:20:54+08:00 ] 127.0.0.1 /Public/Uploads/2017-05-12/591575c6c90b0.jpg
INFO: [ app_init ] --START--
INFO: Run Behavior\BuildLiteBehavior [ RunTime:0.000022s ]
INFO: [ app_init ] --END-- [ RunTime:0.000143s ]
ERR: 无法加载模块:Public

[ 2017-05-18T09:21:47+08:00 ] 127.0.0.1 /Public/Uploads/2017-05-12/591575c6c90b0.jpg
INFO: [ app_init ] --START--
INFO: Run Behavior\BuildLiteBehavior [ RunTime:0.000018s ]
INFO: [ app_init ] --END-- [ RunTime:0.000125s ]
ERR: 无法加载模块:Public

[ 2017-05-18T09:21:48+08:00 ] 127.0.0.1 /Public/Uploads/2017-05-12/591575c6c90b0.jpg
INFO: [ app_init ] --START--
INFO: Run Behavior\BuildLiteBehavior [ RunTime:0.000021s ]
INFO: [ app_init ] --END-- [ RunTime:0.000136s ]
ERR: 无法加载模块:Public

[ 2017-05-18T09:24:30+08:00 ] 127.0.0.1 /Public/Uploads/2017-05-12/591575c6c90b0.jpg
INFO: [ app_init ] --START--
INFO: Run Behavior\BuildLiteBehavior [ RunTime:0.000021s ]
INFO: [ app_init ] --END-- [ RunTime:0.000143s ]
ERR: 无法加载模块:Public

[ 2017-05-18T09:24:31+08:00 ] 127.0.0.1 /Public/Uploads/2017-05-12/591575c6c90b0.jpg
INFO: [ app_init ] --START--
INFO: Run Behavior\BuildLiteBehavior [ RunTime:0.000024s ]
INFO: [ app_init ] --END-- [ RunTime:0.000158s ]
ERR: 无法加载模块:Public

[ 2017-05-18T09:25:16+08:00 ] 127.0.0.1 /Public/Uploads/2017-05-12/591575c6c90b0.jpg
INFO: [ app_init ] --START--
INFO: Run Behavior\BuildLiteBehavior [ RunTime:0.000019s ]
INFO: [ app_init ] --END-- [ RunTime:0.000129s ]
ERR: 无法加载模块:Public

[ 2017-05-18T09:25:17+08:00 ] 127.0.0.1 /Public/Uploads/2017-05-12/591575c6c90b0.jpg
INFO: [ app_init ] --START--
INFO: Run Behavior\BuildLiteBehavior [ RunTime:0.000021s ]
INFO: [ app_init ] --END-- [ RunTime:0.000129s ]
ERR: 无法加载模块:Public

[ 2017-05-18T09:30:19+08:00 ] 127.0.0.1 /Public/Uploads/2017-05-12/591575c6c90b0.jpg
INFO: [ app_init ] --START--
INFO: Run Behavior\BuildLiteBehavior [ RunTime:0.000020s ]
INFO: [ app_init ] --END-- [ RunTime:0.000147s ]
ERR: 无法加载模块:Public

[ 2017-05-18T09:30:21+08:00 ] 127.0.0.1 /Public/Uploads/2017-05-12/591575c6c90b0.jpg
INFO: [ app_init ] --START--
INFO: Run Behavior\BuildLiteBehavior [ RunTime:0.000022s ]
INFO: [ app_init ] --END-- [ RunTime:0.000158s ]
ERR: 无法加载模块:Public

[ 2017-05-18T09:38:05+08:00 ] 127.0.0.1 /Public/Uploads/2017-05-12/591575c6c90b0.jpg
INFO: [ app_init ] --START--
INFO: Run Behavior\BuildLiteBehavior [ RunTime:0.000018s ]
INFO: [ app_init ] --END-- [ RunTime:0.000129s ]
ERR: 无法加载模块:Public

[ 2017-05-18T09:38:06+08:00 ] 127.0.0.1 /Public/Uploads/2017-05-12/591575c6c90b0.jpg
INFO: [ app_init ] --START--
INFO: Run Behavior\BuildLiteBehavior [ RunTime:0.000020s ]
INFO: [ app_init ] --END-- [ RunTime:0.000130s ]
ERR: 无法加载模块:Public

[ 2017-05-18T16:34:51+08:00 ] 127.0.0.1 /.Qrcode/qrcode_1495096491.png
INFO: [ app_init ] --START--
INFO: Run Behavior\BuildLiteBehavior [ RunTime:0.000021s ]
INFO: [ app_init ] --END-- [ RunTime:0.000145s ]
ERR: 无法加载模块:.Qrcode

[ 2017-05-18T16:34:52+08:00 ] 127.0.0.1 /.Qrcode/qrcode_1495096492.png
INFO: [ app_init ] --START--
INFO: Run Behavior\BuildLiteBehavior [ RunTime:0.000019s ]
INFO: [ app_init ] --END-- [ RunTime:0.000131s ]
ERR: 无法加载模块:.Qrcode

[ 2017-05-18T16:34:53+08:00 ] 127.0.0.1 /.Qrcode/qrcode_1495096493.png
INFO: [ app_init ] --START--
INFO: Run Behavior\BuildLiteBehavior [ RunTime:0.000019s ]
INFO: [ app_init ] --END-- [ RunTime:0.000131s ]
ERR: 无法加载模块:.Qrcode

[ 2017-05-18T16:34:53+08:00 ] 127.0.0.1 /.Qrcode/qrcode_1495096493.png
INFO: [ app_init ] --START--
INFO: Run Behavior\BuildLiteBehavior [ RunTime:0.000019s ]
INFO: [ app_init ] --END-- [ RunTime:0.000136s ]
ERR: 无法加载模块:.Qrcode

[ 2017-05-18T16:34:53+08:00 ] 127.0.0.1 /.Qrcode/qrcode_1495096493.png
INFO: [ app_init ] --START--
INFO: Run Behavior\BuildLiteBehavior [ RunTime:0.000022s ]
INFO: [ app_init ] --END-- [ RunTime:0.000141s ]
ERR: 无法加载模块:.Qrcode

[ 2017-05-18T16:34:53+08:00 ] 127.0.0.1 /.Qrcode/qrcode_1495096493.png
INFO: [ app_init ] --START--
INFO: Run Behavior\BuildLiteBehavior [ RunTime:0.000020s ]
INFO: [ app_init ] --END-- [ RunTime:0.000139s ]
ERR: 无法加载模块:.Qrcode

[ 2017-05-18T16:34:54+08:00 ] 127.0.0.1 /.Qrcode/qrcode_1495096494.png
INFO: [ app_init ] --START--
INFO: Run Behavior\BuildLiteBehavior [ RunTime:0.000019s ]
INFO: [ app_init ] --END-- [ RunTime:0.000129s ]
ERR: 无法加载模块:.Qrcode

[ 2017-05-18T16:34:55+08:00 ] 127.0.0.1 /.Qrcode/qrcode_1495096495.png
INFO: [ app_init ] --START--
INFO: Run Behavior\BuildLiteBehavior [ RunTime:0.000020s ]
INFO: [ app_init ] --END-- [ RunTime:0.000134s ]
ERR: 无法加载模块:.Qrcode

[ 2017-05-18T16:34:57+08:00 ] 127.0.0.1 /.Qrcode/qrcode_1495096497.png
INFO: [ app_init ] --START--
INFO: Run Behavior\BuildLiteBehavior [ RunTime:0.000020s ]
INFO: [ app_init ] --END-- [ RunTime:0.000135s ]
ERR: 无法加载模块:.Qrcode

[ 2017-05-18T16:34:58+08:00 ] 127.0.0.1 /.Qrcode/qrcode_1495096498.png
INFO: [ app_init ] --START--
INFO: Run Behavior\BuildLiteBehavior [ RunTime:0.000028s ]
INFO: [ app_init ] --END-- [ RunTime:0.000186s ]
ERR: 无法加载模块:.Qrcode

[ 2017-05-18T16:36:48+08:00 ] 127.0.0.1 /Public/Uploads/2017-05-12/591575c6c90b0.jpg
INFO: [ app_init ] --START--
INFO: Run Behavior\BuildLiteBehavior [ RunTime:0.000019s ]
INFO: [ app_init ] --END-- [ RunTime:0.000129s ]
ERR: 无法加载模块:Public

[ 2017-05-18T19:46:21+08:00 ] 127.0.0.1 /Public/Book/NovelDanmu/images/navlist.png
INFO: [ app_init ] --START--
INFO: Run Behavior\BuildLiteBehavior [ RunTime:0.000022s ]
INFO: [ app_init ] --END-- [ RunTime:0.000149s ]
ERR: 无法加载模块:Public

[ 2017-05-18T19:46:32+08:00 ] 127.0.0.1 /Public/Book/NovelDanmu/images/navlist.png
INFO: [ app_init ] --START--
INFO: Run Behavior\BuildLiteBehavior [ RunTime:0.000020s ]
INFO: [ app_init ] --END-- [ RunTime:0.000135s ]
ERR: 无法加载模块:Public

[ 2017-05-18T19:46:48+08:00 ] 127.0.0.1 /Public/Uploads/2017-05-12/591575c6c90b0.jpg
INFO: [ app_init ] --START--
INFO: Run Behavior\BuildLiteBehavior [ RunTime:0.000025s ]
INFO: [ app_init ] --END-- [ RunTime:0.000180s ]
ERR: 无法加载模块:Public

[ 2017-05-18T19:48:43+08:00 ] 127.0.0.1 /Public/Book/NovelDanmu/images/navlist.png
INFO: [ app_init ] --START--
INFO: Run Behavior\BuildLiteBehavior [ RunTime:0.000020s ]
INFO: [ app_init ] --END-- [ RunTime:0.000193s ]
ERR: 无法加载模块:Public

[ 2017-05-18T20:02:41+08:00 ] 127.0.0.1 /Public/Book/NovelDanmu/images/navlist.png
INFO: [ app_init ] --START--
INFO: Run Behavior\BuildLiteBehavior [ RunTime:0.000021s ]
INFO: [ app_init ] --END-- [ RunTime:0.000136s ]
ERR: 无法加载模块:Public

[ 2017-05-18T20:02:55+08:00 ] 127.0.0.1 /Public/Uploads/2017-05-12/591575c6c90b0.jpg
INFO: [ app_init ] --START--
INFO: Run Behavior\BuildLiteBehavior [ RunTime:0.000020s ]
INFO: [ app_init ] --END-- [ RunTime:0.000132s ]
ERR: 无法加载模块:Public

[ 2017-05-18T20:02:55+08:00 ] 127.0.0.1 /Public/Uploads/2017-05-12/591575c6c90b0.jpg
INFO: [ app_init ] --START--
INFO: Run Behavior\BuildLiteBehavior [ RunTime:0.000018s ]
INFO: [ app_init ] --END-- [ RunTime:0.000136s ]
ERR: 无法加载模块:Public

[ 2017-05-18T20:03:26+08:00 ] 127.0.0.1 /Public/Uploads/2017-05-12/591575c6c90b0.jpg
INFO: [ app_init ] --START--
INFO: Run Behavior\BuildLiteBehavior [ RunTime:0.000020s ]
INFO: [ app_init ] --END-- [ RunTime:0.000136s ]
ERR: 无法加载模块:Public

[ 2017-05-18T20:03:27+08:00 ] 127.0.0.1 /Public/Uploads/2017-05-12/591575c6c90b0.jpg
INFO: [ app_init ] --START--
INFO: Run Behavior\BuildLiteBehavior [ RunTime:0.000020s ]
INFO: [ app_init ] --END-- [ RunTime:0.000135s ]
ERR: 无法加载模块:Public

[ 2017-05-18T20:03:31+08:00 ] 127.0.0.1 /Public/Uploads/2017-05-12/591575c6c90b0.jpg
INFO: [ app_init ] --START--
INFO: Run Behavior\BuildLiteBehavior [ RunTime:0.000021s ]
INFO: [ app_init ] --END-- [ RunTime:0.000325s ]
ERR: 无法加载模块:Public

[ 2017-05-18T20:03:37+08:00 ] 127.0.0.1 /Public/Uploads/2017-05-12/591575c6c90b0.jpg
INFO: [ app_init ] --START--
INFO: Run Behavior\BuildLiteBehavior [ RunTime:0.000030s ]
INFO: [ app_init ] --END-- [ RunTime:0.000192s ]
ERR: 无法加载模块:Public

[ 2017-05-18T20:03:38+08:00 ] 127.0.0.1 /Public/Uploads/2017-05-12/591575c6c90b0.jpg
INFO: [ app_init ] --START--
INFO: Run Behavior\BuildLiteBehavior [ RunTime:0.000020s ]
INFO: [ app_init ] --END-- [ RunTime:0.000136s ]
ERR: 无法加载模块:Public

[ 2017-05-18T20:03:47+08:00 ] 127.0.0.1 /Public/Uploads/2017-05-12/591575c6c90b0.jpg
INFO: [ app_init ] --START--
INFO: Run Behavior\BuildLiteBehavior [ RunTime:0.000026s ]
INFO: [ app_init ] --END-- [ RunTime:0.000579s ]
ERR: 无法加载模块:Public

[ 2017-05-18T20:03:47+08:00 ] 127.0.0.1 /Public/Uploads/2017-05-12/591575c6c90b0.jpg
INFO: [ app_init ] --START--
INFO: Run Behavior\BuildLiteBehavior [ RunTime:0.000023s ]
INFO: [ app_init ] --END-- [ RunTime:0.000148s ]
ERR: 无法加载模块:Public

[ 2017-05-18T20:06:21+08:00 ] 127.0.0.1 /Public/Uploads/2017-05-12/591575c6c90b0.jpg
INFO: [ app_init ] --START--
INFO: Run Behavior\BuildLiteBehavior [ RunTime:0.000022s ]
INFO: [ app_init ] --END-- [ RunTime:0.000147s ]
ERR: 无法加载模块:Public

[ 2017-05-18T20:06:27+08:00 ] 127.0.0.1 /Public/Uploads/2017-05-12/591575c6c90b0.jpg
INFO: [ app_init ] --START--
INFO: Run Behavior\BuildLiteBehavior [ RunTime:0.000020s ]
INFO: [ app_init ] --END-- [ RunTime:0.000130s ]
ERR: 无法加载模块:Public

[ 2017-05-18T20:06:27+08:00 ] 127.0.0.1 /Public/Uploads/2017-05-12/591575c6c90b0.jpg
INFO: [ app_init ] --START--
INFO: Run Behavior\BuildLiteBehavior [ RunTime:0.000020s ]
INFO: [ app_init ] --END-- [ RunTime:0.000253s ]
ERR: 无法加载模块:Public

[ 2017-05-18T20:06:32+08:00 ] 127.0.0.1 /Public/Uploads/2017-05-12/591575c6c90b0.jpg
INFO: [ app_init ] --START--
INFO: Run Behavior\BuildLiteBehavior [ RunTime:0.000021s ]
INFO: [ app_init ] --END-- [ RunTime:0.000136s ]
ERR: 无法加载模块:Public

[ 2017-05-18T20:06:32+08:00 ] 127.0.0.1 /Public/Uploads/2017-05-12/591575c6c90b0.jpg
INFO: [ app_init ] --START--
INFO: Run Behavior\BuildLiteBehavior [ RunTime:0.000019s ]
INFO: [ app_init ] --END-- [ RunTime:0.000128s ]
ERR: 无法加载模块:Public

[ 2017-05-18T20:14:19+08:00 ] 127.0.0.1 /Public/Uploads/2017-05-12/591575c6c90b0.jpg
INFO: [ app_init ] --START--
INFO: Run Behavior\BuildLiteBehavior [ RunTime:0.000026s ]
INFO: [ app_init ] --END-- [ RunTime:0.000181s ]
ERR: 无法加载模块:Public

[ 2017-05-18T20:14:20+08:00 ] 127.0.0.1 /Public/Uploads/2017-05-12/591575c6c90b0.jpg
INFO: [ app_init ] --START--
INFO: Run Behavior\BuildLiteBehavior [ RunTime:0.000023s ]
INFO: [ app_init ] --END-- [ RunTime:0.000160s ]
ERR: 无法加载模块:Public

[ 2017-05-18T20:15:34+08:00 ] 127.0.0.1 /crop/upload/time/764291.jpg
INFO: [ app_init ] --START--
INFO: Run Behavior\BuildLiteBehavior [ RunTime:0.000021s ]
INFO: [ app_init ] --END-- [ RunTime:0.000145s ]
ERR: 无法加载模块:Crop

[ 2017-05-18T20:27:42+08:00 ] 127.0.0.1 /Public/Uploads/2017-05-12/591575c6c90b0.jpg
INFO: [ app_init ] --START--
INFO: Run Behavior\BuildLiteBehavior [ RunTime:0.000026s ]
INFO: [ app_init ] --END-- [ RunTime:0.000174s ]
ERR: 无法加载模块:Public

[ 2017-05-18T20:27:45+08:00 ] 127.0.0.1 /Public/Uploads/2017-05-12/591575c6c90b0.jpg
INFO: [ app_init ] --START--
INFO: Run Behavior\BuildLiteBehavior [ RunTime:0.000019s ]
INFO: [ app_init ] --END-- [ RunTime:0.000129s ]
ERR: 无法加载模块:Public

[ 2017-05-18T20:30:11+08:00 ] 127.0.0.1 /Public/Uploads/2017-05-12/591575c6c90b0.jpg
INFO: [ app_init ] --START--
INFO: Run Behavior\BuildLiteBehavior [ RunTime:0.000019s ]
INFO: [ app_init ] --END-- [ RunTime:0.000128s ]
ERR: 无法加载模块:Public

[ 2017-05-18T20:30:12+08:00 ] 127.0.0.1 /Public/Uploads/2017-05-12/591575c6c90b0.jpg
INFO: [ app_init ] --START--
INFO: Run Behavior\BuildLiteBehavior [ RunTime:0.000019s ]
INFO: [ app_init ] --END-- [ RunTime:0.000128s ]
ERR: 无法加载模块:Public

[ 2017-05-18T21:10:03+08:00 ] 127.0.0.1 /Public/Uploads/2017-05-12/591575c6c90b0.jpg
INFO: [ app_init ] --START--
INFO: Run Behavior\BuildLiteBehavior [ RunTime:0.000031s ]
INFO: [ app_init ] --END-- [ RunTime:0.000216s ]
ERR: 无法加载模块:Public

[ 2017-05-18T21:10:06+08:00 ] 127.0.0.1 /Public/Uploads/2017-05-12/591575c6c90b0.jpg
INFO: [ app_init ] --START--
INFO: Run Behavior\BuildLiteBehavior [ RunTime:0.000022s ]
INFO: [ app_init ] --END-- [ RunTime:0.000141s ]
ERR: 无法加载模块:Public

