[ 2017-05-19T14:16:12+08:00 ] 127.0.0.1 /Public/Uploads/2017-05-12/591575c6c90b0.jpg
INFO: [ app_init ] --START--
INFO: Run Behavior\BuildLiteBehavior [ RunTime:0.000018s ]
INFO: [ app_init ] --END-- [ RunTime:0.000129s ]
ERR: 无法加载模块:Public

[ 2017-05-19T14:17:19+08:00 ] 127.0.0.1 /Public/Uploads/2017-05-12/591575c6c90b0.jpg
INFO: [ app_init ] --START--
INFO: Run Behavior\BuildLiteBehavior [ RunTime:0.000020s ]
INFO: [ app_init ] --END-- [ RunTime:0.000151s ]
ERR: 无法加载模块:Public

[ 2017-05-19T14:17:21+08:00 ] 127.0.0.1 /Public/Uploads/2017-05-12/591575c6c90b0.jpg
INFO: [ app_init ] --START--
INFO: Run Behavior\BuildLiteBehavior [ RunTime:0.000020s ]
INFO: [ app_init ] --END-- [ RunTime:0.000135s ]
ERR: 无法加载模块:Public

[ 2017-05-19T14:59:15+08:00 ] 127.0.0.1 /Public/Uploads/2017-05-12/591575c6c90b0.jpg
INFO: [ app_init ] --START--
INFO: Run Behavior\BuildLiteBehavior [ RunTime:0.000019s ]
INFO: [ app_init ] --END-- [ RunTime:0.000132s ]
ERR: 无法加载模块:Public

[ 2017-05-19T14:59:16+08:00 ] 127.0.0.1 /Public/Uploads/2017-05-12/591575c6c90b0.jpg
INFO: [ app_init ] --START--
INFO: Run Behavior\BuildLiteBehavior [ RunTime:0.000019s ]
INFO: [ app_init ] --END-- [ RunTime:0.000136s ]
ERR: 无法加载模块:Public

[ 2017-05-19T15:00:43+08:00 ] 127.0.0.1 /Public/Uploads/2017-05-12/591575c6c90b0.jpg
INFO: [ app_init ] --START--
INFO: Run Behavior\BuildLiteBehavior [ RunTime:0.000019s ]
INFO: [ app_init ] --END-- [ RunTime:0.000134s ]
ERR: 无法加载模块:Public

[ 2017-05-19T15:00:45+08:00 ] 127.0.0.1 /Public/Uploads/2017-05-12/591575c6c90b0.jpg
INFO: [ app_init ] --START--
INFO: Run Behavior\BuildLiteBehavior [ RunTime:0.000021s ]
INFO: [ app_init ] --END-- [ RunTime:0.000140s ]
ERR: 无法加载模块:Public

[ 2017-05-19T15:01:22+08:00 ] 127.0.0.1 /Public/Uploads/2017-05-12/591575c6c90b0.jpg
INFO: [ app_init ] --START--
INFO: Run Behavior\BuildLiteBehavior [ RunTime:0.000020s ]
INFO: [ app_init ] --END-- [ RunTime:0.000138s ]
ERR: 无法加载模块:Public

[ 2017-05-19T15:01:23+08:00 ] 127.0.0.1 /Public/Uploads/2017-05-12/591575c6c90b0.jpg
INFO: [ app_init ] --START--
INFO: Run Behavior\BuildLiteBehavior [ RunTime:0.000019s ]
INFO: [ app_init ] --END-- [ RunTime:0.000137s ]
ERR: 无法加载模块:Public

[ 2017-05-19T15:01:49+08:00 ] 127.0.0.1 /Public/Uploads/2017-05-12/591575c6c90b0.jpg
INFO: [ app_init ] --START--
INFO: Run Behavior\BuildLiteBehavior [ RunTime:0.000021s ]
INFO: [ app_init ] --END-- [ RunTime:0.000138s ]
ERR: 无法加载模块:Public

[ 2017-05-19T15:01:52+08:00 ] 127.0.0.1 /Public/Uploads/2017-05-12/591575c6c90b0.jpg
INFO: [ app_init ] --START--
INFO: Run Behavior\BuildLiteBehavior [ RunTime:0.000019s ]
INFO: [ app_init ] --END-- [ RunTime:0.000135s ]
ERR: 无法加载模块:Public

[ 2017-05-19T15:14:31+08:00 ] 127.0.0.1 /Public/Uploads/2017-05-12/591575c6c90b0.jpg
INFO: [ app_init ] --START--
INFO: Run Behavior\BuildLiteBehavior [ RunTime:0.000021s ]
INFO: [ app_init ] --END-- [ RunTime:0.000138s ]
ERR: 无法加载模块:Public

[ 2017-05-19T15:14:32+08:00 ] 127.0.0.1 /Public/Uploads/2017-05-12/591575c6c90b0.jpg
INFO: [ app_init ] --START--
INFO: Run Behavior\BuildLiteBehavior [ RunTime:0.000022s ]
INFO: [ app_init ] --END-- [ RunTime:0.000143s ]
ERR: 无法加载模块:Public

[ 2017-05-19T15:40:05+08:00 ] 127.0.0.1 /Public/Uploads/2017-05-12/591575c6c90b0.jpg
INFO: [ app_init ] --START--
INFO: Run Behavior\BuildLiteBehavior [ RunTime:0.000019s ]
INFO: [ app_init ] --END-- [ RunTime:0.000133s ]
ERR: 无法加载模块:Public

[ 2017-05-19T15:40:05+08:00 ] 127.0.0.1 /Public/Uploads/2017-05-12/591575c6c90b0.jpg
INFO: [ app_init ] --START--
INFO: Run Behavior\BuildLiteBehavior [ RunTime:0.000021s ]
INFO: [ app_init ] --END-- [ RunTime:0.000148s ]
ERR: 无法加载模块:Public

[ 2017-05-19T15:40:43+08:00 ] 127.0.0.1 /Public/Uploads/2017-05-12/591575c6c90b0.jpg
INFO: [ app_init ] --START--
INFO: Run Behavior\BuildLiteBehavior [ RunTime:0.000020s ]
INFO: [ app_init ] --END-- [ RunTime:0.000191s ]
ERR: 无法加载模块:Public

[ 2017-05-19T15:40:44+08:00 ] 127.0.0.1 /Public/Uploads/2017-05-12/591575c6c90b0.jpg
INFO: [ app_init ] --START--
INFO: Run Behavior\BuildLiteBehavior [ RunTime:0.000020s ]
INFO: [ app_init ] --END-- [ RunTime:0.000130s ]
ERR: 无法加载模块:Public

[ 2017-05-19T16:09:42+08:00 ] 127.0.0.1 /Public/Uploads/2017-05-12/591575c6c90b0.jpg
INFO: [ app_init ] --START--
INFO: Run Behavior\BuildLiteBehavior [ RunTime:0.000018s ]
INFO: [ app_init ] --END-- [ RunTime:0.000129s ]
ERR: 无法加载模块:Public

[ 2017-05-19T16:09:42+08:00 ] 127.0.0.1 /Public/Uploads/2017-05-12/591575c6c90b0.jpg
INFO: [ app_init ] --START--
INFO: Run Behavior\BuildLiteBehavior [ RunTime:0.000019s ]
INFO: [ app_init ] --END-- [ RunTime:0.000132s ]
ERR: 无法加载模块:Public

[ 2017-05-19T16:10:19+08:00 ] 127.0.0.1 /Public/Uploads/2017-05-12/591575c6c90b0.jpg
INFO: [ app_init ] --START--
INFO: Run Behavior\BuildLiteBehavior [ RunTime:0.000018s ]
INFO: [ app_init ] --END-- [ RunTime:0.000129s ]
ERR: 无法加载模块:Public

[ 2017-05-19T16:10:20+08:00 ] 127.0.0.1 /Public/Uploads/2017-05-12/591575c6c90b0.jpg
INFO: [ app_init ] --START--
INFO: Run Behavior\BuildLiteBehavior [ RunTime:0.000018s ]
INFO: [ app_init ] --END-- [ RunTime:0.000127s ]
ERR: 无法加载模块:Public

[ 2017-05-19T16:10:38+08:00 ] 127.0.0.1 /Public/Uploads/2017-05-12/591575c6c90b0.jpg
INFO: [ app_init ] --START--
INFO: Run Behavior\BuildLiteBehavior [ RunTime:0.000018s ]
INFO: [ app_init ] --END-- [ RunTime:0.000134s ]
ERR: 无法加载模块:Public

[ 2017-05-19T16:10:38+08:00 ] 127.0.0.1 /Public/Uploads/2017-05-12/591575c6c90b0.jpg
INFO: [ app_init ] --START--
INFO: Run Behavior\BuildLiteBehavior [ RunTime:0.000019s ]
INFO: [ app_init ] --END-- [ RunTime:0.000136s ]
ERR: 无法加载模块:Public

[ 2017-05-19T16:11:51+08:00 ] 127.0.0.1 /Public/Uploads/2017-05-12/591575c6c90b0.jpg
INFO: [ app_init ] --START--
INFO: Run Behavior\BuildLiteBehavior [ RunTime:0.000027s ]
INFO: [ app_init ] --END-- [ RunTime:0.000185s ]
ERR: 无法加载模块:Public

[ 2017-05-19T16:11:52+08:00 ] 127.0.0.1 /Public/Uploads/2017-05-12/591575c6c90b0.jpg
INFO: [ app_init ] --START--
INFO: Run Behavior\BuildLiteBehavior [ RunTime:0.000020s ]
INFO: [ app_init ] --END-- [ RunTime:0.000137s ]
ERR: 无法加载模块:Public

[ 2017-05-19T16:12:44+08:00 ] 127.0.0.1 /Public/Uploads/2017-05-12/591575c6c90b0.jpg
INFO: [ app_init ] --START--
INFO: Run Behavior\BuildLiteBehavior [ RunTime:0.000019s ]
INFO: [ app_init ] --END-- [ RunTime:0.000135s ]
ERR: 无法加载模块:Public

[ 2017-05-19T16:12:45+08:00 ] 127.0.0.1 /Public/Uploads/2017-05-12/591575c6c90b0.jpg
INFO: [ app_init ] --START--
INFO: Run Behavior\BuildLiteBehavior [ RunTime:0.000019s ]
INFO: [ app_init ] --END-- [ RunTime:0.000133s ]
ERR: 无法加载模块:Public

[ 2017-05-19T16:31:10+08:00 ] 127.0.0.1 /Public/Uploads/2017-05-12/591575c6c90b0.jpg
INFO: [ app_init ] --START--
INFO: Run Behavior\BuildLiteBehavior [ RunTime:0.000021s ]
INFO: [ app_init ] --END-- [ RunTime:0.000136s ]
ERR: 无法加载模块:Public

[ 2017-05-19T16:31:11+08:00 ] 127.0.0.1 /Public/Uploads/2017-05-12/591575c6c90b0.jpg
INFO: [ app_init ] --START--
INFO: Run Behavior\BuildLiteBehavior [ RunTime:0.000019s ]
INFO: [ app_init ] --END-- [ RunTime:0.000134s ]
ERR: 无法加载模块:Public

[ 2017-05-19T16:31:38+08:00 ] 127.0.0.1 /Public/Uploads/2017-05-12/591575c6c90b0.jpg
INFO: [ app_init ] --START--
INFO: Run Behavior\BuildLiteBehavior [ RunTime:0.000020s ]
INFO: [ app_init ] --END-- [ RunTime:0.000135s ]
ERR: 无法加载模块:Public

[ 2017-05-19T16:31:39+08:00 ] 127.0.0.1 /Public/Uploads/2017-05-12/591575c6c90b0.jpg
INFO: [ app_init ] --START--
INFO: Run Behavior\BuildLiteBehavior [ RunTime:0.000020s ]
INFO: [ app_init ] --END-- [ RunTime:0.000140s ]
ERR: 无法加载模块:Public

[ 2017-05-19T16:32:05+08:00 ] 127.0.0.1 /Public/Uploads/2017-05-12/591575c6c90b0.jpg
INFO: [ app_init ] --START--
INFO: Run Behavior\BuildLiteBehavior [ RunTime:0.000019s ]
INFO: [ app_init ] --END-- [ RunTime:0.000131s ]
ERR: 无法加载模块:Public

[ 2017-05-19T16:32:07+08:00 ] 127.0.0.1 /Public/Uploads/2017-05-12/591575c6c90b0.jpg
INFO: [ app_init ] --START--
INFO: Run Behavior\BuildLiteBehavior [ RunTime:0.000021s ]
INFO: [ app_init ] --END-- [ RunTime:0.000135s ]
ERR: 无法加载模块:Public

[ 2017-05-19T16:33:26+08:00 ] 127.0.0.1 /Public/Uploads/2017-05-12/591575c6c90b0.jpg
INFO: [ app_init ] --START--
INFO: Run Behavior\BuildLiteBehavior [ RunTime:0.000021s ]
INFO: [ app_init ] --END-- [ RunTime:0.000268s ]
ERR: 无法加载模块:Public

[ 2017-05-19T16:33:28+08:00 ] 127.0.0.1 /Public/Uploads/2017-05-12/591575c6c90b0.jpg
INFO: [ app_init ] --START--
INFO: Run Behavior\BuildLiteBehavior [ RunTime:0.000020s ]
INFO: [ app_init ] --END-- [ RunTime:0.000143s ]
ERR: 无法加载模块:Public

[ 2017-05-19T16:34:24+08:00 ] 127.0.0.1 /Public/Uploads/2017-05-12/591575c6c90b0.jpg
INFO: [ app_init ] --START--
INFO: Run Behavior\BuildLiteBehavior [ RunTime:0.000019s ]
INFO: [ app_init ] --END-- [ RunTime:0.000132s ]
ERR: 无法加载模块:Public

[ 2017-05-19T16:34:26+08:00 ] 127.0.0.1 /Public/Uploads/2017-05-12/591575c6c90b0.jpg
INFO: [ app_init ] --START--
INFO: Run Behavior\BuildLiteBehavior [ RunTime:0.000019s ]
INFO: [ app_init ] --END-- [ RunTime:0.000132s ]
ERR: 无法加载模块:Public

