[ 2017-05-16T16:46:29+08:00 ] 127.0.0.1 /Book/Mycomic/index
INFO: [ app_init ] --START--
INFO: Run Behavior\BuildLiteBehavior [ RunTime:0.000020s ]
INFO: [ app_init ] --END-- [ RunTime:0.000151s ]

[ 2017-05-16T16:46:31+08:00 ] 127.0.0.1 /Book/Home/code
INFO: [ app_init ] --START--
INFO: Run Behavior\BuildLiteBehavior [ RunTime:0.000052s ]
INFO: [ app_init ] --END-- [ RunTime:0.000187s ]

[ 2017-05-16T16:47:45+08:00 ] 127.0.0.1 /Book/Home/refresh
INFO: [ app_init ] --START--
INFO: Run Behavior\BuildLiteBehavior [ RunTime:0.000026s ]
INFO: [ app_init ] --END-- [ RunTime:0.000203s ]

[ 2017-05-16T16:48:57+08:00 ] 127.0.0.1 /Book/Home/refresh
INFO: [ app_init ] --START--
INFO: Run Behavior\BuildLiteBehavior [ RunTime:0.000028s ]
INFO: [ app_init ] --END-- [ RunTime:0.000218s ]

[ 2017-05-16T16:50:09+08:00 ] 127.0.0.1 /Book/Home/refresh
INFO: [ app_init ] --START--
INFO: Run Behavior\BuildLiteBehavior [ RunTime:0.000027s ]
INFO: [ app_init ] --END-- [ RunTime:0.000206s ]

[ 2017-05-16T16:51:21+08:00 ] 127.0.0.1 /Book/Home/refresh
INFO: [ app_init ] --START--
INFO: Run Behavior\BuildLiteBehavior [ RunTime:0.000021s ]
INFO: [ app_init ] --END-- [ RunTime:0.000159s ]

[ 2017-05-16T16:52:33+08:00 ] 127.0.0.1 /Book/Home/refresh
INFO: [ app_init ] --START--
INFO: Run Behavior\BuildLiteBehavior [ RunTime:0.000025s ]
INFO: [ app_init ] --END-- [ RunTime:0.000190s ]

[ 2017-05-16T16:53:45+08:00 ] 127.0.0.1 /Book/Home/refresh
INFO: [ app_init ] --START--
INFO: Run Behavior\BuildLiteBehavior [ RunTime:0.000027s ]
INFO: [ app_init ] --END-- [ RunTime:0.000206s ]

[ 2017-05-16T16:54:57+08:00 ] 127.0.0.1 /Book/Home/refresh
INFO: [ app_init ] --START--
INFO: Run Behavior\BuildLiteBehavior [ RunTime:0.000019s ]
INFO: [ app_init ] --END-- [ RunTime:0.000211s ]

[ 2017-05-16T16:56:09+08:00 ] 127.0.0.1 /Book/Home/refresh
INFO: [ app_init ] --START--
INFO: Run Behavior\BuildLiteBehavior [ RunTime:0.000019s ]
INFO: [ app_init ] --END-- [ RunTime:0.000143s ]

[ 2017-05-16T16:57:21+08:00 ] 127.0.0.1 /Book/Home/refresh
INFO: [ app_init ] --START--
INFO: Run Behavior\BuildLiteBehavior [ RunTime:0.000020s ]
INFO: [ app_init ] --END-- [ RunTime:0.000146s ]

[ 2017-05-16T16:58:33+08:00 ] 127.0.0.1 /Book/Home/refresh
INFO: [ app_init ] --START--
INFO: Run Behavior\BuildLiteBehavior [ RunTime:0.000022s ]
INFO: [ app_init ] --END-- [ RunTime:0.000191s ]

[ 2017-05-16T16:59:45+08:00 ] 127.0.0.1 /Book/Home/refresh
INFO: [ app_init ] --START--
INFO: Run Behavior\BuildLiteBehavior [ RunTime:0.000022s ]
INFO: [ app_init ] --END-- [ RunTime:0.000162s ]

[ 2017-05-16T17:00:57+08:00 ] 127.0.0.1 /Book/Home/refresh
INFO: [ app_init ] --START--
INFO: Run Behavior\BuildLiteBehavior [ RunTime:0.000023s ]
INFO: [ app_init ] --END-- [ RunTime:0.000166s ]

[ 2017-05-16T17:02:09+08:00 ] 127.0.0.1 /Book/Home/refresh
INFO: [ app_init ] --START--
INFO: Run Behavior\BuildLiteBehavior [ RunTime:0.000020s ]
INFO: [ app_init ] --END-- [ RunTime:0.000149s ]

[ 2017-05-16T17:03:21+08:00 ] 127.0.0.1 /Book/Home/refresh
INFO: [ app_init ] --START--
INFO: Run Behavior\BuildLiteBehavior [ RunTime:0.000019s ]
INFO: [ app_init ] --END-- [ RunTime:0.000143s ]

[ 2017-05-16T17:04:33+08:00 ] 127.0.0.1 /Book/Home/refresh
INFO: [ app_init ] --START--
INFO: Run Behavior\BuildLiteBehavior [ RunTime:0.000021s ]
INFO: [ app_init ] --END-- [ RunTime:0.000152s ]

[ 2017-05-16T17:05:45+08:00 ] 127.0.0.1 /Book/Home/refresh
INFO: [ app_init ] --START--
INFO: Run Behavior\BuildLiteBehavior [ RunTime:0.000021s ]
INFO: [ app_init ] --END-- [ RunTime:0.000154s ]

[ 2017-05-16T17:06:57+08:00 ] 127.0.0.1 /Book/Home/refresh
INFO: [ app_init ] --START--
INFO: Run Behavior\BuildLiteBehavior [ RunTime:0.000020s ]
INFO: [ app_init ] --END-- [ RunTime:0.000148s ]

[ 2017-05-16T17:08:09+08:00 ] 127.0.0.1 /Book/Home/refresh
INFO: [ app_init ] --START--
INFO: Run Behavior\BuildLiteBehavior [ RunTime:0.000021s ]
INFO: [ app_init ] --END-- [ RunTime:0.000155s ]

[ 2017-05-16T17:09:21+08:00 ] 127.0.0.1 /Book/Home/refresh
INFO: [ app_init ] --START--
INFO: Run Behavior\BuildLiteBehavior [ RunTime:0.000020s ]
INFO: [ app_init ] --END-- [ RunTime:0.000148s ]

[ 2017-05-16T17:10:33+08:00 ] 127.0.0.1 /Book/Home/refresh
INFO: [ app_init ] --START--
INFO: Run Behavior\BuildLiteBehavior [ RunTime:0.000022s ]
INFO: [ app_init ] --END-- [ RunTime:0.000166s ]

[ 2017-05-16T17:11:45+08:00 ] 127.0.0.1 /Book/Home/refresh
INFO: [ app_init ] --START--
INFO: Run Behavior\BuildLiteBehavior [ RunTime:0.000021s ]
INFO: [ app_init ] --END-- [ RunTime:0.000151s ]

[ 2017-05-16T17:12:57+08:00 ] 127.0.0.1 /Book/Home/refresh
INFO: [ app_init ] --START--
INFO: Run Behavior\BuildLiteBehavior [ RunTime:0.000020s ]
INFO: [ app_init ] --END-- [ RunTime:0.000145s ]

[ 2017-05-16T17:14:09+08:00 ] 127.0.0.1 /Book/Home/refresh
INFO: [ app_init ] --START--
INFO: Run Behavior\BuildLiteBehavior [ RunTime:0.000023s ]
INFO: [ app_init ] --END-- [ RunTime:0.000162s ]

[ 2017-05-16T17:15:21+08:00 ] 127.0.0.1 /Book/Home/refresh
INFO: [ app_init ] --START--
INFO: Run Behavior\BuildLiteBehavior [ RunTime:0.000024s ]
INFO: [ app_init ] --END-- [ RunTime:0.000172s ]

[ 2017-05-16T17:16:33+08:00 ] 127.0.0.1 /Book/Home/refresh
INFO: [ app_init ] --START--
INFO: Run Behavior\BuildLiteBehavior [ RunTime:0.000022s ]
INFO: [ app_init ] --END-- [ RunTime:0.000158s ]

[ 2017-05-16T17:17:45+08:00 ] 127.0.0.1 /Book/Home/refresh
INFO: [ app_init ] --START--
INFO: Run Behavior\BuildLiteBehavior [ RunTime:0.000021s ]
INFO: [ app_init ] --END-- [ RunTime:0.000159s ]

[ 2017-05-16T17:18:57+08:00 ] 127.0.0.1 /Book/Home/refresh
INFO: [ app_init ] --START--
INFO: Run Behavior\BuildLiteBehavior [ RunTime:0.000105s ]
INFO: [ app_init ] --END-- [ RunTime:0.000237s ]

[ 2017-05-16T17:20:09+08:00 ] 127.0.0.1 /Book/Home/refresh
INFO: [ app_init ] --START--
INFO: Run Behavior\BuildLiteBehavior [ RunTime:0.000022s ]
INFO: [ app_init ] --END-- [ RunTime:0.000188s ]

[ 2017-05-16T17:21:21+08:00 ] 127.0.0.1 /Book/Home/refresh
INFO: [ app_init ] --START--
INFO: Run Behavior\BuildLiteBehavior [ RunTime:0.000021s ]
INFO: [ app_init ] --END-- [ RunTime:0.000157s ]

[ 2017-05-16T17:22:33+08:00 ] 127.0.0.1 /Book/Home/refresh
INFO: [ app_init ] --START--
INFO: Run Behavior\BuildLiteBehavior [ RunTime:0.000021s ]
INFO: [ app_init ] --END-- [ RunTime:0.000153s ]

[ 2017-05-16T17:23:45+08:00 ] 127.0.0.1 /Book/Home/refresh
INFO: [ app_init ] --START--
INFO: Run Behavior\BuildLiteBehavior [ RunTime:0.000019s ]
INFO: [ app_init ] --END-- [ RunTime:0.000144s ]

[ 2017-05-16T17:24:57+08:00 ] 127.0.0.1 /Book/Home/refresh
INFO: [ app_init ] --START--
INFO: Run Behavior\BuildLiteBehavior [ RunTime:0.000021s ]
INFO: [ app_init ] --END-- [ RunTime:0.000156s ]

[ 2017-05-16T17:26:10+08:00 ] 127.0.0.1 /Book/Home/refresh
INFO: [ app_init ] --START--
INFO: Run Behavior\BuildLiteBehavior [ RunTime:0.000024s ]
INFO: [ app_init ] --END-- [ RunTime:0.000170s ]

[ 2017-05-16T17:27:22+08:00 ] 127.0.0.1 /Book/Home/refresh
INFO: [ app_init ] --START--
INFO: Run Behavior\BuildLiteBehavior [ RunTime:0.000022s ]
INFO: [ app_init ] --END-- [ RunTime:0.026097s ]
ERR: syntax error, unexpected '}'

[ 2017-05-16T17:28:33+08:00 ] 127.0.0.1 /Book/Home/refresh
INFO: [ app_init ] --START--
INFO: Run Behavior\BuildLiteBehavior [ RunTime:0.000020s ]
INFO: [ app_init ] --END-- [ RunTime:0.000159s ]
ERR: syntax error, unexpected '}'

[ 2017-05-16T17:29:46+08:00 ] 127.0.0.1 /Book/Home/refresh
INFO: [ app_init ] --START--
INFO: Run Behavior\BuildLiteBehavior [ RunTime:0.000019s ]
INFO: [ app_init ] --END-- [ RunTime:0.000145s ]

[ 2017-05-16T17:30:57+08:00 ] 127.0.0.1 /Book/Home/refresh
INFO: [ app_init ] --START--
INFO: Run Behavior\BuildLiteBehavior [ RunTime:0.000023s ]
INFO: [ app_init ] --END-- [ RunTime:0.000164s ]

[ 2017-05-16T17:32:10+08:00 ] 127.0.0.1 /Book/Home/refresh
INFO: [ app_init ] --START--
INFO: Run Behavior\BuildLiteBehavior [ RunTime:0.000024s ]
INFO: [ app_init ] --END-- [ RunTime:0.000172s ]
ERR: syntax error, unexpected 'H' (T_STRING), expecting ',' or ')'

[ 2017-05-16T17:33:21+08:00 ] 127.0.0.1 /Book/Home/refresh
INFO: [ app_init ] --START--
INFO: Run Behavior\BuildLiteBehavior [ RunTime:0.000020s ]
INFO: [ app_init ] --END-- [ RunTime:0.000149s ]

[ 2017-05-16T17:34:34+08:00 ] 127.0.0.1 /Book/Home/refresh
INFO: [ app_init ] --START--
INFO: Run Behavior\BuildLiteBehavior [ RunTime:0.000031s ]
INFO: [ app_init ] --END-- [ RunTime:0.000292s ]

[ 2017-05-16T17:34:39+08:00 ] 127.0.0.1 /Book/Home/index
INFO: [ app_init ] --START--
INFO: Run Behavior\BuildLiteBehavior [ RunTime:0.000021s ]
INFO: [ app_init ] --END-- [ RunTime:0.000154s ]
ERR: Call to a member function where() on null

[ 2017-05-16T17:34:56+08:00 ] 127.0.0.1 /Book/Home/index
INFO: [ app_init ] --START--
INFO: Run Behavior\BuildLiteBehavior [ RunTime:0.000025s ]
INFO: [ app_init ] --END-- [ RunTime:0.000179s ]

[ 2017-05-16T17:35:16+08:00 ] 127.0.0.1 /Book/Home/index
INFO: [ app_init ] --START--
INFO: Run Behavior\BuildLiteBehavior [ RunTime:0.000021s ]
INFO: [ app_init ] --END-- [ RunTime:0.000166s ]

[ 2017-05-16T17:35:28+08:00 ] 127.0.0.1 /Book/Home/index
INFO: [ app_init ] --START--
INFO: Run Behavior\BuildLiteBehavior [ RunTime:0.000018s ]
INFO: [ app_init ] --END-- [ RunTime:0.000147s ]

[ 2017-05-16T17:35:45+08:00 ] 127.0.0.1 /Book/Home/refresh
INFO: [ app_init ] --START--
INFO: Run Behavior\BuildLiteBehavior [ RunTime:0.000030s ]
INFO: [ app_init ] --END-- [ RunTime:0.000222s ]

[ 2017-05-16T17:36:06+08:00 ] 127.0.0.1 /Book/Home/index
INFO: [ app_init ] --START--
INFO: Run Behavior\BuildLiteBehavior [ RunTime:0.000021s ]
INFO: [ app_init ] --END-- [ RunTime:0.000161s ]

[ 2017-05-16T17:36:08+08:00 ] 127.0.0.1 /Book/Home/index
INFO: [ app_init ] --START--
INFO: Run Behavior\BuildLiteBehavior [ RunTime:0.000019s ]
INFO: [ app_init ] --END-- [ RunTime:0.000145s ]

[ 2017-05-16T17:36:09+08:00 ] 127.0.0.1 /Book/Home/index
INFO: [ app_init ] --START--
INFO: Run Behavior\BuildLiteBehavior [ RunTime:0.000018s ]
INFO: [ app_init ] --END-- [ RunTime:0.000126s ]

[ 2017-05-16T17:36:09+08:00 ] 127.0.0.1 /Book/Home/index
INFO: [ app_init ] --START--
INFO: Run Behavior\BuildLiteBehavior [ RunTime:0.000023s ]
INFO: [ app_init ] --END-- [ RunTime:0.000159s ]

[ 2017-05-16T17:36:42+08:00 ] 127.0.0.1 /Book/Home/index
INFO: [ app_init ] --START--
INFO: Run Behavior\BuildLiteBehavior [ RunTime:0.000026s ]
INFO: [ app_init ] --END-- [ RunTime:0.000182s ]

[ 2017-05-16T17:36:43+08:00 ] 127.0.0.1 /Book/Home/index
INFO: [ app_init ] --START--
INFO: Run Behavior\BuildLiteBehavior [ RunTime:0.000019s ]
INFO: [ app_init ] --END-- [ RunTime:0.000132s ]

[ 2017-05-16T17:36:57+08:00 ] 127.0.0.1 /Book/Home/refresh
INFO: [ app_init ] --START--
INFO: Run Behavior\BuildLiteBehavior [ RunTime:0.000021s ]
INFO: [ app_init ] --END-- [ RunTime:0.000158s ]

[ 2017-05-16T17:38:09+08:00 ] 127.0.0.1 /Book/Home/refresh
INFO: [ app_init ] --START--
INFO: Run Behavior\BuildLiteBehavior [ RunTime:0.000021s ]
INFO: [ app_init ] --END-- [ RunTime:0.000150s ]

[ 2017-05-16T17:39:21+08:00 ] 127.0.0.1 /Book/Home/refresh
INFO: [ app_init ] --START--
INFO: Run Behavior\BuildLiteBehavior [ RunTime:0.000020s ]
INFO: [ app_init ] --END-- [ RunTime:0.043273s ]

[ 2017-05-16T17:40:33+08:00 ] 127.0.0.1 /Book/Home/refresh
INFO: [ app_init ] --START--
INFO: Run Behavior\BuildLiteBehavior [ RunTime:0.000019s ]
INFO: [ app_init ] --END-- [ RunTime:0.000146s ]

[ 2017-05-16T17:41:45+08:00 ] 127.0.0.1 /Book/Home/refresh
INFO: [ app_init ] --START--
INFO: Run Behavior\BuildLiteBehavior [ RunTime:0.000023s ]
INFO: [ app_init ] --END-- [ RunTime:0.000173s ]

[ 2017-05-16T17:42:57+08:00 ] 127.0.0.1 /Book/Home/refresh
INFO: [ app_init ] --START--
INFO: Run Behavior\BuildLiteBehavior [ RunTime:0.000025s ]
INFO: [ app_init ] --END-- [ RunTime:0.000174s ]

[ 2017-05-16T17:44:03+08:00 ] 127.0.0.1 /Book/Home/index
INFO: [ app_init ] --START--
INFO: Run Behavior\BuildLiteBehavior [ RunTime:0.000020s ]
INFO: [ app_init ] --END-- [ RunTime:0.000152s ]

[ 2017-05-16T17:44:09+08:00 ] 127.0.0.1 /Book/Home/refresh
INFO: [ app_init ] --START--
INFO: Run Behavior\BuildLiteBehavior [ RunTime:0.000023s ]
INFO: [ app_init ] --END-- [ RunTime:0.000174s ]

[ 2017-05-16T17:44:56+08:00 ] 127.0.0.1 /Book/Home/index
INFO: [ app_init ] --START--
INFO: Run Behavior\BuildLiteBehavior [ RunTime:0.000021s ]
INFO: [ app_init ] --END-- [ RunTime:0.000164s ]

[ 2017-05-16T17:45:21+08:00 ] 127.0.0.1 /Book/Home/refresh
INFO: [ app_init ] --START--
INFO: Run Behavior\BuildLiteBehavior [ RunTime:0.000026s ]
INFO: [ app_init ] --END-- [ RunTime:0.000182s ]

[ 2017-05-16T17:45:55+08:00 ] 127.0.0.1 /Book/Home/index
INFO: [ app_init ] --START--
INFO: Run Behavior\BuildLiteBehavior [ RunTime:0.000023s ]
INFO: [ app_init ] --END-- [ RunTime:0.000170s ]

[ 2017-05-16T17:46:33+08:00 ] 127.0.0.1 /Book/Home/refresh
INFO: [ app_init ] --START--
INFO: Run Behavior\BuildLiteBehavior [ RunTime:0.000020s ]
INFO: [ app_init ] --END-- [ RunTime:0.000149s ]

[ 2017-05-16T17:47:45+08:00 ] 127.0.0.1 /Book/Home/refresh
INFO: [ app_init ] --START--
INFO: Run Behavior\BuildLiteBehavior [ RunTime:0.000022s ]
INFO: [ app_init ] --END-- [ RunTime:0.000168s ]

[ 2017-05-16T17:48:57+08:00 ] 127.0.0.1 /Book/Home/refresh
INFO: [ app_init ] --START--
INFO: Run Behavior\BuildLiteBehavior [ RunTime:0.000022s ]
INFO: [ app_init ] --END-- [ RunTime:0.000167s ]

[ 2017-05-16T17:50:09+08:00 ] 127.0.0.1 /Book/Home/refresh
INFO: [ app_init ] --START--
INFO: Run Behavior\BuildLiteBehavior [ RunTime:0.000022s ]
INFO: [ app_init ] --END-- [ RunTime:0.000167s ]

[ 2017-05-16T17:51:21+08:00 ] 127.0.0.1 /Book/Home/refresh
INFO: [ app_init ] --START--
INFO: Run Behavior\BuildLiteBehavior [ RunTime:0.000023s ]
INFO: [ app_init ] --END-- [ RunTime:0.000165s ]

[ 2017-05-16T17:52:33+08:00 ] 127.0.0.1 /Book/Home/refresh
INFO: [ app_init ] --START--
INFO: Run Behavior\BuildLiteBehavior [ RunTime:0.000021s ]
INFO: [ app_init ] --END-- [ RunTime:0.000166s ]

[ 2017-05-16T17:53:45+08:00 ] 127.0.0.1 /Book/Home/refresh
INFO: [ app_init ] --START--
INFO: Run Behavior\BuildLiteBehavior [ RunTime:0.000028s ]
INFO: [ app_init ] --END-- [ RunTime:0.000219s ]

[ 2017-05-16T17:54:57+08:00 ] 127.0.0.1 /Book/Home/refresh
INFO: [ app_init ] --START--
INFO: Run Behavior\BuildLiteBehavior [ RunTime:0.000022s ]
INFO: [ app_init ] --END-- [ RunTime:0.000168s ]

[ 2017-05-16T17:56:09+08:00 ] 127.0.0.1 /Book/Home/refresh
INFO: [ app_init ] --START--
INFO: Run Behavior\BuildLiteBehavior [ RunTime:0.000022s ]
INFO: [ app_init ] --END-- [ RunTime:0.000168s ]

[ 2017-05-16T17:56:18+08:00 ] 127.0.0.1 /Book/Home/index
INFO: [ app_init ] --START--
INFO: Run Behavior\BuildLiteBehavior [ RunTime:0.000023s ]
INFO: [ app_init ] --END-- [ RunTime:0.000169s ]

[ 2017-05-16T17:57:21+08:00 ] 127.0.0.1 /Book/Home/refresh
INFO: [ app_init ] --START--
INFO: Run Behavior\BuildLiteBehavior [ RunTime:0.000021s ]
INFO: [ app_init ] --END-- [ RunTime:0.000153s ]

[ 2017-05-16T17:58:33+08:00 ] 127.0.0.1 /Book/Home/refresh
INFO: [ app_init ] --START--
INFO: Run Behavior\BuildLiteBehavior [ RunTime:0.000020s ]
INFO: [ app_init ] --END-- [ RunTime:0.000153s ]

[ 2017-05-16T17:59:45+08:00 ] 127.0.0.1 /Book/Home/refresh
INFO: [ app_init ] --START--
INFO: Run Behavior\BuildLiteBehavior [ RunTime:0.000024s ]
INFO: [ app_init ] --END-- [ RunTime:0.000275s ]

[ 2017-05-16T18:00:57+08:00 ] 127.0.0.1 /Book/Home/refresh
INFO: [ app_init ] --START--
INFO: Run Behavior\BuildLiteBehavior [ RunTime:0.000020s ]
INFO: [ app_init ] --END-- [ RunTime:0.000151s ]

[ 2017-05-16T18:02:09+08:00 ] 127.0.0.1 /Book/Home/refresh
INFO: [ app_init ] --START--
INFO: Run Behavior\BuildLiteBehavior [ RunTime:0.000022s ]
INFO: [ app_init ] --END-- [ RunTime:0.000155s ]

[ 2017-05-16T18:03:21+08:00 ] 127.0.0.1 /Book/Home/refresh
INFO: [ app_init ] --START--
INFO: Run Behavior\BuildLiteBehavior [ RunTime:0.000022s ]
INFO: [ app_init ] --END-- [ RunTime:0.000156s ]

[ 2017-05-16T18:04:33+08:00 ] 127.0.0.1 /Book/Home/refresh
INFO: [ app_init ] --START--
INFO: Run Behavior\BuildLiteBehavior [ RunTime:0.000024s ]
INFO: [ app_init ] --END-- [ RunTime:0.000169s ]

[ 2017-05-16T18:05:06+08:00 ] 127.0.0.1 /Book/Home/index
INFO: [ app_init ] --START--
INFO: Run Behavior\BuildLiteBehavior [ RunTime:0.000020s ]
INFO: [ app_init ] --END-- [ RunTime:0.000146s ]

[ 2017-05-16T18:05:45+08:00 ] 127.0.0.1 /Book/Home/refresh
INFO: [ app_init ] --START--
INFO: Run Behavior\BuildLiteBehavior [ RunTime:0.000029s ]
INFO: [ app_init ] --END-- [ RunTime:0.008422s ]

[ 2017-05-16T18:06:57+08:00 ] 127.0.0.1 /Book/Home/refresh
INFO: [ app_init ] --START--
INFO: Run Behavior\BuildLiteBehavior [ RunTime:0.000020s ]
INFO: [ app_init ] --END-- [ RunTime:0.000144s ]

[ 2017-05-16T18:08:09+08:00 ] 127.0.0.1 /Book/Home/refresh
INFO: [ app_init ] --START--
INFO: Run Behavior\BuildLiteBehavior [ RunTime:0.000028s ]
INFO: [ app_init ] --END-- [ RunTime:0.000252s ]

[ 2017-05-16T18:09:21+08:00 ] 127.0.0.1 /Book/Home/refresh
INFO: [ app_init ] --START--
INFO: Run Behavior\BuildLiteBehavior [ RunTime:0.000021s ]
INFO: [ app_init ] --END-- [ RunTime:0.000153s ]

[ 2017-05-16T18:10:33+08:00 ] 127.0.0.1 /Book/Home/refresh
INFO: [ app_init ] --START--
INFO: Run Behavior\BuildLiteBehavior [ RunTime:0.000022s ]
INFO: [ app_init ] --END-- [ RunTime:0.000158s ]

[ 2017-05-16T18:11:45+08:00 ] 127.0.0.1 /Book/Home/refresh
INFO: [ app_init ] --START--
INFO: Run Behavior\BuildLiteBehavior [ RunTime:0.000020s ]
INFO: [ app_init ] --END-- [ RunTime:0.000154s ]
ERR: syntax error, unexpected 'public' (T_PUBLIC)

[ 2017-05-16T18:12:48+08:00 ] 127.0.0.1 /Book/Home/index
INFO: [ app_init ] --START--
INFO: Run Behavior\BuildLiteBehavior [ RunTime:0.000022s ]
INFO: [ app_init ] --END-- [ RunTime:0.000236s ]

[ 2017-05-16T18:13:16+08:00 ] 127.0.0.1 /Book/Home/index
INFO: [ app_init ] --START--
INFO: Run Behavior\BuildLiteBehavior [ RunTime:0.000020s ]
INFO: [ app_init ] --END-- [ RunTime:0.000144s ]

[ 2017-05-16T18:13:16+08:00 ] 127.0.0.1 /Book/Home/refresh
INFO: [ app_init ] --START--
INFO: Run Behavior\BuildLiteBehavior [ RunTime:0.000023s ]
INFO: [ app_init ] --END-- [ RunTime:0.000170s ]

[ 2017-05-16T18:13:50+08:00 ] 127.0.0.1 /Book/Home/index
INFO: [ app_init ] --START--
INFO: Run Behavior\BuildLiteBehavior [ RunTime:0.000022s ]
INFO: [ app_init ] --END-- [ RunTime:0.000156s ]

[ 2017-05-16T18:14:14+08:00 ] 127.0.0.1 /Book/Home/index
INFO: [ app_init ] --START--
INFO: Run Behavior\BuildLiteBehavior [ RunTime:0.000029s ]
INFO: [ app_init ] --END-- [ RunTime:0.000210s ]

[ 2017-05-16T18:14:14+08:00 ] 127.0.0.1 /Book/Home/refresh
INFO: [ app_init ] --START--
INFO: Run Behavior\BuildLiteBehavior [ RunTime:0.000022s ]
INFO: [ app_init ] --END-- [ RunTime:0.000157s ]

[ 2017-05-16T18:15:21+08:00 ] 127.0.0.1 /Book/Home/refresh
INFO: [ app_init ] --START--
INFO: Run Behavior\BuildLiteBehavior [ RunTime:0.000022s ]
INFO: [ app_init ] --END-- [ RunTime:0.000155s ]

[ 2017-05-16T18:16:02+08:00 ] 127.0.0.1 /Book/Home/index
INFO: [ app_init ] --START--
INFO: Run Behavior\BuildLiteBehavior [ RunTime:0.000021s ]
INFO: [ app_init ] --END-- [ RunTime:0.000148s ]

[ 2017-05-16T18:16:04+08:00 ] 127.0.0.1 /Book/Home/index
INFO: [ app_init ] --START--
INFO: Run Behavior\BuildLiteBehavior [ RunTime:0.000023s ]
INFO: [ app_init ] --END-- [ RunTime:0.000161s ]

[ 2017-05-16T18:16:05+08:00 ] 127.0.0.1 /Book/Home/index
INFO: [ app_init ] --START--
INFO: Run Behavior\BuildLiteBehavior [ RunTime:0.000033s ]
INFO: [ app_init ] --END-- [ RunTime:0.000417s ]

[ 2017-05-16T18:16:06+08:00 ] 127.0.0.1 /Book/Home/index
INFO: [ app_init ] --START--
INFO: Run Behavior\BuildLiteBehavior [ RunTime:0.000020s ]
INFO: [ app_init ] --END-- [ RunTime:0.000138s ]

[ 2017-05-16T18:16:06+08:00 ] 127.0.0.1 /Book/Home/index
INFO: [ app_init ] --START--
INFO: Run Behavior\BuildLiteBehavior [ RunTime:0.000018s ]
INFO: [ app_init ] --END-- [ RunTime:0.000210s ]

[ 2017-05-16T18:16:06+08:00 ] 127.0.0.1 /Book/Home/index
INFO: [ app_init ] --START--
INFO: Run Behavior\BuildLiteBehavior [ RunTime:0.000019s ]
INFO: [ app_init ] --END-- [ RunTime:0.000130s ]

[ 2017-05-16T18:16:33+08:00 ] 127.0.0.1 /Book/Home/refresh
INFO: [ app_init ] --START--
INFO: Run Behavior\BuildLiteBehavior [ RunTime:0.000020s ]
INFO: [ app_init ] --END-- [ RunTime:0.000150s ]

[ 2017-05-16T18:17:45+08:00 ] 127.0.0.1 /Book/Home/refresh
INFO: [ app_init ] --START--
INFO: Run Behavior\BuildLiteBehavior [ RunTime:0.000026s ]
INFO: [ app_init ] --END-- [ RunTime:0.000206s ]

[ 2017-05-16T18:18:57+08:00 ] 127.0.0.1 /Book/Home/refresh
INFO: [ app_init ] --START--
INFO: Run Behavior\BuildLiteBehavior [ RunTime:0.000021s ]
INFO: [ app_init ] --END-- [ RunTime:0.000154s ]

[ 2017-05-16T18:20:09+08:00 ] 127.0.0.1 /Book/Home/refresh
INFO: [ app_init ] --START--
INFO: Run Behavior\BuildLiteBehavior [ RunTime:0.000021s ]
INFO: [ app_init ] --END-- [ RunTime:0.000154s ]

[ 2017-05-16T18:21:21+08:00 ] 127.0.0.1 /Book/Home/refresh
INFO: [ app_init ] --START--
INFO: Run Behavior\BuildLiteBehavior [ RunTime:0.000020s ]
INFO: [ app_init ] --END-- [ RunTime:0.000150s ]

[ 2017-05-16T18:22:33+08:00 ] 127.0.0.1 /Book/Home/refresh
INFO: [ app_init ] --START--
INFO: Run Behavior\BuildLiteBehavior [ RunTime:0.000020s ]
INFO: [ app_init ] --END-- [ RunTime:0.000157s ]

[ 2017-05-16T18:23:45+08:00 ] 127.0.0.1 /Book/Home/refresh
INFO: [ app_init ] --START--
INFO: Run Behavior\BuildLiteBehavior [ RunTime:0.000019s ]
INFO: [ app_init ] --END-- [ RunTime:0.000149s ]

[ 2017-05-16T18:24:57+08:00 ] 127.0.0.1 /Book/Home/refresh
INFO: [ app_init ] --START--
INFO: Run Behavior\BuildLiteBehavior [ RunTime:0.000020s ]
INFO: [ app_init ] --END-- [ RunTime:0.000156s ]

[ 2017-05-16T18:26:09+08:00 ] 127.0.0.1 /Book/Home/refresh
INFO: [ app_init ] --START--
INFO: Run Behavior\BuildLiteBehavior [ RunTime:0.000021s ]
INFO: [ app_init ] --END-- [ RunTime:0.000152s ]

[ 2017-05-16T18:27:21+08:00 ] 127.0.0.1 /Book/Home/refresh
INFO: [ app_init ] --START--
INFO: Run Behavior\BuildLiteBehavior [ RunTime:0.000021s ]
INFO: [ app_init ] --END-- [ RunTime:0.000154s ]

[ 2017-05-16T18:28:33+08:00 ] 127.0.0.1 /Book/Home/refresh
INFO: [ app_init ] --START--
INFO: Run Behavior\BuildLiteBehavior [ RunTime:0.000020s ]
INFO: [ app_init ] --END-- [ RunTime:0.000149s ]

[ 2017-05-16T18:29:45+08:00 ] 127.0.0.1 /Book/Home/refresh
INFO: [ app_init ] --START--
INFO: Run Behavior\BuildLiteBehavior [ RunTime:0.000021s ]
INFO: [ app_init ] --END-- [ RunTime:0.000155s ]

[ 2017-05-16T18:30:57+08:00 ] 127.0.0.1 /Book/Home/refresh
INFO: [ app_init ] --START--
INFO: Run Behavior\BuildLiteBehavior [ RunTime:0.000020s ]
INFO: [ app_init ] --END-- [ RunTime:0.000153s ]

[ 2017-05-16T18:32:09+08:00 ] 127.0.0.1 /Book/Home/refresh
INFO: [ app_init ] --START--
INFO: Run Behavior\BuildLiteBehavior [ RunTime:0.000022s ]
INFO: [ app_init ] --END-- [ RunTime:0.000168s ]

[ 2017-05-16T18:33:21+08:00 ] 127.0.0.1 /Book/Home/refresh
INFO: [ app_init ] --START--
INFO: Run Behavior\BuildLiteBehavior [ RunTime:0.000020s ]
INFO: [ app_init ] --END-- [ RunTime:0.000151s ]

[ 2017-05-16T18:34:33+08:00 ] 127.0.0.1 /Book/Home/refresh
INFO: [ app_init ] --START--
INFO: Run Behavior\BuildLiteBehavior [ RunTime:0.000023s ]
INFO: [ app_init ] --END-- [ RunTime:0.000375s ]

[ 2017-05-16T18:35:45+08:00 ] 127.0.0.1 /Book/Home/refresh
INFO: [ app_init ] --START--
INFO: Run Behavior\BuildLiteBehavior [ RunTime:0.000021s ]
INFO: [ app_init ] --END-- [ RunTime:0.000161s ]

[ 2017-05-16T18:36:57+08:00 ] 127.0.0.1 /Book/Home/refresh
INFO: [ app_init ] --START--
INFO: Run Behavior\BuildLiteBehavior [ RunTime:0.000020s ]
INFO: [ app_init ] --END-- [ RunTime:0.000148s ]

[ 2017-05-16T18:38:09+08:00 ] 127.0.0.1 /Book/Home/refresh
INFO: [ app_init ] --START--
INFO: Run Behavior\BuildLiteBehavior [ RunTime:0.000019s ]
INFO: [ app_init ] --END-- [ RunTime:0.000143s ]

[ 2017-05-16T18:39:21+08:00 ] 127.0.0.1 /Book/Home/refresh
INFO: [ app_init ] --START--
INFO: Run Behavior\BuildLiteBehavior [ RunTime:0.000020s ]
INFO: [ app_init ] --END-- [ RunTime:0.000148s ]

[ 2017-05-16T18:40:33+08:00 ] 127.0.0.1 /Book/Home/refresh
INFO: [ app_init ] --START--
INFO: Run Behavior\BuildLiteBehavior [ RunTime:0.000021s ]
INFO: [ app_init ] --END-- [ RunTime:0.000153s ]

[ 2017-05-16T18:41:45+08:00 ] 127.0.0.1 /Book/Home/refresh
INFO: [ app_init ] --START--
INFO: Run Behavior\BuildLiteBehavior [ RunTime:0.000020s ]
INFO: [ app_init ] --END-- [ RunTime:0.000151s ]

[ 2017-05-16T18:42:57+08:00 ] 127.0.0.1 /Book/Home/refresh
INFO: [ app_init ] --START--
INFO: Run Behavior\BuildLiteBehavior [ RunTime:0.000020s ]
INFO: [ app_init ] --END-- [ RunTime:0.000152s ]

[ 2017-05-16T18:44:09+08:00 ] 127.0.0.1 /Book/Home/refresh
INFO: [ app_init ] --START--
INFO: Run Behavior\BuildLiteBehavior [ RunTime:0.000020s ]
INFO: [ app_init ] --END-- [ RunTime:0.000150s ]

[ 2017-05-16T18:45:21+08:00 ] 127.0.0.1 /Book/Home/refresh
INFO: [ app_init ] --START--
INFO: Run Behavior\BuildLiteBehavior [ RunTime:0.000021s ]
INFO: [ app_init ] --END-- [ RunTime:0.000149s ]

[ 2017-05-16T18:46:33+08:00 ] 127.0.0.1 /Book/Home/refresh
INFO: [ app_init ] --START--
INFO: Run Behavior\BuildLiteBehavior [ RunTime:0.000023s ]
INFO: [ app_init ] --END-- [ RunTime:0.000197s ]

[ 2017-05-16T18:47:45+08:00 ] 127.0.0.1 /Book/Home/refresh
INFO: [ app_init ] --START--
INFO: Run Behavior\BuildLiteBehavior [ RunTime:0.000020s ]
INFO: [ app_init ] --END-- [ RunTime:0.000151s ]

[ 2017-05-16T18:48:57+08:00 ] 127.0.0.1 /Book/Home/refresh
INFO: [ app_init ] --START--
INFO: Run Behavior\BuildLiteBehavior [ RunTime:0.000021s ]
INFO: [ app_init ] --END-- [ RunTime:0.000148s ]

[ 2017-05-16T18:50:09+08:00 ] 127.0.0.1 /Book/Home/refresh
INFO: [ app_init ] --START--
INFO: Run Behavior\BuildLiteBehavior [ RunTime:0.000019s ]
INFO: [ app_init ] --END-- [ RunTime:0.000143s ]

[ 2017-05-16T18:51:21+08:00 ] 127.0.0.1 /Book/Home/refresh
INFO: [ app_init ] --START--
INFO: Run Behavior\BuildLiteBehavior [ RunTime:0.000021s ]
INFO: [ app_init ] --END-- [ RunTime:0.000155s ]

[ 2017-05-16T18:52:33+08:00 ] 127.0.0.1 /Book/Home/refresh
INFO: [ app_init ] --START--
INFO: Run Behavior\BuildLiteBehavior [ RunTime:0.000022s ]
INFO: [ app_init ] --END-- [ RunTime:0.000241s ]

[ 2017-05-16T18:53:45+08:00 ] 127.0.0.1 /Book/Home/refresh
INFO: [ app_init ] --START--
INFO: Run Behavior\BuildLiteBehavior [ RunTime:0.000020s ]
INFO: [ app_init ] --END-- [ RunTime:0.000153s ]

[ 2017-05-16T18:54:57+08:00 ] 127.0.0.1 /Book/Home/refresh
INFO: [ app_init ] --START--
INFO: Run Behavior\BuildLiteBehavior [ RunTime:0.000021s ]
INFO: [ app_init ] --END-- [ RunTime:0.000155s ]

[ 2017-05-16T18:56:09+08:00 ] 127.0.0.1 /Book/Home/refresh
INFO: [ app_init ] --START--
INFO: Run Behavior\BuildLiteBehavior [ RunTime:0.000022s ]
INFO: [ app_init ] --END-- [ RunTime:0.000155s ]

[ 2017-05-16T18:57:21+08:00 ] 127.0.0.1 /Book/Home/refresh
INFO: [ app_init ] --START--
INFO: Run Behavior\BuildLiteBehavior [ RunTime:0.000020s ]
INFO: [ app_init ] --END-- [ RunTime:0.000175s ]

[ 2017-05-16T18:58:33+08:00 ] 127.0.0.1 /Book/Home/refresh
INFO: [ app_init ] --START--
INFO: Run Behavior\BuildLiteBehavior [ RunTime:0.000021s ]
INFO: [ app_init ] --END-- [ RunTime:0.000150s ]

[ 2017-05-16T18:59:45+08:00 ] 127.0.0.1 /Book/Home/refresh
INFO: [ app_init ] --START--
INFO: Run Behavior\BuildLiteBehavior [ RunTime:0.000026s ]
INFO: [ app_init ] --END-- [ RunTime:0.000206s ]

[ 2017-05-16T19:00:57+08:00 ] 127.0.0.1 /Book/Home/refresh
INFO: [ app_init ] --START--
INFO: Run Behavior\BuildLiteBehavior [ RunTime:0.000021s ]
INFO: [ app_init ] --END-- [ RunTime:0.000151s ]

[ 2017-05-16T19:02:09+08:00 ] 127.0.0.1 /Book/Home/refresh
INFO: [ app_init ] --START--
INFO: Run Behavior\BuildLiteBehavior [ RunTime:0.000023s ]
INFO: [ app_init ] --END-- [ RunTime:0.000167s ]

[ 2017-05-16T19:03:21+08:00 ] 127.0.0.1 /Book/Home/refresh
INFO: [ app_init ] --START--
INFO: Run Behavior\BuildLiteBehavior [ RunTime:0.000021s ]
INFO: [ app_init ] --END-- [ RunTime:0.000149s ]

[ 2017-05-16T19:04:33+08:00 ] 127.0.0.1 /Book/Home/refresh
INFO: [ app_init ] --START--
INFO: Run Behavior\BuildLiteBehavior [ RunTime:0.000021s ]
INFO: [ app_init ] --END-- [ RunTime:0.000153s ]

[ 2017-05-16T19:05:45+08:00 ] 127.0.0.1 /Book/Home/refresh
INFO: [ app_init ] --START--
INFO: Run Behavior\BuildLiteBehavior [ RunTime:0.000027s ]
INFO: [ app_init ] --END-- [ RunTime:0.000206s ]

[ 2017-05-16T19:06:57+08:00 ] 127.0.0.1 /Book/Home/refresh
INFO: [ app_init ] --START--
INFO: Run Behavior\BuildLiteBehavior [ RunTime:0.000020s ]
INFO: [ app_init ] --END-- [ RunTime:0.000150s ]

[ 2017-05-16T19:08:09+08:00 ] 127.0.0.1 /Book/Home/refresh
INFO: [ app_init ] --START--
INFO: Run Behavior\BuildLiteBehavior [ RunTime:0.000020s ]
INFO: [ app_init ] --END-- [ RunTime:0.000153s ]

[ 2017-05-16T19:09:21+08:00 ] 127.0.0.1 /Book/Home/refresh
INFO: [ app_init ] --START--
INFO: Run Behavior\BuildLiteBehavior [ RunTime:0.000028s ]
INFO: [ app_init ] --END-- [ RunTime:0.000204s ]

[ 2017-05-16T19:10:33+08:00 ] 127.0.0.1 /Book/Home/refresh
INFO: [ app_init ] --START--
INFO: Run Behavior\BuildLiteBehavior [ RunTime:0.000029s ]
INFO: [ app_init ] --END-- [ RunTime:0.000221s ]

[ 2017-05-16T19:11:45+08:00 ] 127.0.0.1 /Book/Home/refresh
INFO: [ app_init ] --START--
INFO: Run Behavior\BuildLiteBehavior [ RunTime:0.000028s ]
INFO: [ app_init ] --END-- [ RunTime:0.000215s ]

[ 2017-05-16T19:12:57+08:00 ] 127.0.0.1 /Book/Home/refresh
INFO: [ app_init ] --START--
INFO: Run Behavior\BuildLiteBehavior [ RunTime:0.000023s ]
INFO: [ app_init ] --END-- [ RunTime:0.000167s ]

[ 2017-05-16T19:14:09+08:00 ] 127.0.0.1 /Book/Home/refresh
INFO: [ app_init ] --START--
INFO: Run Behavior\BuildLiteBehavior [ RunTime:0.000022s ]
INFO: [ app_init ] --END-- [ RunTime:0.000161s ]

[ 2017-05-16T19:15:21+08:00 ] 127.0.0.1 /Book/Home/refresh
INFO: [ app_init ] --START--
INFO: Run Behavior\BuildLiteBehavior [ RunTime:0.000022s ]
INFO: [ app_init ] --END-- [ RunTime:0.000157s ]

[ 2017-05-16T19:16:33+08:00 ] 127.0.0.1 /Book/Home/refresh
INFO: [ app_init ] --START--
INFO: Run Behavior\BuildLiteBehavior [ RunTime:0.000020s ]
INFO: [ app_init ] --END-- [ RunTime:0.000154s ]

[ 2017-05-16T19:17:25+08:00 ] 127.0.0.1 /Book/Home/index
INFO: [ app_init ] --START--
INFO: Run Behavior\BuildLiteBehavior [ RunTime:0.000018s ]
INFO: [ app_init ] --END-- [ RunTime:0.000144s ]

[ 2017-05-16T19:17:28+08:00 ] 127.0.0.1 /Book/Home/index
INFO: [ app_init ] --START--
INFO: Run Behavior\BuildLiteBehavior [ RunTime:0.000020s ]
INFO: [ app_init ] --END-- [ RunTime:0.000149s ]

[ 2017-05-16T19:17:45+08:00 ] 127.0.0.1 /Book/Home/refresh
INFO: [ app_init ] --START--
INFO: Run Behavior\BuildLiteBehavior [ RunTime:0.000021s ]
INFO: [ app_init ] --END-- [ RunTime:0.000153s ]

[ 2017-05-16T19:18:57+08:00 ] 127.0.0.1 /Book/Home/refresh
INFO: [ app_init ] --START--
INFO: Run Behavior\BuildLiteBehavior [ RunTime:0.000019s ]
INFO: [ app_init ] --END-- [ RunTime:0.000144s ]

[ 2017-05-16T19:19:44+08:00 ] 127.0.0.1 /Book/Home/index
INFO: [ app_init ] --START--
INFO: Run Behavior\BuildLiteBehavior [ RunTime:0.000020s ]
INFO: [ app_init ] --END-- [ RunTime:0.000153s ]

[ 2017-05-16T19:19:49+08:00 ] 127.0.0.1 /Book/Home/add
INFO: [ app_init ] --START--
INFO: Run Behavior\BuildLiteBehavior [ RunTime:0.000026s ]
INFO: [ app_init ] --END-- [ RunTime:0.000172s ]

[ 2017-05-16T19:19:50+08:00 ] 127.0.0.1 /Book/Home/code
INFO: [ app_init ] --START--
INFO: Run Behavior\BuildLiteBehavior [ RunTime:0.000023s ]
INFO: [ app_init ] --END-- [ RunTime:0.000161s ]

[ 2017-05-16T19:19:51+08:00 ] 127.0.0.1 /Book/Home/www.2ciyuan.tv/Public/Cy/Img/youavatar.png
INFO: [ app_init ] --START--
INFO: Run Behavior\BuildLiteBehavior [ RunTime:0.000019s ]
INFO: [ app_init ] --END-- [ RunTime:0.000132s ]

[ 2017-05-16T19:19:56+08:00 ] 127.0.0.1 /Book/Home/www.2ciyuan.tv/Public/Cy/Img/youavatar.png
INFO: [ app_init ] --START--
INFO: Run Behavior\BuildLiteBehavior [ RunTime:0.000020s ]
INFO: [ app_init ] --END-- [ RunTime:0.000149s ]

[ 2017-05-16T19:20:09+08:00 ] 127.0.0.1 /Book/Home/refresh
INFO: [ app_init ] --START--
INFO: Run Behavior\BuildLiteBehavior [ RunTime:0.000021s ]
INFO: [ app_init ] --END-- [ RunTime:0.000154s ]

[ 2017-05-16T19:21:09+08:00 ] 127.0.0.1 /Book/Home/refresh
INFO: [ app_init ] --START--
INFO: Run Behavior\BuildLiteBehavior [ RunTime:0.000022s ]
INFO: [ app_init ] --END-- [ RunTime:0.000308s ]

[ 2017-05-16T19:21:21+08:00 ] 127.0.0.1 /Book/Home/refresh
INFO: [ app_init ] --START--
INFO: Run Behavior\BuildLiteBehavior [ RunTime:0.000022s ]
INFO: [ app_init ] --END-- [ RunTime:0.000158s ]

[ 2017-05-16T19:22:21+08:00 ] 127.0.0.1 /Book/Home/refresh
INFO: [ app_init ] --START--
INFO: Run Behavior\BuildLiteBehavior [ RunTime:0.000033s ]
INFO: [ app_init ] --END-- [ RunTime:0.000231s ]

[ 2017-05-16T19:22:33+08:00 ] 127.0.0.1 /Book/Home/refresh
INFO: [ app_init ] --START--
INFO: Run Behavior\BuildLiteBehavior [ RunTime:0.000020s ]
INFO: [ app_init ] --END-- [ RunTime:0.000153s ]

[ 2017-05-16T19:23:33+08:00 ] 127.0.0.1 /Book/Home/refresh
INFO: [ app_init ] --START--
INFO: Run Behavior\BuildLiteBehavior [ RunTime:0.000029s ]
INFO: [ app_init ] --END-- [ RunTime:0.000248s ]

[ 2017-05-16T19:23:45+08:00 ] 127.0.0.1 /Book/Home/refresh
INFO: [ app_init ] --START--
INFO: Run Behavior\BuildLiteBehavior [ RunTime:0.000022s ]
INFO: [ app_init ] --END-- [ RunTime:0.000168s ]

[ 2017-05-16T19:24:45+08:00 ] 127.0.0.1 /Book/Home/refresh
INFO: [ app_init ] --START--
INFO: Run Behavior\BuildLiteBehavior [ RunTime:0.000021s ]
INFO: [ app_init ] --END-- [ RunTime:0.000160s ]

[ 2017-05-16T19:24:57+08:00 ] 127.0.0.1 /Book/Home/refresh
INFO: [ app_init ] --START--
INFO: Run Behavior\BuildLiteBehavior [ RunTime:0.000021s ]
INFO: [ app_init ] --END-- [ RunTime:0.000155s ]

[ 2017-05-16T19:25:57+08:00 ] 127.0.0.1 /Book/Home/refresh
INFO: [ app_init ] --START--
INFO: Run Behavior\BuildLiteBehavior [ RunTime:0.000028s ]
INFO: [ app_init ] --END-- [ RunTime:0.000214s ]

[ 2017-05-16T19:26:09+08:00 ] 127.0.0.1 /Book/Home/refresh
INFO: [ app_init ] --START--
INFO: Run Behavior\BuildLiteBehavior [ RunTime:0.000022s ]
INFO: [ app_init ] --END-- [ RunTime:0.000156s ]

[ 2017-05-16T19:27:09+08:00 ] 127.0.0.1 /Book/Home/refresh
INFO: [ app_init ] --START--
INFO: Run Behavior\BuildLiteBehavior [ RunTime:0.000025s ]
INFO: [ app_init ] --END-- [ RunTime:0.000175s ]

[ 2017-05-16T19:27:21+08:00 ] 127.0.0.1 /Book/Home/refresh
INFO: [ app_init ] --START--
INFO: Run Behavior\BuildLiteBehavior [ RunTime:0.000022s ]
INFO: [ app_init ] --END-- [ RunTime:0.000171s ]

[ 2017-05-16T19:28:21+08:00 ] 127.0.0.1 /Book/Home/refresh
INFO: [ app_init ] --START--
INFO: Run Behavior\BuildLiteBehavior [ RunTime:0.000028s ]
INFO: [ app_init ] --END-- [ RunTime:0.000213s ]

[ 2017-05-16T19:28:33+08:00 ] 127.0.0.1 /Book/Home/refresh
INFO: [ app_init ] --START--
INFO: Run Behavior\BuildLiteBehavior [ RunTime:0.000023s ]
INFO: [ app_init ] --END-- [ RunTime:0.000171s ]

[ 2017-05-16T19:29:33+08:00 ] 127.0.0.1 /Book/Home/refresh
INFO: [ app_init ] --START--
INFO: Run Behavior\BuildLiteBehavior [ RunTime:0.000022s ]
INFO: [ app_init ] --END-- [ RunTime:0.000164s ]
ERR: syntax error, unexpected '}'

[ 2017-05-16T19:29:45+08:00 ] 127.0.0.1 /Book/Home/refresh
INFO: [ app_init ] --START--
INFO: Run Behavior\BuildLiteBehavior [ RunTime:0.000020s ]
INFO: [ app_init ] --END-- [ RunTime:0.000154s ]

[ 2017-05-16T19:30:45+08:00 ] 127.0.0.1 /Book/Home/refresh
INFO: [ app_init ] --START--
INFO: Run Behavior\BuildLiteBehavior [ RunTime:0.000022s ]
INFO: [ app_init ] --END-- [ RunTime:0.000161s ]

[ 2017-05-16T19:30:57+08:00 ] 127.0.0.1 /Book/Home/refresh
INFO: [ app_init ] --START--
INFO: Run Behavior\BuildLiteBehavior [ RunTime:0.000021s ]
INFO: [ app_init ] --END-- [ RunTime:0.000152s ]

[ 2017-05-16T19:31:57+08:00 ] 127.0.0.1 /Book/Home/refresh
INFO: [ app_init ] --START--
INFO: Run Behavior\BuildLiteBehavior [ RunTime:0.000019s ]
INFO: [ app_init ] --END-- [ RunTime:0.000145s ]

[ 2017-05-16T19:32:10+08:00 ] 127.0.0.1 /Book/Home/refresh
INFO: [ app_init ] --START--
INFO: Run Behavior\BuildLiteBehavior [ RunTime:0.000026s ]
INFO: [ app_init ] --END-- [ RunTime:0.000187s ]
ERR: syntax error, unexpected '}'

[ 2017-05-16T19:33:09+08:00 ] 127.0.0.1 /Book/Home/refresh
INFO: [ app_init ] --START--
INFO: Run Behavior\BuildLiteBehavior [ RunTime:0.000020s ]
INFO: [ app_init ] --END-- [ RunTime:0.000157s ]

[ 2017-05-16T19:33:21+08:00 ] 127.0.0.1 /Book/Home/refresh
INFO: [ app_init ] --START--
INFO: Run Behavior\BuildLiteBehavior [ RunTime:0.000021s ]
INFO: [ app_init ] --END-- [ RunTime:0.000184s ]

[ 2017-05-16T19:34:21+08:00 ] 127.0.0.1 /Book/Home/refresh
INFO: [ app_init ] --START--
INFO: Run Behavior\BuildLiteBehavior [ RunTime:0.000022s ]
INFO: [ app_init ] --END-- [ RunTime:0.000157s ]

[ 2017-05-16T19:34:33+08:00 ] 127.0.0.1 /Book/Home/refresh
INFO: [ app_init ] --START--
INFO: Run Behavior\BuildLiteBehavior [ RunTime:0.000022s ]
INFO: [ app_init ] --END-- [ RunTime:0.000154s ]

[ 2017-05-16T19:35:33+08:00 ] 127.0.0.1 /Book/Home/refresh
INFO: [ app_init ] --START--
INFO: Run Behavior\BuildLiteBehavior [ RunTime:0.000029s ]
INFO: [ app_init ] --END-- [ RunTime:0.000219s ]

[ 2017-05-16T19:35:45+08:00 ] 127.0.0.1 /Book/Home/refresh
INFO: [ app_init ] --START--
INFO: Run Behavior\BuildLiteBehavior [ RunTime:0.000022s ]
INFO: [ app_init ] --END-- [ RunTime:0.000167s ]

[ 2017-05-16T19:36:50+08:00 ] 127.0.0.1 /Book/Home/add
INFO: [ app_init ] --START--
INFO: Run Behavior\BuildLiteBehavior [ RunTime:0.000023s ]
INFO: [ app_init ] --END-- [ RunTime:0.000168s ]

[ 2017-05-16T19:36:50+08:00 ] 127.0.0.1 /Book/Home/refresh
INFO: [ app_init ] --START--
INFO: Run Behavior\BuildLiteBehavior [ RunTime:0.000023s ]
INFO: [ app_init ] --END-- [ RunTime:0.000170s ]

[ 2017-05-16T19:36:50+08:00 ] 127.0.0.1 /Book/Home/code
INFO: [ app_init ] --START--
INFO: Run Behavior\BuildLiteBehavior [ RunTime:0.000022s ]
INFO: [ app_init ] --END-- [ RunTime:0.000164s ]

[ 2017-05-16T19:36:50+08:00 ] 127.0.0.1 /Book/Home/www.2ciyuan.tv/Public/Cy/Img/youavatar.png
INFO: [ app_init ] --START--
INFO: Run Behavior\BuildLiteBehavior [ RunTime:0.000020s ]
INFO: [ app_init ] --END-- [ RunTime:0.000132s ]

[ 2017-05-16T19:36:51+08:00 ] 127.0.0.1 /Book/Home/www.2ciyuan.tv/Public/Cy/Img/youavatar.png
INFO: [ app_init ] --START--
INFO: Run Behavior\BuildLiteBehavior [ RunTime:0.000020s ]
INFO: [ app_init ] --END-- [ RunTime:0.000134s ]

[ 2017-05-16T19:36:57+08:00 ] 127.0.0.1 /Book/Home/refresh
INFO: [ app_init ] --START--
INFO: Run Behavior\BuildLiteBehavior [ RunTime:0.000021s ]
INFO: [ app_init ] --END-- [ RunTime:0.000155s ]

[ 2017-05-16T19:38:04+08:00 ] 127.0.0.1 /Book/Home/refresh
INFO: [ app_init ] --START--
INFO: Run Behavior\BuildLiteBehavior [ RunTime:0.000020s ]
INFO: [ app_init ] --END-- [ RunTime:0.000152s ]

[ 2017-05-16T19:38:09+08:00 ] 127.0.0.1 /Book/Home/refresh
INFO: [ app_init ] --START--
INFO: Run Behavior\BuildLiteBehavior [ RunTime:0.000020s ]
INFO: [ app_init ] --END-- [ RunTime:0.000147s ]

[ 2017-05-16T19:39:16+08:00 ] 127.0.0.1 /Book/Home/refresh
INFO: [ app_init ] --START--
INFO: Run Behavior\BuildLiteBehavior [ RunTime:0.000023s ]
INFO: [ app_init ] --END-- [ RunTime:0.000167s ]

[ 2017-05-16T19:39:21+08:00 ] 127.0.0.1 /Book/Home/refresh
INFO: [ app_init ] --START--
INFO: Run Behavior\BuildLiteBehavior [ RunTime:0.000022s ]
INFO: [ app_init ] --END-- [ RunTime:0.000162s ]

[ 2017-05-16T19:39:50+08:00 ] 127.0.0.1 /Book/Home/add
INFO: [ app_init ] --START--
INFO: Run Behavior\BuildLiteBehavior [ RunTime:0.000031s ]
INFO: [ app_init ] --END-- [ RunTime:0.000215s ]

[ 2017-05-16T19:39:50+08:00 ] 127.0.0.1 /Book/Home/code
INFO: [ app_init ] --START--
INFO: Run Behavior\BuildLiteBehavior [ RunTime:0.000019s ]
INFO: [ app_init ] --END-- [ RunTime:0.000149s ]

[ 2017-05-16T19:39:50+08:00 ] 127.0.0.1 /Book/Home/www.2ciyuan.tv/Public/Cy/Img/youavatar.png
INFO: [ app_init ] --START--
INFO: Run Behavior\BuildLiteBehavior [ RunTime:0.000019s ]
INFO: [ app_init ] --END-- [ RunTime:0.000133s ]

[ 2017-05-16T19:39:51+08:00 ] 127.0.0.1 /Book/Home/www.2ciyuan.tv/Public/Cy/Img/youavatar.png
INFO: [ app_init ] --START--
INFO: Run Behavior\BuildLiteBehavior [ RunTime:0.000021s ]
INFO: [ app_init ] --END-- [ RunTime:0.000240s ]

[ 2017-05-16T19:40:33+08:00 ] 127.0.0.1 /Book/Home/refresh
INFO: [ app_init ] --START--
INFO: Run Behavior\BuildLiteBehavior [ RunTime:0.000117s ]
INFO: [ app_init ] --END-- [ RunTime:0.000257s ]

[ 2017-05-16T19:41:04+08:00 ] 127.0.0.1 /Book/Home/refresh
INFO: [ app_init ] --START--
INFO: Run Behavior\BuildLiteBehavior [ RunTime:0.000021s ]
INFO: [ app_init ] --END-- [ RunTime:0.000152s ]

[ 2017-05-16T19:41:45+08:00 ] 127.0.0.1 /Book/Home/refresh
INFO: [ app_init ] --START--
INFO: Run Behavior\BuildLiteBehavior [ RunTime:0.000025s ]
INFO: [ app_init ] --END-- [ RunTime:0.000222s ]

[ 2017-05-16T19:42:16+08:00 ] 127.0.0.1 /Book/Home/refresh
INFO: [ app_init ] --START--
INFO: Run Behavior\BuildLiteBehavior [ RunTime:0.000022s ]
INFO: [ app_init ] --END-- [ RunTime:0.000151s ]

[ 2017-05-16T19:42:57+08:00 ] 127.0.0.1 /Book/Home/refresh
INFO: [ app_init ] --START--
INFO: Run Behavior\BuildLiteBehavior [ RunTime:0.000020s ]
INFO: [ app_init ] --END-- [ RunTime:0.000151s ]

[ 2017-05-16T19:43:28+08:00 ] 127.0.0.1 /Book/Home/refresh
INFO: [ app_init ] --START--
INFO: Run Behavior\BuildLiteBehavior [ RunTime:0.000020s ]
INFO: [ app_init ] --END-- [ RunTime:0.000152s ]

[ 2017-05-16T19:44:09+08:00 ] 127.0.0.1 /Book/Home/refresh
INFO: [ app_init ] --START--
INFO: Run Behavior\BuildLiteBehavior [ RunTime:0.000020s ]
INFO: [ app_init ] --END-- [ RunTime:0.000147s ]

[ 2017-05-16T19:44:40+08:00 ] 127.0.0.1 /Book/Home/refresh
INFO: [ app_init ] --START--
INFO: Run Behavior\BuildLiteBehavior [ RunTime:0.000021s ]
INFO: [ app_init ] --END-- [ RunTime:0.000153s ]

[ 2017-05-16T19:45:21+08:00 ] 127.0.0.1 /Book/Home/refresh
INFO: [ app_init ] --START--
INFO: Run Behavior\BuildLiteBehavior [ RunTime:0.000020s ]
INFO: [ app_init ] --END-- [ RunTime:0.000151s ]

[ 2017-05-16T19:45:52+08:00 ] 127.0.0.1 /Book/Home/refresh
INFO: [ app_init ] --START--
INFO: Run Behavior\BuildLiteBehavior [ RunTime:0.000020s ]
INFO: [ app_init ] --END-- [ RunTime:0.000154s ]

[ 2017-05-16T19:46:33+08:00 ] 127.0.0.1 /Book/Home/refresh
INFO: [ app_init ] --START--
INFO: Run Behavior\BuildLiteBehavior [ RunTime:0.000020s ]
INFO: [ app_init ] --END-- [ RunTime:0.000155s ]

[ 2017-05-16T19:47:04+08:00 ] 127.0.0.1 /Book/Home/refresh
INFO: [ app_init ] --START--
INFO: Run Behavior\BuildLiteBehavior [ RunTime:0.000021s ]
INFO: [ app_init ] --END-- [ RunTime:0.000154s ]

[ 2017-05-16T19:47:45+08:00 ] 127.0.0.1 /Book/Home/refresh
INFO: [ app_init ] --START--
INFO: Run Behavior\BuildLiteBehavior [ RunTime:0.000022s ]
INFO: [ app_init ] --END-- [ RunTime:0.000159s ]

[ 2017-05-16T19:48:16+08:00 ] 127.0.0.1 /Book/Home/refresh
INFO: [ app_init ] --START--
INFO: Run Behavior\BuildLiteBehavior [ RunTime:0.000021s ]
INFO: [ app_init ] --END-- [ RunTime:0.000159s ]

[ 2017-05-16T19:48:57+08:00 ] 127.0.0.1 /Book/Home/refresh
INFO: [ app_init ] --START--
INFO: Run Behavior\BuildLiteBehavior [ RunTime:0.000020s ]
INFO: [ app_init ] --END-- [ RunTime:0.000150s ]

[ 2017-05-16T19:49:28+08:00 ] 127.0.0.1 /Book/Home/refresh
INFO: [ app_init ] --START--
INFO: Run Behavior\BuildLiteBehavior [ RunTime:0.000023s ]
INFO: [ app_init ] --END-- [ RunTime:0.000168s ]

[ 2017-05-16T19:50:09+08:00 ] 127.0.0.1 /Book/Home/refresh
INFO: [ app_init ] --START--
INFO: Run Behavior\BuildLiteBehavior [ RunTime:0.000021s ]
INFO: [ app_init ] --END-- [ RunTime:0.000150s ]

[ 2017-05-16T19:50:40+08:00 ] 127.0.0.1 /Book/Home/refresh
INFO: [ app_init ] --START--
INFO: Run Behavior\BuildLiteBehavior [ RunTime:0.000024s ]
INFO: [ app_init ] --END-- [ RunTime:0.000290s ]

[ 2017-05-16T19:51:21+08:00 ] 127.0.0.1 /Book/Home/refresh
INFO: [ app_init ] --START--
INFO: Run Behavior\BuildLiteBehavior [ RunTime:0.000021s ]
INFO: [ app_init ] --END-- [ RunTime:0.000156s ]

[ 2017-05-16T19:51:52+08:00 ] 127.0.0.1 /Book/Home/refresh
INFO: [ app_init ] --START--
INFO: Run Behavior\BuildLiteBehavior [ RunTime:0.000098s ]
INFO: [ app_init ] --END-- [ RunTime:0.000247s ]

[ 2017-05-16T19:52:33+08:00 ] 127.0.0.1 /Book/Home/refresh
INFO: [ app_init ] --START--
INFO: Run Behavior\BuildLiteBehavior [ RunTime:0.000021s ]
INFO: [ app_init ] --END-- [ RunTime:0.000157s ]

[ 2017-05-16T19:53:04+08:00 ] 127.0.0.1 /Book/Home/refresh
INFO: [ app_init ] --START--
INFO: Run Behavior\BuildLiteBehavior [ RunTime:0.000022s ]
INFO: [ app_init ] --END-- [ RunTime:0.000260s ]

[ 2017-05-16T19:53:45+08:00 ] 127.0.0.1 /Book/Home/refresh
INFO: [ app_init ] --START--
INFO: Run Behavior\BuildLiteBehavior [ RunTime:0.000019s ]
INFO: [ app_init ] --END-- [ RunTime:0.000152s ]

[ 2017-05-16T19:54:16+08:00 ] 127.0.0.1 /Book/Home/refresh
INFO: [ app_init ] --START--
INFO: Run Behavior\BuildLiteBehavior [ RunTime:0.000022s ]
INFO: [ app_init ] --END-- [ RunTime:0.000156s ]

[ 2017-05-16T19:54:57+08:00 ] 127.0.0.1 /Book/Home/refresh
INFO: [ app_init ] --START--
INFO: Run Behavior\BuildLiteBehavior [ RunTime:0.000019s ]
INFO: [ app_init ] --END-- [ RunTime:0.000143s ]

[ 2017-05-16T19:55:28+08:00 ] 127.0.0.1 /Book/Home/refresh
INFO: [ app_init ] --START--
INFO: Run Behavior\BuildLiteBehavior [ RunTime:0.000022s ]
INFO: [ app_init ] --END-- [ RunTime:0.000154s ]

[ 2017-05-16T19:56:09+08:00 ] 127.0.0.1 /Book/Home/refresh
INFO: [ app_init ] --START--
INFO: Run Behavior\BuildLiteBehavior [ RunTime:0.000020s ]
INFO: [ app_init ] --END-- [ RunTime:0.000151s ]

[ 2017-05-16T19:56:40+08:00 ] 127.0.0.1 /Book/Home/refresh
INFO: [ app_init ] --START--
INFO: Run Behavior\BuildLiteBehavior [ RunTime:0.000021s ]
INFO: [ app_init ] --END-- [ RunTime:0.000261s ]

[ 2017-05-16T19:57:21+08:00 ] 127.0.0.1 /Book/Home/refresh
INFO: [ app_init ] --START--
INFO: Run Behavior\BuildLiteBehavior [ RunTime:0.000021s ]
INFO: [ app_init ] --END-- [ RunTime:0.000153s ]

[ 2017-05-16T19:57:52+08:00 ] 127.0.0.1 /Book/Home/refresh
INFO: [ app_init ] --START--
INFO: Run Behavior\BuildLiteBehavior [ RunTime:0.000024s ]
INFO: [ app_init ] --END-- [ RunTime:0.000177s ]

[ 2017-05-16T19:58:33+08:00 ] 127.0.0.1 /Book/Home/refresh
INFO: [ app_init ] --START--
INFO: Run Behavior\BuildLiteBehavior [ RunTime:0.000022s ]
INFO: [ app_init ] --END-- [ RunTime:0.000156s ]

[ 2017-05-16T19:59:04+08:00 ] 127.0.0.1 /Book/Home/refresh
INFO: [ app_init ] --START--
INFO: Run Behavior\BuildLiteBehavior [ RunTime:0.000023s ]
INFO: [ app_init ] --END-- [ RunTime:0.000166s ]

[ 2017-05-16T19:59:45+08:00 ] 127.0.0.1 /Book/Home/refresh
INFO: [ app_init ] --START--
INFO: Run Behavior\BuildLiteBehavior [ RunTime:0.000019s ]
INFO: [ app_init ] --END-- [ RunTime:0.000148s ]

[ 2017-05-16T20:00:16+08:00 ] 127.0.0.1 /Book/Home/refresh
INFO: [ app_init ] --START--
INFO: Run Behavior\BuildLiteBehavior [ RunTime:0.000021s ]
INFO: [ app_init ] --END-- [ RunTime:0.000153s ]

[ 2017-05-16T20:00:57+08:00 ] 127.0.0.1 /Book/Home/refresh
INFO: [ app_init ] --START--
INFO: Run Behavior\BuildLiteBehavior [ RunTime:0.000022s ]
INFO: [ app_init ] --END-- [ RunTime:0.000150s ]

[ 2017-05-16T20:01:28+08:00 ] 127.0.0.1 /Book/Home/refresh
INFO: [ app_init ] --START--
INFO: Run Behavior\BuildLiteBehavior [ RunTime:0.000022s ]
INFO: [ app_init ] --END-- [ RunTime:0.000166s ]

[ 2017-05-16T20:02:09+08:00 ] 127.0.0.1 /Book/Home/refresh
INFO: [ app_init ] --START--
INFO: Run Behavior\BuildLiteBehavior [ RunTime:0.000021s ]
INFO: [ app_init ] --END-- [ RunTime:0.000154s ]

[ 2017-05-16T20:02:40+08:00 ] 127.0.0.1 /Book/Home/refresh
INFO: [ app_init ] --START--
INFO: Run Behavior\BuildLiteBehavior [ RunTime:0.000022s ]
INFO: [ app_init ] --END-- [ RunTime:0.000150s ]

[ 2017-05-16T20:03:21+08:00 ] 127.0.0.1 /Book/Home/refresh
INFO: [ app_init ] --START--
INFO: Run Behavior\BuildLiteBehavior [ RunTime:0.000021s ]
INFO: [ app_init ] --END-- [ RunTime:0.000153s ]

[ 2017-05-16T20:03:52+08:00 ] 127.0.0.1 /Book/Home/refresh
INFO: [ app_init ] --START--
INFO: Run Behavior\BuildLiteBehavior [ RunTime:0.000022s ]
INFO: [ app_init ] --END-- [ RunTime:0.000152s ]

[ 2017-05-16T20:04:33+08:00 ] 127.0.0.1 /Book/Home/refresh
INFO: [ app_init ] --START--
INFO: Run Behavior\BuildLiteBehavior [ RunTime:0.000019s ]
INFO: [ app_init ] --END-- [ RunTime:0.000151s ]

[ 2017-05-16T20:05:04+08:00 ] 127.0.0.1 /Book/Home/refresh
INFO: [ app_init ] --START--
INFO: Run Behavior\BuildLiteBehavior [ RunTime:0.000029s ]
INFO: [ app_init ] --END-- [ RunTime:0.000266s ]

[ 2017-05-16T20:05:45+08:00 ] 127.0.0.1 /Book/Home/refresh
INFO: [ app_init ] --START--
INFO: Run Behavior\BuildLiteBehavior [ RunTime:0.000027s ]
INFO: [ app_init ] --END-- [ RunTime:0.000206s ]

[ 2017-05-16T20:06:16+08:00 ] 127.0.0.1 /Book/Home/refresh
INFO: [ app_init ] --START--
INFO: Run Behavior\BuildLiteBehavior [ RunTime:0.000028s ]
INFO: [ app_init ] --END-- [ RunTime:0.000217s ]

[ 2017-05-16T20:06:57+08:00 ] 127.0.0.1 /Book/Home/refresh
INFO: [ app_init ] --START--
INFO: Run Behavior\BuildLiteBehavior [ RunTime:0.000023s ]
INFO: [ app_init ] --END-- [ RunTime:0.000314s ]

[ 2017-05-16T20:07:28+08:00 ] 127.0.0.1 /Book/Home/refresh
INFO: [ app_init ] --START--
INFO: Run Behavior\BuildLiteBehavior [ RunTime:0.000027s ]
INFO: [ app_init ] --END-- [ RunTime:0.000216s ]

[ 2017-05-16T20:08:09+08:00 ] 127.0.0.1 /Book/Home/refresh
INFO: [ app_init ] --START--
INFO: Run Behavior\BuildLiteBehavior [ RunTime:0.000028s ]
INFO: [ app_init ] --END-- [ RunTime:0.000216s ]

[ 2017-05-16T20:08:40+08:00 ] 127.0.0.1 /Book/Home/refresh
INFO: [ app_init ] --START--
INFO: Run Behavior\BuildLiteBehavior [ RunTime:0.000029s ]
INFO: [ app_init ] --END-- [ RunTime:0.000220s ]

[ 2017-05-16T20:09:21+08:00 ] 127.0.0.1 /Book/Home/refresh
INFO: [ app_init ] --START--
INFO: Run Behavior\BuildLiteBehavior [ RunTime:0.000021s ]
INFO: [ app_init ] --END-- [ RunTime:0.000162s ]

[ 2017-05-16T20:09:52+08:00 ] 127.0.0.1 /Book/Home/refresh
INFO: [ app_init ] --START--
INFO: Run Behavior\BuildLiteBehavior [ RunTime:0.000020s ]
INFO: [ app_init ] --END-- [ RunTime:0.000154s ]

[ 2017-05-16T20:10:33+08:00 ] 127.0.0.1 /Book/Home/refresh
INFO: [ app_init ] --START--
INFO: Run Behavior\BuildLiteBehavior [ RunTime:0.000021s ]
INFO: [ app_init ] --END-- [ RunTime:0.000154s ]

[ 2017-05-16T20:11:04+08:00 ] 127.0.0.1 /Book/Home/refresh
INFO: [ app_init ] --START--
INFO: Run Behavior\BuildLiteBehavior [ RunTime:0.000020s ]
INFO: [ app_init ] --END-- [ RunTime:0.000151s ]

[ 2017-05-16T20:11:45+08:00 ] 127.0.0.1 /Book/Home/refresh
INFO: [ app_init ] --START--
INFO: Run Behavior\BuildLiteBehavior [ RunTime:0.000023s ]
INFO: [ app_init ] --END-- [ RunTime:0.000172s ]

[ 2017-05-16T20:12:16+08:00 ] 127.0.0.1 /Book/Home/refresh
INFO: [ app_init ] --START--
INFO: Run Behavior\BuildLiteBehavior [ RunTime:0.000021s ]
INFO: [ app_init ] --END-- [ RunTime:0.000155s ]

[ 2017-05-16T20:12:57+08:00 ] 127.0.0.1 /Book/Home/refresh
INFO: [ app_init ] --START--
INFO: Run Behavior\BuildLiteBehavior [ RunTime:0.000020s ]
INFO: [ app_init ] --END-- [ RunTime:0.000149s ]

[ 2017-05-16T20:13:28+08:00 ] 127.0.0.1 /Book/Home/refresh
INFO: [ app_init ] --START--
INFO: Run Behavior\BuildLiteBehavior [ RunTime:0.000024s ]
INFO: [ app_init ] --END-- [ RunTime:0.000169s ]

[ 2017-05-16T20:14:09+08:00 ] 127.0.0.1 /Book/Home/refresh
INFO: [ app_init ] --START--
INFO: Run Behavior\BuildLiteBehavior [ RunTime:0.000022s ]
INFO: [ app_init ] --END-- [ RunTime:0.000154s ]

[ 2017-05-16T20:14:40+08:00 ] 127.0.0.1 /Book/Home/refresh
INFO: [ app_init ] --START--
INFO: Run Behavior\BuildLiteBehavior [ RunTime:0.000022s ]
INFO: [ app_init ] --END-- [ RunTime:0.000156s ]

[ 2017-05-16T20:15:21+08:00 ] 127.0.0.1 /Book/Home/refresh
INFO: [ app_init ] --START--
INFO: Run Behavior\BuildLiteBehavior [ RunTime:0.000024s ]
INFO: [ app_init ] --END-- [ RunTime:0.000169s ]

[ 2017-05-16T20:15:52+08:00 ] 127.0.0.1 /Book/Home/refresh
INFO: [ app_init ] --START--
INFO: Run Behavior\BuildLiteBehavior [ RunTime:0.000019s ]
INFO: [ app_init ] --END-- [ RunTime:0.000148s ]

[ 2017-05-16T20:16:33+08:00 ] 127.0.0.1 /Book/Home/refresh
INFO: [ app_init ] --START--
INFO: Run Behavior\BuildLiteBehavior [ RunTime:0.000025s ]
INFO: [ app_init ] --END-- [ RunTime:0.000186s ]

[ 2017-05-16T20:17:04+08:00 ] 127.0.0.1 /Book/Home/refresh
INFO: [ app_init ] --START--
INFO: Run Behavior\BuildLiteBehavior [ RunTime:0.000022s ]
INFO: [ app_init ] --END-- [ RunTime:0.000155s ]

[ 2017-05-16T20:17:45+08:00 ] 127.0.0.1 /Book/Home/refresh
INFO: [ app_init ] --START--
INFO: Run Behavior\BuildLiteBehavior [ RunTime:0.000023s ]
INFO: [ app_init ] --END-- [ RunTime:0.000167s ]

[ 2017-05-16T20:18:16+08:00 ] 127.0.0.1 /Book/Home/refresh
INFO: [ app_init ] --START--
INFO: Run Behavior\BuildLiteBehavior [ RunTime:0.000028s ]
INFO: [ app_init ] --END-- [ RunTime:0.000206s ]

[ 2017-05-16T20:18:57+08:00 ] 127.0.0.1 /Book/Home/refresh
INFO: [ app_init ] --START--
INFO: Run Behavior\BuildLiteBehavior [ RunTime:0.000021s ]
INFO: [ app_init ] --END-- [ RunTime:0.000154s ]

[ 2017-05-16T20:19:28+08:00 ] 127.0.0.1 /Book/Home/refresh
INFO: [ app_init ] --START--
INFO: Run Behavior\BuildLiteBehavior [ RunTime:0.000023s ]
INFO: [ app_init ] --END-- [ RunTime:0.000157s ]

[ 2017-05-16T20:20:09+08:00 ] 127.0.0.1 /Book/Home/refresh
INFO: [ app_init ] --START--
INFO: Run Behavior\BuildLiteBehavior [ RunTime:0.000021s ]
INFO: [ app_init ] --END-- [ RunTime:0.000155s ]

[ 2017-05-16T20:20:40+08:00 ] 127.0.0.1 /Book/Home/refresh
INFO: [ app_init ] --START--
INFO: Run Behavior\BuildLiteBehavior [ RunTime:0.000027s ]
INFO: [ app_init ] --END-- [ RunTime:0.000214s ]

[ 2017-05-16T20:21:21+08:00 ] 127.0.0.1 /Book/Home/refresh
INFO: [ app_init ] --START--
INFO: Run Behavior\BuildLiteBehavior [ RunTime:0.000023s ]
INFO: [ app_init ] --END-- [ RunTime:0.000167s ]

[ 2017-05-16T20:21:52+08:00 ] 127.0.0.1 /Book/Home/refresh
INFO: [ app_init ] --START--
INFO: Run Behavior\BuildLiteBehavior [ RunTime:0.000021s ]
INFO: [ app_init ] --END-- [ RunTime:0.000151s ]

[ 2017-05-16T20:22:33+08:00 ] 127.0.0.1 /Book/Home/refresh
INFO: [ app_init ] --START--
INFO: Run Behavior\BuildLiteBehavior [ RunTime:0.000021s ]
INFO: [ app_init ] --END-- [ RunTime:0.000154s ]

[ 2017-05-16T20:23:04+08:00 ] 127.0.0.1 /Book/Home/refresh
INFO: [ app_init ] --START--
INFO: Run Behavior\BuildLiteBehavior [ RunTime:0.000020s ]
INFO: [ app_init ] --END-- [ RunTime:0.000148s ]

[ 2017-05-16T20:23:45+08:00 ] 127.0.0.1 /Book/Home/refresh
INFO: [ app_init ] --START--
INFO: Run Behavior\BuildLiteBehavior [ RunTime:0.000021s ]
INFO: [ app_init ] --END-- [ RunTime:0.000154s ]

[ 2017-05-16T20:24:16+08:00 ] 127.0.0.1 /Book/Home/refresh
INFO: [ app_init ] --START--
INFO: Run Behavior\BuildLiteBehavior [ RunTime:0.000028s ]
INFO: [ app_init ] --END-- [ RunTime:0.000212s ]

[ 2017-05-16T20:24:57+08:00 ] 127.0.0.1 /Book/Home/refresh
INFO: [ app_init ] --START--
INFO: Run Behavior\BuildLiteBehavior [ RunTime:0.000021s ]
INFO: [ app_init ] --END-- [ RunTime:0.000187s ]

[ 2017-05-16T20:25:28+08:00 ] 127.0.0.1 /Book/Home/refresh
INFO: [ app_init ] --START--
INFO: Run Behavior\BuildLiteBehavior [ RunTime:0.000022s ]
INFO: [ app_init ] --END-- [ RunTime:0.000164s ]

[ 2017-05-16T20:26:09+08:00 ] 127.0.0.1 /Book/Home/refresh
INFO: [ app_init ] --START--
INFO: Run Behavior\BuildLiteBehavior [ RunTime:0.000021s ]
INFO: [ app_init ] --END-- [ RunTime:0.000152s ]

[ 2017-05-16T20:26:40+08:00 ] 127.0.0.1 /Book/Home/refresh
INFO: [ app_init ] --START--
INFO: Run Behavior\BuildLiteBehavior [ RunTime:0.000021s ]
INFO: [ app_init ] --END-- [ RunTime:0.000152s ]

[ 2017-05-16T20:27:21+08:00 ] 127.0.0.1 /Book/Home/refresh
INFO: [ app_init ] --START--
INFO: Run Behavior\BuildLiteBehavior [ RunTime:0.000019s ]
INFO: [ app_init ] --END-- [ RunTime:0.000145s ]

[ 2017-05-16T20:27:52+08:00 ] 127.0.0.1 /Book/Home/refresh
INFO: [ app_init ] --START--
INFO: Run Behavior\BuildLiteBehavior [ RunTime:0.000022s ]
INFO: [ app_init ] --END-- [ RunTime:0.000262s ]

[ 2017-05-16T20:28:33+08:00 ] 127.0.0.1 /Book/Home/refresh
INFO: [ app_init ] --START--
INFO: Run Behavior\BuildLiteBehavior [ RunTime:0.000021s ]
INFO: [ app_init ] --END-- [ RunTime:0.000151s ]

[ 2017-05-16T20:29:04+08:00 ] 127.0.0.1 /Book/Home/refresh
INFO: [ app_init ] --START--
INFO: Run Behavior\BuildLiteBehavior [ RunTime:0.000023s ]
INFO: [ app_init ] --END-- [ RunTime:0.000169s ]

[ 2017-05-16T20:29:45+08:00 ] 127.0.0.1 /Book/Home/refresh
INFO: [ app_init ] --START--
INFO: Run Behavior\BuildLiteBehavior [ RunTime:0.000019s ]
INFO: [ app_init ] --END-- [ RunTime:0.000149s ]

[ 2017-05-16T20:30:16+08:00 ] 127.0.0.1 /Book/Home/refresh
INFO: [ app_init ] --START--
INFO: Run Behavior\BuildLiteBehavior [ RunTime:0.000022s ]
INFO: [ app_init ] --END-- [ RunTime:0.000166s ]

[ 2017-05-16T20:30:57+08:00 ] 127.0.0.1 /Book/Home/refresh
INFO: [ app_init ] --START--
INFO: Run Behavior\BuildLiteBehavior [ RunTime:0.000022s ]
INFO: [ app_init ] --END-- [ RunTime:0.000161s ]

[ 2017-05-16T20:31:28+08:00 ] 127.0.0.1 /Book/Home/refresh
INFO: [ app_init ] --START--
INFO: Run Behavior\BuildLiteBehavior [ RunTime:0.000028s ]
INFO: [ app_init ] --END-- [ RunTime:0.000211s ]

[ 2017-05-16T20:32:09+08:00 ] 127.0.0.1 /Book/Home/refresh
INFO: [ app_init ] --START--
INFO: Run Behavior\BuildLiteBehavior [ RunTime:0.000020s ]
INFO: [ app_init ] --END-- [ RunTime:0.000152s ]

[ 2017-05-16T20:32:40+08:00 ] 127.0.0.1 /Book/Home/refresh
INFO: [ app_init ] --START--
INFO: Run Behavior\BuildLiteBehavior [ RunTime:0.000021s ]
INFO: [ app_init ] --END-- [ RunTime:0.000156s ]

[ 2017-05-16T20:33:21+08:00 ] 127.0.0.1 /Book/Home/refresh
INFO: [ app_init ] --START--
INFO: Run Behavior\BuildLiteBehavior [ RunTime:0.000018s ]
INFO: [ app_init ] --END-- [ RunTime:0.000149s ]

[ 2017-05-16T20:33:52+08:00 ] 127.0.0.1 /Book/Home/refresh
INFO: [ app_init ] --START--
INFO: Run Behavior\BuildLiteBehavior [ RunTime:0.000027s ]
INFO: [ app_init ] --END-- [ RunTime:0.000215s ]

[ 2017-05-16T20:34:33+08:00 ] 127.0.0.1 /Book/Home/refresh
INFO: [ app_init ] --START--
INFO: Run Behavior\BuildLiteBehavior [ RunTime:0.000022s ]
INFO: [ app_init ] --END-- [ RunTime:0.000154s ]

[ 2017-05-16T20:35:04+08:00 ] 127.0.0.1 /Book/Home/refresh
INFO: [ app_init ] --START--
INFO: Run Behavior\BuildLiteBehavior [ RunTime:0.000029s ]
INFO: [ app_init ] --END-- [ RunTime:0.000218s ]

[ 2017-05-16T20:35:45+08:00 ] 127.0.0.1 /Book/Home/refresh
INFO: [ app_init ] --START--
INFO: Run Behavior\BuildLiteBehavior [ RunTime:0.000021s ]
INFO: [ app_init ] --END-- [ RunTime:0.000163s ]

[ 2017-05-16T20:36:16+08:00 ] 127.0.0.1 /Book/Home/refresh
INFO: [ app_init ] --START--
INFO: Run Behavior\BuildLiteBehavior [ RunTime:0.000028s ]
INFO: [ app_init ] --END-- [ RunTime:0.000216s ]

[ 2017-05-16T20:36:57+08:00 ] 127.0.0.1 /Book/Home/refresh
INFO: [ app_init ] --START--
INFO: Run Behavior\BuildLiteBehavior [ RunTime:0.000024s ]
INFO: [ app_init ] --END-- [ RunTime:0.000243s ]

[ 2017-05-16T20:37:28+08:00 ] 127.0.0.1 /Book/Home/refresh
INFO: [ app_init ] --START--
INFO: Run Behavior\BuildLiteBehavior [ RunTime:0.000021s ]
INFO: [ app_init ] --END-- [ RunTime:0.000147s ]

[ 2017-05-16T20:38:09+08:00 ] 127.0.0.1 /Book/Home/refresh
INFO: [ app_init ] --START--
INFO: Run Behavior\BuildLiteBehavior [ RunTime:0.000021s ]
INFO: [ app_init ] --END-- [ RunTime:0.000160s ]

[ 2017-05-16T20:38:40+08:00 ] 127.0.0.1 /Book/Home/refresh
INFO: [ app_init ] --START--
INFO: Run Behavior\BuildLiteBehavior [ RunTime:0.000023s ]
INFO: [ app_init ] --END-- [ RunTime:0.000168s ]

[ 2017-05-16T20:39:21+08:00 ] 127.0.0.1 /Book/Home/refresh
INFO: [ app_init ] --START--
INFO: Run Behavior\BuildLiteBehavior [ RunTime:0.000027s ]
INFO: [ app_init ] --END-- [ RunTime:0.000214s ]

[ 2017-05-16T20:39:52+08:00 ] 127.0.0.1 /Book/Home/refresh
INFO: [ app_init ] --START--
INFO: Run Behavior\BuildLiteBehavior [ RunTime:0.000021s ]
INFO: [ app_init ] --END-- [ RunTime:0.000155s ]

[ 2017-05-16T20:40:33+08:00 ] 127.0.0.1 /Book/Home/refresh
INFO: [ app_init ] --START--
INFO: Run Behavior\BuildLiteBehavior [ RunTime:0.000022s ]
INFO: [ app_init ] --END-- [ RunTime:0.000257s ]

[ 2017-05-16T20:41:04+08:00 ] 127.0.0.1 /Book/Home/refresh
INFO: [ app_init ] --START--
INFO: Run Behavior\BuildLiteBehavior [ RunTime:0.000022s ]
INFO: [ app_init ] --END-- [ RunTime:0.000154s ]

[ 2017-05-16T20:41:45+08:00 ] 127.0.0.1 /Book/Home/refresh
INFO: [ app_init ] --START--
INFO: Run Behavior\BuildLiteBehavior [ RunTime:0.000021s ]
INFO: [ app_init ] --END-- [ RunTime:0.000144s ]

[ 2017-05-16T20:42:16+08:00 ] 127.0.0.1 /Book/Home/refresh
INFO: [ app_init ] --START--
INFO: Run Behavior\BuildLiteBehavior [ RunTime:0.000023s ]
INFO: [ app_init ] --END-- [ RunTime:0.000160s ]

[ 2017-05-16T20:42:57+08:00 ] 127.0.0.1 /Book/Home/refresh
INFO: [ app_init ] --START--
INFO: Run Behavior\BuildLiteBehavior [ RunTime:0.000020s ]
INFO: [ app_init ] --END-- [ RunTime:0.000152s ]

[ 2017-05-16T20:43:28+08:00 ] 127.0.0.1 /Book/Home/refresh
INFO: [ app_init ] --START--
INFO: Run Behavior\BuildLiteBehavior [ RunTime:0.000028s ]
INFO: [ app_init ] --END-- [ RunTime:0.000213s ]

[ 2017-05-16T20:44:09+08:00 ] 127.0.0.1 /Book/Home/refresh
INFO: [ app_init ] --START--
INFO: Run Behavior\BuildLiteBehavior [ RunTime:0.000021s ]
INFO: [ app_init ] --END-- [ RunTime:0.000154s ]

[ 2017-05-16T20:44:40+08:00 ] 127.0.0.1 /Book/Home/refresh
INFO: [ app_init ] --START--
INFO: Run Behavior\BuildLiteBehavior [ RunTime:0.000020s ]
INFO: [ app_init ] --END-- [ RunTime:0.000152s ]

[ 2017-05-16T20:45:21+08:00 ] 127.0.0.1 /Book/Home/refresh
INFO: [ app_init ] --START--
INFO: Run Behavior\BuildLiteBehavior [ RunTime:0.000020s ]
INFO: [ app_init ] --END-- [ RunTime:0.000152s ]

[ 2017-05-16T20:45:52+08:00 ] 127.0.0.1 /Book/Home/refresh
INFO: [ app_init ] --START--
INFO: Run Behavior\BuildLiteBehavior [ RunTime:0.000023s ]
INFO: [ app_init ] --END-- [ RunTime:0.000169s ]

[ 2017-05-16T20:46:33+08:00 ] 127.0.0.1 /Book/Home/refresh
INFO: [ app_init ] --START--
INFO: Run Behavior\BuildLiteBehavior [ RunTime:0.000027s ]
INFO: [ app_init ] --END-- [ RunTime:0.000214s ]

[ 2017-05-16T20:47:04+08:00 ] 127.0.0.1 /Book/Home/refresh
INFO: [ app_init ] --START--
INFO: Run Behavior\BuildLiteBehavior [ RunTime:0.000021s ]
INFO: [ app_init ] --END-- [ RunTime:0.000154s ]

[ 2017-05-16T20:47:45+08:00 ] 127.0.0.1 /Book/Home/refresh
INFO: [ app_init ] --START--
INFO: Run Behavior\BuildLiteBehavior [ RunTime:0.000019s ]
INFO: [ app_init ] --END-- [ RunTime:0.000149s ]

[ 2017-05-16T20:48:16+08:00 ] 127.0.0.1 /Book/Home/refresh
INFO: [ app_init ] --START--
INFO: Run Behavior\BuildLiteBehavior [ RunTime:0.000021s ]
INFO: [ app_init ] --END-- [ RunTime:0.000153s ]

[ 2017-05-16T20:48:57+08:00 ] 127.0.0.1 /Book/Home/refresh
INFO: [ app_init ] --START--
INFO: Run Behavior\BuildLiteBehavior [ RunTime:0.000021s ]
INFO: [ app_init ] --END-- [ RunTime:0.000152s ]

[ 2017-05-16T20:49:28+08:00 ] 127.0.0.1 /Book/Home/refresh
INFO: [ app_init ] --START--
INFO: Run Behavior\BuildLiteBehavior [ RunTime:0.000028s ]
INFO: [ app_init ] --END-- [ RunTime:0.000211s ]

[ 2017-05-16T20:50:09+08:00 ] 127.0.0.1 /Book/Home/refresh
INFO: [ app_init ] --START--
INFO: Run Behavior\BuildLiteBehavior [ RunTime:0.000021s ]
INFO: [ app_init ] --END-- [ RunTime:0.000159s ]

[ 2017-05-16T20:50:40+08:00 ] 127.0.0.1 /Book/Home/refresh
INFO: [ app_init ] --START--
INFO: Run Behavior\BuildLiteBehavior [ RunTime:0.000024s ]
INFO: [ app_init ] --END-- [ RunTime:0.000173s ]

[ 2017-05-16T20:51:21+08:00 ] 127.0.0.1 /Book/Home/refresh
INFO: [ app_init ] --START--
INFO: Run Behavior\BuildLiteBehavior [ RunTime:0.000019s ]
INFO: [ app_init ] --END-- [ RunTime:0.000150s ]

[ 2017-05-16T20:51:52+08:00 ] 127.0.0.1 /Book/Home/refresh
INFO: [ app_init ] --START--
INFO: Run Behavior\BuildLiteBehavior [ RunTime:0.000021s ]
INFO: [ app_init ] --END-- [ RunTime:0.000166s ]

[ 2017-05-16T20:52:33+08:00 ] 127.0.0.1 /Book/Home/refresh
INFO: [ app_init ] --START--
INFO: Run Behavior\BuildLiteBehavior [ RunTime:0.000027s ]
INFO: [ app_init ] --END-- [ RunTime:0.000208s ]

[ 2017-05-16T20:53:04+08:00 ] 127.0.0.1 /Book/Home/refresh
INFO: [ app_init ] --START--
INFO: Run Behavior\BuildLiteBehavior [ RunTime:0.000019s ]
INFO: [ app_init ] --END-- [ RunTime:0.000145s ]

[ 2017-05-16T20:53:45+08:00 ] 127.0.0.1 /Book/Home/refresh
INFO: [ app_init ] --START--
INFO: Run Behavior\BuildLiteBehavior [ RunTime:0.000019s ]
INFO: [ app_init ] --END-- [ RunTime:0.000142s ]

[ 2017-05-16T20:54:17+08:00 ] 127.0.0.1 /Book/Home/refresh
INFO: [ app_init ] --START--
INFO: Run Behavior\BuildLiteBehavior [ RunTime:0.000029s ]
INFO: [ app_init ] --END-- [ RunTime:0.000216s ]

[ 2017-05-16T20:54:57+08:00 ] 127.0.0.1 /Book/Home/refresh
INFO: [ app_init ] --START--
INFO: Run Behavior\BuildLiteBehavior [ RunTime:0.000019s ]
INFO: [ app_init ] --END-- [ RunTime:0.000152s ]

[ 2017-05-16T20:55:28+08:00 ] 127.0.0.1 /Book/Home/refresh
INFO: [ app_init ] --START--
INFO: Run Behavior\BuildLiteBehavior [ RunTime:0.000021s ]
INFO: [ app_init ] --END-- [ RunTime:0.000153s ]

[ 2017-05-16T20:56:09+08:00 ] 127.0.0.1 /Book/Home/refresh
INFO: [ app_init ] --START--
INFO: Run Behavior\BuildLiteBehavior [ RunTime:0.000028s ]
INFO: [ app_init ] --END-- [ RunTime:0.000220s ]

[ 2017-05-16T20:56:40+08:00 ] 127.0.0.1 /Book/Home/refresh
INFO: [ app_init ] --START--
INFO: Run Behavior\BuildLiteBehavior [ RunTime:0.000022s ]
INFO: [ app_init ] --END-- [ RunTime:0.000158s ]

[ 2017-05-16T20:57:21+08:00 ] 127.0.0.1 /Book/Home/refresh
INFO: [ app_init ] --START--
INFO: Run Behavior\BuildLiteBehavior [ RunTime:0.000021s ]
INFO: [ app_init ] --END-- [ RunTime:0.000155s ]

[ 2017-05-16T20:57:52+08:00 ] 127.0.0.1 /Book/Home/refresh
INFO: [ app_init ] --START--
INFO: Run Behavior\BuildLiteBehavior [ RunTime:0.000022s ]
INFO: [ app_init ] --END-- [ RunTime:0.000170s ]

[ 2017-05-16T20:58:33+08:00 ] 127.0.0.1 /Book/Home/refresh
INFO: [ app_init ] --START--
INFO: Run Behavior\BuildLiteBehavior [ RunTime:0.000018s ]
INFO: [ app_init ] --END-- [ RunTime:0.000145s ]

[ 2017-05-16T20:59:04+08:00 ] 127.0.0.1 /Book/Home/refresh
INFO: [ app_init ] --START--
INFO: Run Behavior\BuildLiteBehavior [ RunTime:0.000027s ]
INFO: [ app_init ] --END-- [ RunTime:0.000204s ]

[ 2017-05-16T20:59:45+08:00 ] 127.0.0.1 /Book/Home/refresh
INFO: [ app_init ] --START--
INFO: Run Behavior\BuildLiteBehavior [ RunTime:0.000021s ]
INFO: [ app_init ] --END-- [ RunTime:0.000151s ]

[ 2017-05-16T21:00:16+08:00 ] 127.0.0.1 /Book/Home/refresh
INFO: [ app_init ] --START--
INFO: Run Behavior\BuildLiteBehavior [ RunTime:0.000021s ]
INFO: [ app_init ] --END-- [ RunTime:0.000153s ]

[ 2017-05-16T21:00:57+08:00 ] 127.0.0.1 /Book/Home/refresh
INFO: [ app_init ] --START--
INFO: Run Behavior\BuildLiteBehavior [ RunTime:0.000019s ]
INFO: [ app_init ] --END-- [ RunTime:0.000143s ]

[ 2017-05-16T21:01:28+08:00 ] 127.0.0.1 /Book/Home/refresh
INFO: [ app_init ] --START--
INFO: Run Behavior\BuildLiteBehavior [ RunTime:0.000021s ]
INFO: [ app_init ] --END-- [ RunTime:0.000152s ]

[ 2017-05-16T21:02:09+08:00 ] 127.0.0.1 /Book/Home/refresh
INFO: [ app_init ] --START--
INFO: Run Behavior\BuildLiteBehavior [ RunTime:0.000029s ]
INFO: [ app_init ] --END-- [ RunTime:0.000222s ]

[ 2017-05-16T21:02:40+08:00 ] 127.0.0.1 /Book/Home/refresh
INFO: [ app_init ] --START--
INFO: Run Behavior\BuildLiteBehavior [ RunTime:0.000021s ]
INFO: [ app_init ] --END-- [ RunTime:0.000152s ]

[ 2017-05-16T21:03:21+08:00 ] 127.0.0.1 /Book/Home/refresh
INFO: [ app_init ] --START--
INFO: Run Behavior\BuildLiteBehavior [ RunTime:0.000139s ]
INFO: [ app_init ] --END-- [ RunTime:0.000276s ]

[ 2017-05-16T21:03:52+08:00 ] 127.0.0.1 /Book/Home/refresh
INFO: [ app_init ] --START--
INFO: Run Behavior\BuildLiteBehavior [ RunTime:0.000021s ]
INFO: [ app_init ] --END-- [ RunTime:0.000153s ]

[ 2017-05-16T21:04:33+08:00 ] 127.0.0.1 /Book/Home/refresh
INFO: [ app_init ] --START--
INFO: Run Behavior\BuildLiteBehavior [ RunTime:0.000021s ]
INFO: [ app_init ] --END-- [ RunTime:0.000197s ]

[ 2017-05-16T21:05:04+08:00 ] 127.0.0.1 /Book/Home/refresh
INFO: [ app_init ] --START--
INFO: Run Behavior\BuildLiteBehavior [ RunTime:0.000021s ]
INFO: [ app_init ] --END-- [ RunTime:0.000155s ]

[ 2017-05-16T21:05:45+08:00 ] 127.0.0.1 /Book/Home/refresh
INFO: [ app_init ] --START--
INFO: Run Behavior\BuildLiteBehavior [ RunTime:0.000020s ]
INFO: [ app_init ] --END-- [ RunTime:0.000147s ]

[ 2017-05-16T21:06:16+08:00 ] 127.0.0.1 /Book/Home/refresh
INFO: [ app_init ] --START--
INFO: Run Behavior\BuildLiteBehavior [ RunTime:0.000021s ]
INFO: [ app_init ] --END-- [ RunTime:0.000154s ]

[ 2017-05-16T21:06:57+08:00 ] 127.0.0.1 /Book/Home/refresh
INFO: [ app_init ] --START--
INFO: Run Behavior\BuildLiteBehavior [ RunTime:0.000077s ]
INFO: [ app_init ] --END-- [ RunTime:0.000210s ]

[ 2017-05-16T21:07:28+08:00 ] 127.0.0.1 /Book/Home/refresh
INFO: [ app_init ] --START--
INFO: Run Behavior\BuildLiteBehavior [ RunTime:0.000023s ]
INFO: [ app_init ] --END-- [ RunTime:0.000161s ]

[ 2017-05-16T21:08:09+08:00 ] 127.0.0.1 /Book/Home/refresh
INFO: [ app_init ] --START--
INFO: Run Behavior\BuildLiteBehavior [ RunTime:0.000023s ]
INFO: [ app_init ] --END-- [ RunTime:0.000172s ]

[ 2017-05-16T21:08:40+08:00 ] 127.0.0.1 /Book/Home/refresh
INFO: [ app_init ] --START--
INFO: Run Behavior\BuildLiteBehavior [ RunTime:0.000022s ]
INFO: [ app_init ] --END-- [ RunTime:0.000154s ]

[ 2017-05-16T21:09:21+08:00 ] 127.0.0.1 /Book/Home/refresh
INFO: [ app_init ] --START--
INFO: Run Behavior\BuildLiteBehavior [ RunTime:0.000026s ]
INFO: [ app_init ] --END-- [ RunTime:0.000206s ]

[ 2017-05-16T21:09:52+08:00 ] 127.0.0.1 /Book/Home/refresh
INFO: [ app_init ] --START--
INFO: Run Behavior\BuildLiteBehavior [ RunTime:0.000030s ]
INFO: [ app_init ] --END-- [ RunTime:0.000223s ]

[ 2017-05-16T21:10:33+08:00 ] 127.0.0.1 /Book/Home/refresh
INFO: [ app_init ] --START--
INFO: Run Behavior\BuildLiteBehavior [ RunTime:0.000022s ]
INFO: [ app_init ] --END-- [ RunTime:0.000157s ]

[ 2017-05-16T21:11:04+08:00 ] 127.0.0.1 /Book/Home/refresh
INFO: [ app_init ] --START--
INFO: Run Behavior\BuildLiteBehavior [ RunTime:0.000028s ]
INFO: [ app_init ] --END-- [ RunTime:0.000214s ]

[ 2017-05-16T21:11:45+08:00 ] 127.0.0.1 /Book/Home/refresh
INFO: [ app_init ] --START--
INFO: Run Behavior\BuildLiteBehavior [ RunTime:0.000028s ]
INFO: [ app_init ] --END-- [ RunTime:0.000208s ]

[ 2017-05-16T21:12:16+08:00 ] 127.0.0.1 /Book/Home/refresh
INFO: [ app_init ] --START--
INFO: Run Behavior\BuildLiteBehavior [ RunTime:0.000027s ]
INFO: [ app_init ] --END-- [ RunTime:0.000216s ]

[ 2017-05-16T21:12:57+08:00 ] 127.0.0.1 /Book/Home/refresh
INFO: [ app_init ] --START--
INFO: Run Behavior\BuildLiteBehavior [ RunTime:0.000021s ]
INFO: [ app_init ] --END-- [ RunTime:0.000151s ]

[ 2017-05-16T21:13:28+08:00 ] 127.0.0.1 /Book/Home/refresh
INFO: [ app_init ] --START--
INFO: Run Behavior\BuildLiteBehavior [ RunTime:0.000024s ]
INFO: [ app_init ] --END-- [ RunTime:0.000168s ]

[ 2017-05-16T21:14:09+08:00 ] 127.0.0.1 /Book/Home/refresh
INFO: [ app_init ] --START--
INFO: Run Behavior\BuildLiteBehavior [ RunTime:0.000024s ]
INFO: [ app_init ] --END-- [ RunTime:0.000160s ]

