[ 2017-05-25T15:18:41+08:00 ] 127.0.0.1 /Admin/Admin/index
INFO: [ app_init ] --START--
INFO: Run Behavior\BuildLiteBehavior [ RunTime:0.000004s ]
INFO: [ app_init ] --END-- [ RunTime:0.000035s ]

[ 2017-05-25T15:18:41+08:00 ] 127.0.0.1 /Admin/Login/login
INFO: [ app_init ] --START--
INFO: Run Behavior\BuildLiteBehavior [ RunTime:0.000004s ]
INFO: [ app_init ] --END-- [ RunTime:0.000024s ]

[ 2017-05-25T15:19:35+08:00 ] 127.0.0.1 /Admin/Login/lg.html
INFO: [ app_init ] --START--
INFO: Run Behavior\BuildLiteBehavior [ RunTime:0.000007s ]
INFO: [ app_init ] --END-- [ RunTime:0.000048s ]
ERR: SQLSTATE[HY000] [1045] Access denied for user 'root'@'localhost' (using password: YES)

[ 2017-05-25T15:19:40+08:00 ] 127.0.0.1 /Admin/Login/lg.html
INFO: [ app_init ] --START--
INFO: Run Behavior\BuildLiteBehavior [ RunTime:0.000003s ]
INFO: [ app_init ] --END-- [ RunTime:0.000025s ]
ERR: SQLSTATE[HY000] [1045] Access denied for user 'root'@'localhost' (using password: YES)

[ 2017-05-25T15:19:44+08:00 ] 127.0.0.1 /Admin/Login/lg.html
INFO: [ app_init ] --START--
INFO: Run Behavior\BuildLiteBehavior [ RunTime:0.000006s ]
INFO: [ app_init ] --END-- [ RunTime:0.000043s ]
ERR: SQLSTATE[HY000] [1045] Access denied for user 'root'@'localhost' (using password: YES)

[ 2017-05-25T15:19:47+08:00 ] 127.0.0.1 /Admin/Login/lg.html
INFO: [ app_init ] --START--
INFO: Run Behavior\BuildLiteBehavior [ RunTime:0.000012s ]
INFO: [ app_init ] --END-- [ RunTime:0.000079s ]
ERR: SQLSTATE[HY000] [1045] Access denied for user 'root'@'localhost' (using password: YES)

[ 2017-05-25T15:20:10+08:00 ] 127.0.0.1 /Admin/Login/index
INFO: [ app_init ] --START--
INFO: Run Behavior\BuildLiteBehavior [ RunTime:0.000007s ]
INFO: [ app_init ] --END-- [ RunTime:0.000049s ]
ERR: 非法操作:index

[ 2017-05-25T15:24:12+08:00 ] 127.0.0.1 /Admin/Login/login
INFO: [ app_init ] --START--
INFO: Run Behavior\BuildLiteBehavior [ RunTime:0.000004s ]
INFO: [ app_init ] --END-- [ RunTime:0.000028s ]

[ 2017-05-25T15:24:53+08:00 ] 127.0.0.1 /Admin/Login/lg.html
INFO: [ app_init ] --START--
INFO: Run Behavior\BuildLiteBehavior [ RunTime:0.000005s ]
INFO: [ app_init ] --END-- [ RunTime:0.000040s ]

[ 2017-05-25T15:24:53+08:00 ] 127.0.0.1 /Admin/Admin/index.html
INFO: [ app_init ] --START--
INFO: Run Behavior\BuildLiteBehavior [ RunTime:0.000004s ]
INFO: [ app_init ] --END-- [ RunTime:0.000026s ]

[ 2017-05-25T15:24:53+08:00 ] 127.0.0.1 /Admin/Admin/top.html
INFO: [ app_init ] --START--
INFO: Run Behavior\BuildLiteBehavior [ RunTime:0.000003s ]
INFO: [ app_init ] --END-- [ RunTime:0.000023s ]

[ 2017-05-25T15:24:53+08:00 ] 127.0.0.1 /Admin/Admin/left.html
INFO: [ app_init ] --START--
INFO: Run Behavior\BuildLiteBehavior [ RunTime:0.000003s ]
INFO: [ app_init ] --END-- [ RunTime:0.000018s ]

[ 2017-05-25T15:24:53+08:00 ] 127.0.0.1 /Admin/Admin/right.html
INFO: [ app_init ] --START--
INFO: Run Behavior\BuildLiteBehavior [ RunTime:0.000003s ]
INFO: [ app_init ] --END-- [ RunTime:0.000023s ]

[ 2017-05-25T15:24:53+08:00 ] 127.0.0.1 /Admin/Admin/foot.html
INFO: [ app_init ] --START--
INFO: Run Behavior\BuildLiteBehavior [ RunTime:0.000004s ]
INFO: [ app_init ] --END-- [ RunTime:0.000020s ]

[ 2017-05-25T15:25:21+08:00 ] 127.0.0.1 /Admin/Workscheck/Checkcomic.html
INFO: [ app_init ] --START--
INFO: Run Behavior\BuildLiteBehavior [ RunTime:0.000006s ]
INFO: [ app_init ] --END-- [ RunTime:0.000045s ]
ERR: 模板不存在:./Application/Admin/View/Workscheck/Checkcomic.html

[ 2017-05-25T15:25:25+08:00 ] 127.0.0.1 /Admin/Workscheck/Checknovel.html
INFO: [ app_init ] --START--
INFO: Run Behavior\BuildLiteBehavior [ RunTime:0.000011s ]
INFO: [ app_init ] --END-- [ RunTime:0.000080s ]
ERR: 模板不存在:./Application/Admin/View/Workscheck/Checknovel.html

[ 2017-05-25T15:25:26+08:00 ] 127.0.0.1 /Admin/Workscheck/Checkcomic.html
INFO: [ app_init ] --START--
INFO: Run Behavior\BuildLiteBehavior [ RunTime:0.000011s ]
INFO: [ app_init ] --END-- [ RunTime:0.000071s ]
ERR: 模板不存在:./Application/Admin/View/Workscheck/Checkcomic.html

[ 2017-05-25T15:25:34+08:00 ] 127.0.0.1 /Admin/Newworkscheck/newcreasework.html
INFO: [ app_init ] --START--
INFO: Run Behavior\BuildLiteBehavior [ RunTime:0.000013s ]
INFO: [ app_init ] --END-- [ RunTime:0.000111s ]

[ 2017-05-25T15:25:35+08:00 ] 127.0.0.1 /Admin/Newworkscheck/imgs/58d1fc4b1b0b9.jpg
INFO: [ app_init ] --START--
INFO: Run Behavior\BuildLiteBehavior [ RunTime:0.000004s ]
INFO: [ app_init ] --END-- [ RunTime:0.000036s ]

[ 2017-05-25T15:25:35+08:00 ] 127.0.0.1 /Admin/Newworkscheck/imgs/58d1fc4b1b0b9.jpg
INFO: [ app_init ] --START--
INFO: Run Behavior\BuildLiteBehavior [ RunTime:0.000004s ]
INFO: [ app_init ] --END-- [ RunTime:0.000035s ]

[ 2017-05-25T15:25:37+08:00 ] 127.0.0.1 /Admin/Newworkscheck/newcreasenovel.html
INFO: [ app_init ] --START--
INFO: Run Behavior\BuildLiteBehavior [ RunTime:0.000011s ]
INFO: [ app_init ] --END-- [ RunTime:0.000082s ]

[ 2017-05-25T15:25:39+08:00 ] 127.0.0.1 /Admin/Newworkscheck/newcreasework.html
INFO: [ app_init ] --START--
INFO: Run Behavior\BuildLiteBehavior [ RunTime:0.000004s ]
INFO: [ app_init ] --END-- [ RunTime:0.000025s ]

[ 2017-05-25T15:25:39+08:00 ] 127.0.0.1 /Admin/Newworkscheck/imgs/58d1fc4b1b0b9.jpg
INFO: [ app_init ] --START--
INFO: Run Behavior\BuildLiteBehavior [ RunTime:0.000004s ]
INFO: [ app_init ] --END-- [ RunTime:0.000023s ]

[ 2017-05-25T15:25:39+08:00 ] 127.0.0.1 /Admin/Newworkscheck/imgs/58d1fc4b1b0b9.jpg
INFO: [ app_init ] --START--
INFO: Run Behavior\BuildLiteBehavior [ RunTime:0.000004s ]
INFO: [ app_init ] --END-- [ RunTime:0.000025s ]

[ 2017-05-25T15:26:57+08:00 ] 127.0.0.1 /Admin/Works/comicwork.html
INFO: [ app_init ] --START--
INFO: Run Behavior\BuildLiteBehavior [ RunTime:0.000004s ]
INFO: [ app_init ] --END-- [ RunTime:0.000026s ]

[ 2017-05-25T15:28:00+08:00 ] 127.0.0.1 /Admin/Works/novelwork.html
INFO: [ app_init ] --START--
INFO: Run Behavior\BuildLiteBehavior [ RunTime:0.000005s ]
INFO: [ app_init ] --END-- [ RunTime:0.000039s ]

[ 2017-05-25T15:28:05+08:00 ] 127.0.0.1 /Admin/Works/comicwork.html
INFO: [ app_init ] --START--
INFO: Run Behavior\BuildLiteBehavior [ RunTime:0.000006s ]
INFO: [ app_init ] --END-- [ RunTime:0.000039s ]

[ 2017-05-25T15:28:09+08:00 ] 127.0.0.1 /Admin/Works/worknumber.html
INFO: [ app_init ] --START--
INFO: Run Behavior\BuildLiteBehavior [ RunTime:0.000007s ]
INFO: [ app_init ] --END-- [ RunTime:0.000045s ]

[ 2017-05-25T15:28:13+08:00 ] 127.0.0.1 /Admin/Works/novelwork.html
INFO: [ app_init ] --START--
INFO: Run Behavior\BuildLiteBehavior [ RunTime:0.000012s ]
INFO: [ app_init ] --END-- [ RunTime:0.000077s ]

[ 2017-05-25T15:28:19+08:00 ] 127.0.0.1 /Admin/Works/comicwork.html
INFO: [ app_init ] --START--
INFO: Run Behavior\BuildLiteBehavior [ RunTime:0.000011s ]
INFO: [ app_init ] --END-- [ RunTime:0.000079s ]

[ 2017-05-25T15:28:30+08:00 ] 127.0.0.1 /Admin/Works/novelwork.html
INFO: [ app_init ] --START--
INFO: Run Behavior\BuildLiteBehavior [ RunTime:0.000005s ]
INFO: [ app_init ] --END-- [ RunTime:0.000035s ]

[ 2017-05-25T15:30:21+08:00 ] 127.0.0.1 /Admin
INFO: [ app_init ] --START--
INFO: Run Behavior\BuildLiteBehavior [ RunTime:0.000004s ]
INFO: [ app_init ] --END-- [ RunTime:0.000029s ]
ERR: 无法加载控制器:Index

[ 2017-05-25T15:30:25+08:00 ] 127.0.0.1 /Admin/Admin/index
INFO: [ app_init ] --START--
INFO: Run Behavior\BuildLiteBehavior [ RunTime:0.000005s ]
INFO: [ app_init ] --END-- [ RunTime:0.000025s ]

[ 2017-05-25T15:30:25+08:00 ] 127.0.0.1 /Admin/Login/login
INFO: [ app_init ] --START--
INFO: Run Behavior\BuildLiteBehavior [ RunTime:0.000003s ]
INFO: [ app_init ] --END-- [ RunTime:0.000021s ]

[ 2017-05-25T15:30:49+08:00 ] 127.0.0.1 /Admin/Login/lg.html
INFO: [ app_init ] --START--
INFO: Run Behavior\BuildLiteBehavior [ RunTime:0.000011s ]
INFO: [ app_init ] --END-- [ RunTime:0.000081s ]

[ 2017-05-25T15:30:49+08:00 ] 127.0.0.1 /Admin/Admin/index.html
INFO: [ app_init ] --START--
INFO: Run Behavior\BuildLiteBehavior [ RunTime:0.000012s ]
INFO: [ app_init ] --END-- [ RunTime:0.000071s ]

[ 2017-05-25T15:30:49+08:00 ] 127.0.0.1 /Admin/Admin/top.html
INFO: [ app_init ] --START--
INFO: Run Behavior\BuildLiteBehavior [ RunTime:0.000006s ]
INFO: [ app_init ] --END-- [ RunTime:0.000036s ]

[ 2017-05-25T15:30:49+08:00 ] 127.0.0.1 /Admin/Admin/left.html
INFO: [ app_init ] --START--
INFO: Run Behavior\BuildLiteBehavior [ RunTime:0.000005s ]
INFO: [ app_init ] --END-- [ RunTime:0.000033s ]

[ 2017-05-25T15:30:49+08:00 ] 127.0.0.1 /Admin/Admin/right.html
INFO: [ app_init ] --START--
INFO: Run Behavior\BuildLiteBehavior [ RunTime:0.000004s ]
INFO: [ app_init ] --END-- [ RunTime:0.000025s ]

[ 2017-05-25T15:30:49+08:00 ] 127.0.0.1 /Admin/Admin/foot.html
INFO: [ app_init ] --START--
INFO: Run Behavior\BuildLiteBehavior [ RunTime:0.000005s ]
INFO: [ app_init ] --END-- [ RunTime:0.000036s ]

[ 2017-05-25T15:31:03+08:00 ] 127.0.0.1 /Admin/Works/comicwork.html
INFO: [ app_init ] --START--
INFO: Run Behavior\BuildLiteBehavior [ RunTime:0.000005s ]
INFO: [ app_init ] --END-- [ RunTime:0.000035s ]

[ 2017-05-25T15:34:31+08:00 ] 127.0.0.1 /Admin/Works/comicwork.html
INFO: [ app_init ] --START--
INFO: Run Behavior\BuildLiteBehavior [ RunTime:0.000004s ]
INFO: [ app_init ] --END-- [ RunTime:0.000026s ]

[ 2017-05-25T15:34:57+08:00 ] 127.0.0.1 /Admin/Works/comicwork.html
INFO: [ app_init ] --START--
INFO: Run Behavior\BuildLiteBehavior [ RunTime:0.000004s ]
INFO: [ app_init ] --END-- [ RunTime:0.000024s ]

[ 2017-05-25T15:39:49+08:00 ] 127.0.0.1 /Admin/Works/worknumber.html
INFO: [ app_init ] --START--
INFO: Run Behavior\BuildLiteBehavior [ RunTime:0.000012s ]
INFO: [ app_init ] --END-- [ RunTime:0.000082s ]

[ 2017-05-25T15:41:37+08:00 ] 127.0.0.1 /Admin/Works/worknumber.html
INFO: [ app_init ] --START--
INFO: Run Behavior\BuildLiteBehavior [ RunTime:0.000012s ]
INFO: [ app_init ] --END-- [ RunTime:0.000081s ]

[ 2017-05-25T15:51:00+08:00 ] 127.0.0.1 /Admin/Workscheck/Checkcomic.html
INFO: [ app_init ] --START--
INFO: Run Behavior\BuildLiteBehavior [ RunTime:0.000012s ]
INFO: [ app_init ] --END-- [ RunTime:0.000080s ]
ERR: 模板不存在:./Application/Admin/View/Workscheck/Checkcomic.html

[ 2017-05-25T15:51:16+08:00 ] 127.0.0.1 /Admin/Works/comicwork.html
INFO: [ app_init ] --START--
INFO: Run Behavior\BuildLiteBehavior [ RunTime:0.000011s ]
INFO: [ app_init ] --END-- [ RunTime:0.000080s ]

[ 2017-05-25T15:52:01+08:00 ] 127.0.0.1 /Admin/Works/comicwork/p/2.html
INFO: [ app_init ] --START--
INFO: Run Behavior\BuildLiteBehavior [ RunTime:0.000012s ]
INFO: [ app_init ] --END-- [ RunTime:0.000082s ]

[ 2017-05-25T16:43:12+08:00 ] 127.0.0.1 /Admin/Works/comicwork.html
INFO: [ app_init ] --START--
INFO: Run Behavior\BuildLiteBehavior [ RunTime:0.000006s ]
INFO: [ app_init ] --END-- [ RunTime:0.000038s ]

[ 2017-05-25T16:44:40+08:00 ] 127.0.0.1 /Admin/Works/comicwork.html
INFO: [ app_init ] --START--
INFO: Run Behavior\BuildLiteBehavior [ RunTime:0.000004s ]
INFO: [ app_init ] --END-- [ RunTime:0.000027s ]

[ 2017-05-25T16:45:05+08:00 ] 127.0.0.1 /Admin/Works/comicwork.html
INFO: [ app_init ] --START--
INFO: Run Behavior\BuildLiteBehavior [ RunTime:0.000004s ]
INFO: [ app_init ] --END-- [ RunTime:0.000027s ]

[ 2017-05-25T16:45:29+08:00 ] 127.0.0.1 /Admin/Works/comicwork.html
INFO: [ app_init ] --START--
INFO: Run Behavior\BuildLiteBehavior [ RunTime:0.000004s ]
INFO: [ app_init ] --END-- [ RunTime:0.000027s ]

[ 2017-05-25T16:45:32+08:00 ] 127.0.0.1 /Admin/Works/getSection.html?val=168
INFO: [ app_init ] --START--
INFO: Run Behavior\BuildLiteBehavior [ RunTime:0.000004s ]
INFO: [ app_init ] --END-- [ RunTime:0.000027s ]

[ 2017-05-25T16:49:11+08:00 ] 127.0.0.1 /Admin/Works/comicwork.html
INFO: [ app_init ] --START--
INFO: Run Behavior\BuildLiteBehavior [ RunTime:0.000004s ]
INFO: [ app_init ] --END-- [ RunTime:0.000026s ]

[ 2017-05-25T16:49:13+08:00 ] 127.0.0.1 /Admin/Works/getSection.html?val=168
INFO: [ app_init ] --START--
INFO: Run Behavior\BuildLiteBehavior [ RunTime:0.000010s ]
INFO: [ app_init ] --END-- [ RunTime:0.000071s ]

[ 2017-05-25T16:49:51+08:00 ] 127.0.0.1 /Admin/Works/getSection.html?val=168
INFO: [ app_init ] --START--
INFO: Run Behavior\BuildLiteBehavior [ RunTime:0.000004s ]
INFO: [ app_init ] --END-- [ RunTime:0.000026s ]

[ 2017-05-25T16:50:58+08:00 ] 127.0.0.1 /Admin/Works/getSection.html?val=168
INFO: [ app_init ] --START--
INFO: Run Behavior\BuildLiteBehavior [ RunTime:0.000011s ]
INFO: [ app_init ] --END-- [ RunTime:0.000082s ]

[ 2017-05-25T17:43:07+08:00 ] 127.0.0.1 /Admin/Works/comicwork.html
INFO: [ app_init ] --START--
INFO: Run Behavior\BuildLiteBehavior [ RunTime:0.000005s ]
INFO: [ app_init ] --END-- [ RunTime:0.000029s ]

[ 2017-05-25T17:43:47+08:00 ] 127.0.0.1 /Admin/Admin/index.html
INFO: [ app_init ] --START--
INFO: Run Behavior\BuildLiteBehavior [ RunTime:0.000004s ]
INFO: [ app_init ] --END-- [ RunTime:0.000026s ]

[ 2017-05-25T17:43:47+08:00 ] 127.0.0.1 /Admin/Admin/top.html
INFO: [ app_init ] --START--
INFO: Run Behavior\BuildLiteBehavior [ RunTime:0.000004s ]
INFO: [ app_init ] --END-- [ RunTime:0.000026s ]

[ 2017-05-25T17:43:47+08:00 ] 127.0.0.1 /Admin/Admin/left.html
INFO: [ app_init ] --START--
INFO: Run Behavior\BuildLiteBehavior [ RunTime:0.000006s ]
INFO: [ app_init ] --END-- [ RunTime:0.000037s ]

[ 2017-05-25T17:43:47+08:00 ] 127.0.0.1 /Admin/Admin/right.html
INFO: [ app_init ] --START--
INFO: Run Behavior\BuildLiteBehavior [ RunTime:0.000004s ]
INFO: [ app_init ] --END-- [ RunTime:0.000027s ]

[ 2017-05-25T17:43:47+08:00 ] 127.0.0.1 /Admin/Admin/foot.html
INFO: [ app_init ] --START--
INFO: Run Behavior\BuildLiteBehavior [ RunTime:0.000003s ]
INFO: [ app_init ] --END-- [ RunTime:0.000019s ]

[ 2017-05-25T17:43:50+08:00 ] 127.0.0.1 /Admin/Works/comicwork.html
INFO: [ app_init ] --START--
INFO: Run Behavior\BuildLiteBehavior [ RunTime:0.000012s ]
INFO: [ app_init ] --END-- [ RunTime:0.000083s ]

[ 2017-05-25T17:50:12+08:00 ] 127.0.0.1 /Admin/Works/comicwork.html
INFO: [ app_init ] --START--
INFO: Run Behavior\BuildLiteBehavior [ RunTime:0.000004s ]
INFO: [ app_init ] --END-- [ RunTime:0.000028s ]

[ 2017-05-25T17:54:59+08:00 ] 127.0.0.1 /Admin/Works/comicwork.html
INFO: [ app_init ] --START--
INFO: Run Behavior\BuildLiteBehavior [ RunTime:0.000012s ]
INFO: [ app_init ] --END-- [ RunTime:0.000080s ]

[ 2017-05-25T17:55:00+08:00 ] 127.0.0.1 /Admin/Works/getSection.html?val=168
INFO: [ app_init ] --START--
INFO: Run Behavior\BuildLiteBehavior [ RunTime:0.000009s ]
INFO: [ app_init ] --END-- [ RunTime:0.000052s ]

[ 2017-05-25T17:55:28+08:00 ] 127.0.0.1 /Admin/Works/comicwork.html
INFO: [ app_init ] --START--
INFO: Run Behavior\BuildLiteBehavior [ RunTime:0.000011s ]
INFO: [ app_init ] --END-- [ RunTime:0.000080s ]

[ 2017-05-25T17:55:29+08:00 ] 127.0.0.1 /Admin/Works/getSection.html?val=168
INFO: [ app_init ] --START--
INFO: Run Behavior\BuildLiteBehavior [ RunTime:0.000012s ]
INFO: [ app_init ] --END-- [ RunTime:0.000074s ]

[ 2017-05-25T17:57:14+08:00 ] 127.0.0.1 /Admin/Works/comicwork.html
INFO: [ app_init ] --START--
INFO: Run Behavior\BuildLiteBehavior [ RunTime:0.000013s ]
INFO: [ app_init ] --END-- [ RunTime:0.000085s ]

[ 2017-05-25T17:57:46+08:00 ] 127.0.0.1 /Admin/Works/comicwork.html
INFO: [ app_init ] --START--
INFO: Run Behavior\BuildLiteBehavior [ RunTime:0.000012s ]
INFO: [ app_init ] --END-- [ RunTime:0.000081s ]

[ 2017-05-25T17:57:59+08:00 ] 127.0.0.1 /Admin/Works/comicwork.html
INFO: [ app_init ] --START--
INFO: Run Behavior\BuildLiteBehavior [ RunTime:0.000012s ]
INFO: [ app_init ] --END-- [ RunTime:0.000085s ]

[ 2017-05-25T17:58:15+08:00 ] 127.0.0.1 /Admin/Works/comicwork.html
INFO: [ app_init ] --START--
INFO: Run Behavior\BuildLiteBehavior [ RunTime:0.000012s ]
INFO: [ app_init ] --END-- [ RunTime:0.000081s ]

[ 2017-05-25T17:58:16+08:00 ] 127.0.0.1 /Admin/Works/getSection.html?val=168
INFO: [ app_init ] --START--
INFO: Run Behavior\BuildLiteBehavior [ RunTime:0.000011s ]
INFO: [ app_init ] --END-- [ RunTime:0.000071s ]

[ 2017-05-25T18:06:39+08:00 ] 127.0.0.1 /Admin/Works/comicwork.html
INFO: [ app_init ] --START--
INFO: Run Behavior\BuildLiteBehavior [ RunTime:0.000005s ]
INFO: [ app_init ] --END-- [ RunTime:0.000030s ]

[ 2017-05-25T18:06:42+08:00 ] 127.0.0.1 /Admin/Works/getSection.html?val=168
INFO: [ app_init ] --START--
INFO: Run Behavior\BuildLiteBehavior [ RunTime:0.000012s ]
INFO: [ app_init ] --END-- [ RunTime:0.000082s ]

[ 2017-05-25T18:08:01+08:00 ] 127.0.0.1 /Admin/Works/comicwork.html
INFO: [ app_init ] --START--
INFO: Run Behavior\BuildLiteBehavior [ RunTime:0.000012s ]
INFO: [ app_init ] --END-- [ RunTime:0.000082s ]

[ 2017-05-25T18:11:48+08:00 ] 127.0.0.1 /Admin/Works/comicwork.html
INFO: [ app_init ] --START--
INFO: Run Behavior\BuildLiteBehavior [ RunTime:0.000005s ]
INFO: [ app_init ] --END-- [ RunTime:0.000030s ]

[ 2017-05-25T18:11:51+08:00 ] 127.0.0.1 /Admin/Works/getSection.html?val=168
INFO: [ app_init ] --START--
INFO: Run Behavior\BuildLiteBehavior [ RunTime:0.000012s ]
INFO: [ app_init ] --END-- [ RunTime:0.000083s ]

[ 2017-05-25T18:13:33+08:00 ] 127.0.0.1 /Admin/Works/comicwork.html
INFO: [ app_init ] --START--
INFO: Run Behavior\BuildLiteBehavior [ RunTime:0.000008s ]
INFO: [ app_init ] --END-- [ RunTime:0.000065s ]

[ 2017-05-25T18:13:34+08:00 ] 127.0.0.1 /Admin/Works/getSection.html?val=168
INFO: [ app_init ] --START--
INFO: Run Behavior\BuildLiteBehavior [ RunTime:0.000005s ]
INFO: [ app_init ] --END-- [ RunTime:0.000026s ]

[ 2017-05-25T18:13:52+08:00 ] 127.0.0.1 /Admin/Works/comicwork.html
INFO: [ app_init ] --START--
INFO: Run Behavior\BuildLiteBehavior [ RunTime:0.000011s ]
INFO: [ app_init ] --END-- [ RunTime:0.000082s ]

[ 2017-05-25T18:13:53+08:00 ] 127.0.0.1 /Admin/Works/getSection.html?val=168
INFO: [ app_init ] --START--
INFO: Run Behavior\BuildLiteBehavior [ RunTime:0.000006s ]
INFO: [ app_init ] --END-- [ RunTime:0.000035s ]

[ 2017-05-25T18:14:34+08:00 ] 127.0.0.1 /Admin/Works/comicwork.html
INFO: [ app_init ] --START--
INFO: Run Behavior\BuildLiteBehavior [ RunTime:0.000012s ]
INFO: [ app_init ] --END-- [ RunTime:0.000081s ]

[ 2017-05-25T18:14:36+08:00 ] 127.0.0.1 /Admin/Works/getSection.html?val=168
INFO: [ app_init ] --START--
INFO: Run Behavior\BuildLiteBehavior [ RunTime:0.000005s ]
INFO: [ app_init ] --END-- [ RunTime:0.000027s ]

[ 2017-05-25T18:15:27+08:00 ] 127.0.0.1 /Admin/Works/comicwork.html
INFO: [ app_init ] --START--
INFO: Run Behavior\BuildLiteBehavior [ RunTime:0.000012s ]
INFO: [ app_init ] --END-- [ RunTime:0.000081s ]

[ 2017-05-25T18:15:28+08:00 ] 127.0.0.1 /Admin/Works/getSection.html?val=168
INFO: [ app_init ] --START--
INFO: Run Behavior\BuildLiteBehavior [ RunTime:0.000006s ]
INFO: [ app_init ] --END-- [ RunTime:0.000035s ]

[ 2017-05-25T18:15:37+08:00 ] 127.0.0.1 /Admin/Works/comicwork.html
INFO: [ app_init ] --START--
INFO: Run Behavior\BuildLiteBehavior [ RunTime:0.000011s ]
INFO: [ app_init ] --END-- [ RunTime:0.000079s ]

[ 2017-05-25T18:15:39+08:00 ] 127.0.0.1 /Admin/Works/getSection.html?val=168
INFO: [ app_init ] --START--
INFO: Run Behavior\BuildLiteBehavior [ RunTime:0.000011s ]
INFO: [ app_init ] --END-- [ RunTime:0.000072s ]

[ 2017-05-25T18:16:43+08:00 ] 127.0.0.1 /Admin/Works/comicwork.html
INFO: [ app_init ] --START--
INFO: Run Behavior\BuildLiteBehavior [ RunTime:0.000010s ]
INFO: [ app_init ] --END-- [ RunTime:0.000072s ]

[ 2017-05-25T18:16:44+08:00 ] 127.0.0.1 /Admin/Works/getSection.html?val=168
INFO: [ app_init ] --START--
INFO: Run Behavior\BuildLiteBehavior [ RunTime:0.000011s ]
INFO: [ app_init ] --END-- [ RunTime:0.000074s ]

[ 2017-05-25T18:16:57+08:00 ] 127.0.0.1 /Admin/Works/comicwork.html
INFO: [ app_init ] --START--
INFO: Run Behavior\BuildLiteBehavior [ RunTime:0.000005s ]
INFO: [ app_init ] --END-- [ RunTime:0.000032s ]

[ 2017-05-25T18:16:58+08:00 ] 127.0.0.1 /Admin/Works/getSection.html?val=168
INFO: [ app_init ] --START--
INFO: Run Behavior\BuildLiteBehavior [ RunTime:0.000012s ]
INFO: [ app_init ] --END-- [ RunTime:0.000073s ]

[ 2017-05-25T18:17:07+08:00 ] 127.0.0.1 /Admin/Works/comicwork.html
INFO: [ app_init ] --START--
INFO: Run Behavior\BuildLiteBehavior [ RunTime:0.000012s ]
INFO: [ app_init ] --END-- [ RunTime:0.000082s ]

[ 2017-05-25T18:27:00+08:00 ] 127.0.0.1 /Admin/Works/comicwork.html
INFO: [ app_init ] --START--
INFO: Run Behavior\BuildLiteBehavior [ RunTime:0.000012s ]
INFO: [ app_init ] --END-- [ RunTime:0.000084s ]

[ 2017-05-25T18:27:01+08:00 ] 127.0.0.1 /Admin/Works/getSection.html?val=168
INFO: [ app_init ] --START--
INFO: Run Behavior\BuildLiteBehavior [ RunTime:0.000011s ]
INFO: [ app_init ] --END-- [ RunTime:0.000073s ]

[ 2017-05-25T19:28:49+08:00 ] 127.0.0.1 /Admin/Works/comicwork.html
INFO: [ app_init ] --START--
INFO: Run Behavior\BuildLiteBehavior [ RunTime:0.000011s ]
INFO: [ app_init ] --END-- [ RunTime:0.000082s ]

[ 2017-05-25T19:28:50+08:00 ] 127.0.0.1 /Admin/Works/getSection.html?val=168
INFO: [ app_init ] --START--
INFO: Run Behavior\BuildLiteBehavior [ RunTime:0.000004s ]
INFO: [ app_init ] --END-- [ RunTime:0.000024s ]

[ 2017-05-25T19:29:17+08:00 ] 127.0.0.1 /Admin/Works/comicwork.html
INFO: [ app_init ] --START--
INFO: Run Behavior\BuildLiteBehavior [ RunTime:0.000012s ]
INFO: [ app_init ] --END-- [ RunTime:0.000083s ]

[ 2017-05-25T19:29:18+08:00 ] 127.0.0.1 /Admin/Works/getSection.html?val=168
INFO: [ app_init ] --START--
INFO: Run Behavior\BuildLiteBehavior [ RunTime:0.000013s ]
INFO: [ app_init ] --END-- [ RunTime:0.000076s ]

[ 2017-05-25T19:31:18+08:00 ] 127.0.0.1 /Admin/Works/comicwork.html
INFO: [ app_init ] --START--
INFO: Run Behavior\BuildLiteBehavior [ RunTime:0.000005s ]
INFO: [ app_init ] --END-- [ RunTime:0.000028s ]

[ 2017-05-25T19:31:19+08:00 ] 127.0.0.1 /Admin/Works/getSection.html?val=168
INFO: [ app_init ] --START--
INFO: Run Behavior\BuildLiteBehavior [ RunTime:0.000011s ]
INFO: [ app_init ] --END-- [ RunTime:0.000073s ]

[ 2017-05-25T19:31:42+08:00 ] 127.0.0.1 /Admin/Works/comicwork.html
INFO: [ app_init ] --START--
INFO: Run Behavior\BuildLiteBehavior [ RunTime:0.000004s ]
INFO: [ app_init ] --END-- [ RunTime:0.000032s ]

[ 2017-05-25T19:31:43+08:00 ] 127.0.0.1 /Admin/Works/getSection.html?val=168
INFO: [ app_init ] --START--
INFO: Run Behavior\BuildLiteBehavior [ RunTime:0.000011s ]
INFO: [ app_init ] --END-- [ RunTime:0.000071s ]

[ 2017-05-25T19:32:07+08:00 ] 127.0.0.1 /Admin/Works/comicwork.html
INFO: [ app_init ] --START--
INFO: Run Behavior\BuildLiteBehavior [ RunTime:0.000012s ]
INFO: [ app_init ] --END-- [ RunTime:0.000083s ]

[ 2017-05-25T19:32:07+08:00 ] 127.0.0.1 /Admin/Works/getSection.html?val=168
INFO: [ app_init ] --START--
INFO: Run Behavior\BuildLiteBehavior [ RunTime:0.000005s ]
INFO: [ app_init ] --END-- [ RunTime:0.000028s ]

[ 2017-05-25T19:32:32+08:00 ] 127.0.0.1 /Admin/Works/comicwork.html
INFO: [ app_init ] --START--
INFO: Run Behavior\BuildLiteBehavior [ RunTime:0.000012s ]
INFO: [ app_init ] --END-- [ RunTime:0.000082s ]

[ 2017-05-25T19:32:33+08:00 ] 127.0.0.1 /Admin/Works/getSection.html?val=168
INFO: [ app_init ] --START--
INFO: Run Behavior\BuildLiteBehavior [ RunTime:0.000011s ]
INFO: [ app_init ] --END-- [ RunTime:0.000072s ]

[ 2017-05-25T19:32:55+08:00 ] 127.0.0.1 /Admin/Works/comicwork.html
INFO: [ app_init ] --START--
INFO: Run Behavior\BuildLiteBehavior [ RunTime:0.000011s ]
INFO: [ app_init ] --END-- [ RunTime:0.000081s ]

[ 2017-05-25T19:32:56+08:00 ] 127.0.0.1 /Admin/Works/getSection.html?val=168
INFO: [ app_init ] --START--
INFO: Run Behavior\BuildLiteBehavior [ RunTime:0.000012s ]
INFO: [ app_init ] --END-- [ RunTime:0.000074s ]

[ 2017-05-25T19:35:26+08:00 ] 127.0.0.1 /Admin/Works/getSection.html?val=168
INFO: [ app_init ] --START--
INFO: Run Behavior\BuildLiteBehavior [ RunTime:0.000012s ]
INFO: [ app_init ] --END-- [ RunTime:0.000082s ]

[ 2017-05-25T19:35:31+08:00 ] 127.0.0.1 /Admin/Works/getSection.html?val=167
INFO: [ app_init ] --START--
INFO: Run Behavior\BuildLiteBehavior [ RunTime:0.000012s ]
INFO: [ app_init ] --END-- [ RunTime:0.000079s ]

[ 2017-05-25T19:35:34+08:00 ] 127.0.0.1 /Admin/Works/getSection.html?val=164
INFO: [ app_init ] --START--
INFO: Run Behavior\BuildLiteBehavior [ RunTime:0.000011s ]
INFO: [ app_init ] --END-- [ RunTime:0.000079s ]

[ 2017-05-25T19:35:48+08:00 ] 127.0.0.1 /Admin/Works/comicwork.html
INFO: [ app_init ] --START--
INFO: Run Behavior\BuildLiteBehavior [ RunTime:0.000012s ]
INFO: [ app_init ] --END-- [ RunTime:0.000081s ]

[ 2017-05-25T19:35:50+08:00 ] 127.0.0.1 /Admin/Works/getSection.html?val=167
INFO: [ app_init ] --START--
INFO: Run Behavior\BuildLiteBehavior [ RunTime:0.000013s ]
INFO: [ app_init ] --END-- [ RunTime:0.000155s ]

[ 2017-05-25T19:35:56+08:00 ] 127.0.0.1 /Admin/Works/getSection.html?val=168
INFO: [ app_init ] --START--
INFO: Run Behavior\BuildLiteBehavior [ RunTime:0.000004s ]
INFO: [ app_init ] --END-- [ RunTime:0.000028s ]

[ 2017-05-25T19:36:00+08:00 ] 127.0.0.1 /Admin/Works/getSection.html?val=158
INFO: [ app_init ] --START--
INFO: Run Behavior\BuildLiteBehavior [ RunTime:0.000012s ]
INFO: [ app_init ] --END-- [ RunTime:0.000080s ]

[ 2017-05-25T19:36:07+08:00 ] 127.0.0.1 /Admin/Works/getSection.html?val=153
INFO: [ app_init ] --START--
INFO: Run Behavior\BuildLiteBehavior [ RunTime:0.000007s ]
INFO: [ app_init ] --END-- [ RunTime:0.000046s ]

[ 2017-05-25T19:36:12+08:00 ] 127.0.0.1 /Admin/Works/getSection.html?val=142
INFO: [ app_init ] --START--
INFO: Run Behavior\BuildLiteBehavior [ RunTime:0.000005s ]
INFO: [ app_init ] --END-- [ RunTime:0.000036s ]

[ 2017-05-25T19:36:20+08:00 ] 127.0.0.1 /Admin/Workscheck/Checkcomic.html
INFO: [ app_init ] --START--
INFO: Run Behavior\BuildLiteBehavior [ RunTime:0.000016s ]
INFO: [ app_init ] --END-- [ RunTime:0.000117s ]
ERR: 模板不存在:./Application/Admin/View/Workscheck/Checkcomic.html

[ 2017-05-25T19:36:22+08:00 ] 127.0.0.1 /Admin/Works/comicwork.html
INFO: [ app_init ] --START--
INFO: Run Behavior\BuildLiteBehavior [ RunTime:0.000012s ]
INFO: [ app_init ] --END-- [ RunTime:0.000074s ]

[ 2017-05-25T19:36:52+08:00 ] 127.0.0.1 /Admin/Works/getSection.html?val=168
INFO: [ app_init ] --START--
INFO: Run Behavior\BuildLiteBehavior [ RunTime:0.000013s ]
INFO: [ app_init ] --END-- [ RunTime:0.000079s ]

[ 2017-05-25T19:55:33+08:00 ] 127.0.0.1 /Admin/Works/getSection.html?val=168
INFO: [ app_init ] --START--
INFO: Run Behavior\BuildLiteBehavior [ RunTime:0.000011s ]
INFO: [ app_init ] --END-- [ RunTime:0.000082s ]

[ 2017-05-25T19:56:28+08:00 ] 127.0.0.1 /Admin/Works/getSection.html?val=168
INFO: [ app_init ] --START--
INFO: Run Behavior\BuildLiteBehavior [ RunTime:0.000004s ]
INFO: [ app_init ] --END-- [ RunTime:0.000027s ]
ERR: syntax error, unexpected ')', expecting identifier (T_STRING) or variable (T_VARIABLE) or '{' or '$'

[ 2017-05-25T19:56:35+08:00 ] 127.0.0.1 /Admin/Works/comicwork.html
INFO: [ app_init ] --START--
INFO: Run Behavior\BuildLiteBehavior [ RunTime:0.000011s ]
INFO: [ app_init ] --END-- [ RunTime:0.000081s ]
ERR: syntax error, unexpected ')', expecting identifier (T_STRING) or variable (T_VARIABLE) or '{' or '$'

[ 2017-05-25T19:56:37+08:00 ] 127.0.0.1 /Admin/Works/comicwork.html
INFO: [ app_init ] --START--
INFO: Run Behavior\BuildLiteBehavior [ RunTime:0.000012s ]
INFO: [ app_init ] --END-- [ RunTime:0.000071s ]
ERR: syntax error, unexpected ')', expecting identifier (T_STRING) or variable (T_VARIABLE) or '{' or '$'

[ 2017-05-25T20:06:42+08:00 ] 127.0.0.1 /Admin/Works/comicwork.html
INFO: [ app_init ] --START--
INFO: Run Behavior\BuildLiteBehavior [ RunTime:0.000004s ]
INFO: [ app_init ] --END-- [ RunTime:0.000042s ]

[ 2017-05-25T20:06:51+08:00 ] 127.0.0.1 /Admin/Works/getSection.html?val=168
INFO: [ app_init ] --START--
INFO: Run Behavior\BuildLiteBehavior [ RunTime:0.000005s ]
INFO: [ app_init ] --END-- [ RunTime:0.000030s ]

[ 2017-05-25T20:08:16+08:00 ] 127.0.0.1 /Admin/Works/comicwork.html
INFO: [ app_init ] --START--
INFO: Run Behavior\BuildLiteBehavior [ RunTime:0.000012s ]
INFO: [ app_init ] --END-- [ RunTime:0.000079s ]

[ 2017-05-25T20:08:17+08:00 ] 127.0.0.1 /Admin/Works/getSection.html?val=168
INFO: [ app_init ] --START--
INFO: Run Behavior\BuildLiteBehavior [ RunTime:0.000014s ]
INFO: [ app_init ] --END-- [ RunTime:0.000077s ]

[ 2017-05-25T20:22:46+08:00 ] 127.0.0.1 /Admin/Works/getSection.html?val=168
INFO: [ app_init ] --START--
INFO: Run Behavior\BuildLiteBehavior [ RunTime:0.000012s ]
INFO: [ app_init ] --END-- [ RunTime:0.000085s ]
ERR: syntax error, unexpected '=>' (T_DOUBLE_ARROW), expecting ',' or ')'

[ 2017-05-25T20:22:50+08:00 ] 127.0.0.1 /Admin/Works/comicwork.html
INFO: [ app_init ] --START--
INFO: Run Behavior\BuildLiteBehavior [ RunTime:0.000004s ]
INFO: [ app_init ] --END-- [ RunTime:0.000028s ]
ERR: syntax error, unexpected '=>' (T_DOUBLE_ARROW), expecting ',' or ')'

[ 2017-05-25T20:22:52+08:00 ] 127.0.0.1 /Admin/Works/comicwork.html
INFO: [ app_init ] --START--
INFO: Run Behavior\BuildLiteBehavior [ RunTime:0.000012s ]
INFO: [ app_init ] --END-- [ RunTime:0.000074s ]
ERR: syntax error, unexpected '=>' (T_DOUBLE_ARROW), expecting ',' or ')'

[ 2017-05-25T20:23:10+08:00 ] 127.0.0.1 /Admin/Works/comicwork.html
INFO: [ app_init ] --START--
INFO: Run Behavior\BuildLiteBehavior [ RunTime:0.000011s ]
INFO: [ app_init ] --END-- [ RunTime:0.000081s ]

[ 2017-05-25T20:23:11+08:00 ] 127.0.0.1 /Admin/Works/getSection.html?val=168
INFO: [ app_init ] --START--
INFO: Run Behavior\BuildLiteBehavior [ RunTime:0.000013s ]
INFO: [ app_init ] --END-- [ RunTime:0.000074s ]

[ 2017-05-25T20:36:14+08:00 ] 127.0.0.1 /Admin/Works/comicwork.html
INFO: [ app_init ] --START--
INFO: Run Behavior\BuildLiteBehavior [ RunTime:0.000004s ]
INFO: [ app_init ] --END-- [ RunTime:0.000026s ]

[ 2017-05-25T20:36:15+08:00 ] 127.0.0.1 /Admin/Works/comicwork.html
INFO: [ app_init ] --START--
INFO: Run Behavior\BuildLiteBehavior [ RunTime:0.000011s ]
INFO: [ app_init ] --END-- [ RunTime:0.000072s ]

[ 2017-05-25T20:36:16+08:00 ] 127.0.0.1 /Admin/Works/getSection.html?val=168
INFO: [ app_init ] --START--
INFO: Run Behavior\BuildLiteBehavior [ RunTime:0.000011s ]
INFO: [ app_init ] --END-- [ RunTime:0.000070s ]

[ 2017-05-25T20:37:52+08:00 ] 127.0.0.1 /Admin/Works/getSection.html?val=168
INFO: [ app_init ] --START--
INFO: Run Behavior\BuildLiteBehavior [ RunTime:0.000005s ]
INFO: [ app_init ] --END-- [ RunTime:0.000034s ]

[ 2017-05-25T20:41:09+08:00 ] 127.0.0.1 /Admin/Works/comicwork.html
INFO: [ app_init ] --START--
INFO: Run Behavior\BuildLiteBehavior [ RunTime:0.000005s ]
INFO: [ app_init ] --END-- [ RunTime:0.000029s ]

[ 2017-05-25T20:41:10+08:00 ] 127.0.0.1 /Admin/Works/getSection.html?val=168
INFO: [ app_init ] --START--
INFO: Run Behavior\BuildLiteBehavior [ RunTime:0.000012s ]
INFO: [ app_init ] --END-- [ RunTime:0.000073s ]

[ 2017-05-25T20:41:16+08:00 ] 127.0.0.1 /Admin/Works/comicwork.html
INFO: [ app_init ] --START--
INFO: Run Behavior\BuildLiteBehavior [ RunTime:0.000012s ]
INFO: [ app_init ] --END-- [ RunTime:0.000084s ]

[ 2017-05-25T20:41:18+08:00 ] 127.0.0.1 /Admin/Works/getSection.html?val=168
INFO: [ app_init ] --START--
INFO: Run Behavior\BuildLiteBehavior [ RunTime:0.000004s ]
INFO: [ app_init ] --END-- [ RunTime:0.000025s ]

[ 2017-05-25T20:44:42+08:00 ] 127.0.0.1 /Admin/Works/comicwork.html
INFO: [ app_init ] --START--
INFO: Run Behavior\BuildLiteBehavior [ RunTime:0.000015s ]
INFO: [ app_init ] --END-- [ RunTime:0.000109s ]

[ 2017-05-25T20:44:42+08:00 ] 127.0.0.1 /Admin/Works/comicwork.html
INFO: [ app_init ] --START--
INFO: Run Behavior\BuildLiteBehavior [ RunTime:0.000004s ]
INFO: [ app_init ] --END-- [ RunTime:0.000025s ]

[ 2017-05-25T20:44:46+08:00 ] 127.0.0.1 /Admin/Works/getSection.html?val=168
INFO: [ app_init ] --START--
INFO: Run Behavior\BuildLiteBehavior [ RunTime:0.000012s ]
INFO: [ app_init ] --END-- [ RunTime:0.000084s ]

[ 2017-05-25T20:46:24+08:00 ] 127.0.0.1 /Admin/Works/comicwork.html
INFO: [ app_init ] --START--
INFO: Run Behavior\BuildLiteBehavior [ RunTime:0.000006s ]
INFO: [ app_init ] --END-- [ RunTime:0.000035s ]

[ 2017-05-25T20:46:26+08:00 ] 127.0.0.1 /Admin/Works/getSection.html?val=168
INFO: [ app_init ] --START--
INFO: Run Behavior\BuildLiteBehavior [ RunTime:0.000013s ]
INFO: [ app_init ] --END-- [ RunTime:0.000071s ]

[ 2017-05-25T20:46:28+08:00 ] 127.0.0.1 /Admin/Works/upBook.html
INFO: [ app_init ] --START--
INFO: Run Behavior\BuildLiteBehavior [ RunTime:0.000006s ]
INFO: [ app_init ] --END-- [ RunTime:0.000038s ]
ERR: 1146:Table 'play.video_createauthor' doesn't exist
 [ SQL语句 ] : SHOW COLUMNS FROM `video_createauthor`
ERR: 1146:Table 'play.video_createauthor' doesn't exist
 [ SQL语句 ] : SHOW COLUMNS FROM `video_createauthor`

[ 2017-05-25T20:46:32+08:00 ] 127.0.0.1 /Admin/Works/upBook.html
INFO: [ app_init ] --START--
INFO: Run Behavior\BuildLiteBehavior [ RunTime:0.000012s ]
INFO: [ app_init ] --END-- [ RunTime:0.000081s ]
ERR: 1146:Table 'play.video_createauthor' doesn't exist
 [ SQL语句 ] : SHOW COLUMNS FROM `video_createauthor`
ERR: 1146:Table 'play.video_createauthor' doesn't exist
 [ SQL语句 ] : SHOW COLUMNS FROM `video_createauthor`

[ 2017-05-25T20:47:38+08:00 ] 127.0.0.1 /Admin/Works/comicwork.html
INFO: [ app_init ] --START--
INFO: Run Behavior\BuildLiteBehavior [ RunTime:0.000012s ]
INFO: [ app_init ] --END-- [ RunTime:0.000081s ]

[ 2017-05-25T20:47:39+08:00 ] 127.0.0.1 /Admin/Works/getSection.html?val=168
INFO: [ app_init ] --START--
INFO: Run Behavior\BuildLiteBehavior [ RunTime:0.000012s ]
INFO: [ app_init ] --END-- [ RunTime:0.000074s ]

[ 2017-05-25T20:47:42+08:00 ] 127.0.0.1 /Admin/Works/upBook.html
INFO: [ app_init ] --START--
INFO: Run Behavior\BuildLiteBehavior [ RunTime:0.000012s ]
INFO: [ app_init ] --END-- [ RunTime:0.000078s ]
ERR: 1146:Table 'play.video_createauthor' doesn't exist
 [ SQL语句 ] : SHOW COLUMNS FROM `video_createauthor`
ERR: 1146:Table 'play.video_createauthor' doesn't exist
 [ SQL语句 ] : SHOW COLUMNS FROM `video_createauthor`

[ 2017-05-25T20:49:59+08:00 ] 127.0.0.1 /Admin/Works/getSection.html?val=168
INFO: [ app_init ] --START--
INFO: Run Behavior\BuildLiteBehavior [ RunTime:0.000004s ]
INFO: [ app_init ] --END-- [ RunTime:0.000026s ]

[ 2017-05-25T20:50:01+08:00 ] 127.0.0.1 /Admin/Works/upBook.html
INFO: [ app_init ] --START--
INFO: Run Behavior\BuildLiteBehavior [ RunTime:0.000011s ]
INFO: [ app_init ] --END-- [ RunTime:0.000070s ]
ERR: 1146:Table 'play.video_createauthor' doesn't exist
 [ SQL语句 ] : SHOW COLUMNS FROM `video_createauthor`
ERR: 1146:Table 'play.video_createauthor' doesn't exist
 [ SQL语句 ] : SHOW COLUMNS FROM `video_createauthor`

[ 2017-05-25T20:50:01+08:00 ] 127.0.0.1 /Admin/Works/upBook.html
INFO: [ app_init ] --START--
INFO: Run Behavior\BuildLiteBehavior [ RunTime:0.000010s ]
INFO: [ app_init ] --END-- [ RunTime:0.000061s ]
ERR: 1146:Table 'play.video_createauthor' doesn't exist
 [ SQL语句 ] : SHOW COLUMNS FROM `video_createauthor`
ERR: 1146:Table 'play.video_createauthor' doesn't exist
 [ SQL语句 ] : SHOW COLUMNS FROM `video_createauthor`

[ 2017-05-25T20:50:23+08:00 ] 127.0.0.1 /Admin/Works/comicwork.html
INFO: [ app_init ] --START--
INFO: Run Behavior\BuildLiteBehavior [ RunTime:0.000012s ]
INFO: [ app_init ] --END-- [ RunTime:0.000082s ]

[ 2017-05-25T20:50:24+08:00 ] 127.0.0.1 /Admin/Works/getSection.html?val=168
INFO: [ app_init ] --START--
INFO: Run Behavior\BuildLiteBehavior [ RunTime:0.000012s ]
INFO: [ app_init ] --END-- [ RunTime:0.000075s ]

[ 2017-05-25T20:50:26+08:00 ] 127.0.0.1 /Admin/Works/upBook.html
INFO: [ app_init ] --START--
INFO: Run Behavior\BuildLiteBehavior [ RunTime:0.000004s ]
INFO: [ app_init ] --END-- [ RunTime:0.000024s ]
ERR: 1146:Table 'play.video_createauthor' doesn't exist
 [ SQL语句 ] : SHOW COLUMNS FROM `video_createauthor`
ERR: 1146:Table 'play.video_createauthor' doesn't exist
 [ SQL语句 ] : SHOW COLUMNS FROM `video_createauthor`

[ 2017-05-25T20:50:37+08:00 ] 127.0.0.1 /Admin/Works/upBook.html
INFO: [ app_init ] --START--
INFO: Run Behavior\BuildLiteBehavior [ RunTime:0.000012s ]
INFO: [ app_init ] --END-- [ RunTime:0.000081s ]
ERR: 1146:Table 'play.video_createauthor' doesn't exist
 [ SQL语句 ] : SHOW COLUMNS FROM `video_createauthor`
ERR: 1146:Table 'play.video_createauthor' doesn't exist
 [ SQL语句 ] : SHOW COLUMNS FROM `video_createauthor`

[ 2017-05-25T20:50:40+08:00 ] 127.0.0.1 /Admin/Works/upBook.html
INFO: [ app_init ] --START--
INFO: Run Behavior\BuildLiteBehavior [ RunTime:0.000012s ]
INFO: [ app_init ] --END-- [ RunTime:0.000077s ]
ERR: 1146:Table 'play.video_createauthor' doesn't exist
 [ SQL语句 ] : SHOW COLUMNS FROM `video_createauthor`
ERR: 1146:Table 'play.video_createauthor' doesn't exist
 [ SQL语句 ] : SHOW COLUMNS FROM `video_createauthor`

[ 2017-05-25T20:50:45+08:00 ] 127.0.0.1 /Admin/Works/upBook.html
INFO: [ app_init ] --START--
INFO: Run Behavior\BuildLiteBehavior [ RunTime:0.000012s ]
INFO: [ app_init ] --END-- [ RunTime:0.000080s ]
ERR: 1146:Table 'play.video_createauthor' doesn't exist
 [ SQL语句 ] : SHOW COLUMNS FROM `video_createauthor`
ERR: 1146:Table 'play.video_createauthor' doesn't exist
 [ SQL语句 ] : SHOW COLUMNS FROM `video_createauthor`

[ 2017-05-25T20:50:48+08:00 ] 127.0.0.1 /Admin/Works/upBook.html
INFO: [ app_init ] --START--
INFO: Run Behavior\BuildLiteBehavior [ RunTime:0.000012s ]
INFO: [ app_init ] --END-- [ RunTime:0.000077s ]
ERR: 1146:Table 'play.video_createauthor' doesn't exist
 [ SQL语句 ] : SHOW COLUMNS FROM `video_createauthor`
ERR: 1146:Table 'play.video_createauthor' doesn't exist
 [ SQL语句 ] : SHOW COLUMNS FROM `video_createauthor`

[ 2017-05-25T20:52:04+08:00 ] 127.0.0.1 /Admin/Works/comicwork.html
INFO: [ app_init ] --START--
INFO: Run Behavior\BuildLiteBehavior [ RunTime:0.000012s ]
INFO: [ app_init ] --END-- [ RunTime:0.000092s ]

[ 2017-05-25T20:52:05+08:00 ] 127.0.0.1 /Admin/Works/getSection.html?val=168
INFO: [ app_init ] --START--
INFO: Run Behavior\BuildLiteBehavior [ RunTime:0.000004s ]
INFO: [ app_init ] --END-- [ RunTime:0.000026s ]

[ 2017-05-25T20:52:08+08:00 ] 127.0.0.1 /Admin/Works/upBook.html
INFO: [ app_init ] --START--
INFO: Run Behavior\BuildLiteBehavior [ RunTime:0.000011s ]
INFO: [ app_init ] --END-- [ RunTime:0.000082s ]
ERR: 1146:Table 'play.video_createauthor' doesn't exist
 [ SQL语句 ] : SHOW COLUMNS FROM `video_createauthor`
ERR: 1146:Table 'play.video_createauthor' doesn't exist
 [ SQL语句 ] : SHOW COLUMNS FROM `video_createauthor`

[ 2017-05-25T20:52:48+08:00 ] 127.0.0.1 /Admin/Works/comicwork.html
INFO: [ app_init ] --START--
INFO: Run Behavior\BuildLiteBehavior [ RunTime:0.000013s ]
INFO: [ app_init ] --END-- [ RunTime:0.000085s ]

[ 2017-05-25T20:52:49+08:00 ] 127.0.0.1 /Admin/Works/getSection.html?val=168
INFO: [ app_init ] --START--
INFO: Run Behavior\BuildLiteBehavior [ RunTime:0.000008s ]
INFO: [ app_init ] --END-- [ RunTime:0.000046s ]

[ 2017-05-25T20:52:52+08:00 ] 127.0.0.1 /Admin/Works/upBook.html
INFO: [ app_init ] --START--
INFO: Run Behavior\BuildLiteBehavior [ RunTime:0.000011s ]
INFO: [ app_init ] --END-- [ RunTime:0.000078s ]
ERR: 1064:You have an error in your SQL syntax; check the manual that corresponds to your MySQL server version for the right syntax to use near 'between ) AND (  1,'2' )' at line 1
 [ SQL语句 ] : UPDATE `video_createauther` SET `vipe`='1' WHERE (  between ) AND (  1,'2' )
ERR: 1064:You have an error in your SQL syntax; check the manual that corresponds to your MySQL server version for the right syntax to use near 'between ) AND (  1,'2' )' at line 1
 [ SQL语句 ] : UPDATE `video_createauther` SET `vipe`='1' WHERE (  between ) AND (  1,'2' )

